2017-04-11 16:39:29,994 [8] BntWeb.Environment.DefaultBntWebHost - (null) - Initializing [(null)]
2017-04-11 16:39:30,165 [8] BntWeb.Environment.DefaultBntWebHost - (null) - Start creation of shells [(null)]
2017-04-11 16:39:30,169 [8] BntWeb.Environment.DefaultBntWebShell - (null) - 成功加载模块系统:System [(null)]
2017-04-11 16:39:30,170 [8] BntWeb.Environment.DefaultBntWebShell - (null) - 成功加载模块后台用户:Core-SystemUsers [(null)]
2017-04-11 16:39:30,170 [8] BntWeb.Environment.DefaultBntWebShell - (null) - 成功加载模块系统管理:Core-SystemSettings [(null)]
2017-04-11 16:39:30,171 [8] BntWeb.Environment.DefaultBntWebShell - (null) - 成功加载模块系统错误:Core-Error [(null)]
2017-04-11 16:39:30,172 [8] BntWeb.Environment.DefaultBntWebShell - (null) - 成功加载模块活动管理:BntWeb-Activity [(null)]
2017-04-11 16:39:30,173 [8] BntWeb.Environment.DefaultBntWebShell - (null) - 成功加载模块评论:BntWeb-Comment [(null)]
2017-04-11 16:39:30,174 [8] BntWeb.Environment.DefaultBntWebShell - (null) - 成功加载模块配置管理:BntWeb-Config [(null)]
2017-04-11 16:39:30,175 [8] BntWeb.Environment.DefaultBntWebShell - (null) - 成功加载模块内容标记:BntWeb-ContentMarkup [(null)]
2017-04-11 16:39:30,175 [8] BntWeb.Environment.DefaultBntWebShell - (null) - 成功加载模块评价管理:BntWeb-Evaluate [(null)]
2017-04-11 16:39:30,176 [8] BntWeb.Environment.DefaultBntWebShell - (null) - 成功加载模块反馈管理:BntWeb-Feedback [(null)]
2017-04-11 16:39:30,176 [8] BntWeb.Environment.DefaultBntWebShell - (null) - 成功加载模块会员基础:BntWeb-MemberBase [(null)]
2017-04-11 16:39:30,177 [8] BntWeb.Environment.DefaultBntWebShell - (null) - 成功加载模块会员管理:BntWeb-MemberCenter [(null)]
2017-04-11 16:39:30,178 [8] BntWeb.Environment.DefaultBntWebShell - (null) - 成功加载模块支付管理:BntWeb-PaymentProcess [(null)]
2017-04-11 16:39:30,178 [8] BntWeb.Environment.DefaultBntWebShell - (null) - 成功加载模块单页管理:BntWeb-SinglePage [(null)]
2017-04-11 16:39:30,179 [8] BntWeb.Environment.DefaultBntWebShell - (null) - 成功加载模块消息中心:BntWeb-SystemMessage [(null)]
2017-04-11 16:39:30,179 [8] BntWeb.Environment.DefaultBntWebShell - (null) - 成功加载模块标签管理:BntWeb-Tag [(null)]
2017-04-11 16:39:30,180 [8] BntWeb.Environment.DefaultBntWebShell - (null) - 成功加载模块钱包管理:BntWeb-Wallet [(null)]
2017-04-11 16:39:30,181 [8] BntWeb.Environment.DefaultBntWebShell - (null) - 加载17项IRouteProvider [(null)]
2017-04-11 16:39:30,181 [8] BntWeb.Environment.DefaultBntWebShell - (null) - 加载12项IHttpRouteProvider [(null)]
2017-04-11 16:39:30,320 [8] BntWeb.Mvc.Routes.RoutePublisher - (null) - 共加载150条路由 [(null)]
2017-04-11 16:39:30,919 [8] BntWeb.Environment.DefaultBntWebHost - (null) - Initialized [(null)]
2017-04-11 16:40:30,691 [17] BntWeb.Task.BackgroundService - (null) - 开始执行后台任务 "BntWeb.Core.SystemSettings.Services.ClearLogsTask" . [(null)]
2017-04-11 16:40:30,691 [13] BntWeb.Task.BackgroundService - (null) - 开始执行后台任务 "BntWeb.Wallet.Services.WalletTask" . [(null)]
2017-04-11 16:40:30,692 [14] BntWeb.Task.BackgroundService - (null) - 开始执行后台任务 "BntWeb.Activity.Services.ActivityOperateTask" . [(null)]
2017-04-11 16:40:30,691 [22] BntWeb.Task.BackgroundService - (null) - 开始执行后台任务 "BntWeb.Core.SystemSettings.Services.ClearFilesTask" . [(null)]
2017-04-11 16:40:31,085 [22] BntWeb.Task.BackgroundService - (null) - 后台任务执行完成 "BntWeb.Core.SystemSettings.Services.ClearFilesTask" . [(null)]
2017-04-11 16:40:31,284 [13] BntWeb.Task.BackgroundService - (null) - 后台任务执行完成 "BntWeb.Wallet.Services.WalletTask" . [(null)]
2017-04-11 16:40:31,352 [14] BntWeb.Task.BackgroundService - (null) - 后台任务执行完成 "BntWeb.Activity.Services.ActivityOperateTask" . [(null)]
2017-04-11 16:40:31,950 [17] BntWeb.Task.BackgroundService - (null) - 后台任务执行完成 "BntWeb.Core.SystemSettings.Services.ClearLogsTask" . [(null)]
2017-04-11 16:41:30,683 [8] BntWeb.Task.BackgroundService - (null) - 开始执行后台任务 "BntWeb.Core.SystemSettings.Services.ClearFilesTask" . [(null)]
2017-04-11 16:41:30,683 [11] BntWeb.Task.BackgroundService - (null) - 开始执行后台任务 "BntWeb.Activity.Services.ActivityOperateTask" . [(null)]
2017-04-11 16:41:30,683 [13] BntWeb.Task.BackgroundService - (null) - 开始执行后台任务 "BntWeb.Wallet.Services.WalletTask" . [(null)]
2017-04-11 16:41:30,683 [6] BntWeb.Task.BackgroundService - (null) - 开始执行后台任务 "BntWeb.Core.SystemSettings.Services.ClearLogsTask" . [(null)]
2017-04-11 16:41:30,729 [13] BntWeb.Task.BackgroundService - (null) - 后台任务执行完成 "BntWeb.Wallet.Services.WalletTask" . [(null)]
2017-04-11 16:41:30,732 [6] BntWeb.Task.BackgroundService - (null) - 后台任务执行完成 "BntWeb.Core.SystemSettings.Services.ClearLogsTask" . [(null)]
2017-04-11 16:41:30,742 [8] BntWeb.Task.BackgroundService - (null) - 后台任务执行完成 "BntWeb.Core.SystemSettings.Services.ClearFilesTask" . [(null)]
2017-04-11 16:41:30,765 [11] BntWeb.Task.BackgroundService - (null) - 后台任务执行完成 "BntWeb.Activity.Services.ActivityOperateTask" . [(null)]
2017-04-11 16:42:30,696 [17] BntWeb.Task.BackgroundService - (null) - 开始执行后台任务 "BntWeb.Wallet.Services.WalletTask" . [(null)]
2017-04-11 16:42:30,696 [8] BntWeb.Task.BackgroundService - (null) - 开始执行后台任务 "BntWeb.Core.SystemSettings.Services.ClearLogsTask" . [(null)]
2017-04-11 16:42:30,696 [5] BntWeb.Task.BackgroundService - (null) - 开始执行后台任务 "BntWeb.Activity.Services.ActivityOperateTask" . [(null)]
2017-04-11 16:42:30,696 [6] BntWeb.Task.BackgroundService - (null) - 开始执行后台任务 "BntWeb.Core.SystemSettings.Services.ClearFilesTask" . [(null)]
2017-04-11 16:42:30,731 [17] BntWeb.Task.BackgroundService - (null) - 后台任务执行完成 "BntWeb.Wallet.Services.WalletTask" . [(null)]
2017-04-11 16:42:30,734 [8] BntWeb.Task.BackgroundService - (null) - 后台任务执行完成 "BntWeb.Core.SystemSettings.Services.ClearLogsTask" . [(null)]
2017-04-11 16:42:30,753 [6] BntWeb.Task.BackgroundService - (null) - 后台任务执行完成 "BntWeb.Core.SystemSettings.Services.ClearFilesTask" . [(null)]
2017-04-11 16:42:30,764 [5] BntWeb.Task.BackgroundService - (null) - 后台任务执行完成 "BntWeb.Activity.Services.ActivityOperateTask" . [(null)]
2017-04-11 16:43:30,710 [22] BntWeb.Task.BackgroundService - (null) - 开始执行后台任务 "BntWeb.Wallet.Services.WalletTask" . [(null)]
2017-04-11 16:43:30,711 [11] BntWeb.Task.BackgroundService - (null) - 开始执行后台任务 "BntWeb.Activity.Services.ActivityOperateTask" . [(null)]
2017-04-11 16:43:30,710 [17] BntWeb.Task.BackgroundService - (null) - 开始执行后台任务 "BntWeb.Core.SystemSettings.Services.ClearFilesTask" . [(null)]
2017-04-11 16:43:30,710 [23] BntWeb.Task.BackgroundService - (null) - 开始执行后台任务 "BntWeb.Core.SystemSettings.Services.ClearLogsTask" . [(null)]
2017-04-11 16:43:30,760 [22] BntWeb.Task.BackgroundService - (null) - 后台任务执行完成 "BntWeb.Wallet.Services.WalletTask" . [(null)]
2017-04-11 16:43:30,762 [23] BntWeb.Task.BackgroundService - (null) - 后台任务执行完成 "BntWeb.Core.SystemSettings.Services.ClearLogsTask" . [(null)]
2017-04-11 16:43:30,780 [17] BntWeb.Task.BackgroundService - (null) - 后台任务执行完成 "BntWeb.Core.SystemSettings.Services.ClearFilesTask" . [(null)]
2017-04-11 16:43:30,806 [11] BntWeb.Task.BackgroundService - (null) - 后台任务执行完成 "BntWeb.Activity.Services.ActivityOperateTask" . [(null)]
2017-04-11 16:44:30,723 [23] BntWeb.Task.BackgroundService - (null) - 开始执行后台任务 "BntWeb.Wallet.Services.WalletTask" . [(null)]
2017-04-11 16:44:30,723 [22] BntWeb.Task.BackgroundService - (null) - 开始执行后台任务 "BntWeb.Core.SystemSettings.Services.ClearFilesTask" . [(null)]
2017-04-11 16:44:30,723 [8] BntWeb.Task.BackgroundService - (null) - 开始执行后台任务 "BntWeb.Activity.Services.ActivityOperateTask" . [(null)]
2017-04-11 16:44:30,723 [17] BntWeb.Task.BackgroundService - (null) - 开始执行后台任务 "BntWeb.Core.SystemSettings.Services.ClearLogsTask" . [(null)]
2017-04-11 16:44:30,751 [23] BntWeb.Task.BackgroundService - (null) - 后台任务执行完成 "BntWeb.Wallet.Services.WalletTask" . [(null)]
2017-04-11 16:44:30,759 [17] BntWeb.Task.BackgroundService - (null) - 后台任务执行完成 "BntWeb.Core.SystemSettings.Services.ClearLogsTask" . [(null)]
2017-04-11 16:44:30,776 [22] BntWeb.Task.BackgroundService - (null) - 后台任务执行完成 "BntWeb.Core.SystemSettings.Services.ClearFilesTask" . [(null)]
2017-04-11 16:44:30,777 [8] BntWeb.Task.BackgroundService - (null) - 后台任务执行完成 "BntWeb.Activity.Services.ActivityOperateTask" . [(null)]
2017-04-11 17:05:10,862 [33] BntWeb.Environment.DefaultBntWebHost - (null) - Initializing [(null)]
2017-04-11 17:05:10,880 [33] BntWeb.Environment.DefaultBntWebHost - (null) - Start creation of shells [(null)]
2017-04-11 17:05:10,883 [33] BntWeb.Environment.DefaultBntWebShell - (null) - 成功加载模块系统:System [(null)]
2017-04-11 17:05:10,883 [33] BntWeb.Environment.DefaultBntWebShell - (null) - 成功加载模块后台用户:Core-SystemUsers [(null)]
2017-04-11 17:05:10,884 [33] BntWeb.Environment.DefaultBntWebShell - (null) - 成功加载模块系统管理:Core-SystemSettings [(null)]
2017-04-11 17:05:10,884 [33] BntWeb.Environment.DefaultBntWebShell - (null) - 成功加载模块系统错误:Core-Error [(null)]
2017-04-11 17:05:10,885 [33] BntWeb.Environment.DefaultBntWebShell - (null) - 成功加载模块活动管理:BntWeb-Activity [(null)]
2017-04-11 17:05:10,885 [33] BntWeb.Environment.DefaultBntWebShell - (null) - 成功加载模块评论:BntWeb-Comment [(null)]
2017-04-11 17:05:10,886 [33] BntWeb.Environment.DefaultBntWebShell - (null) - 成功加载模块配置管理:BntWeb-Config [(null)]
2017-04-11 17:05:10,886 [33] BntWeb.Environment.DefaultBntWebShell - (null) - 成功加载模块内容标记:BntWeb-ContentMarkup [(null)]
2017-04-11 17:05:10,886 [33] BntWeb.Environment.DefaultBntWebShell - (null) - 成功加载模块评价管理:BntWeb-Evaluate [(null)]
2017-04-11 17:05:10,887 [33] BntWeb.Environment.DefaultBntWebShell - (null) - 成功加载模块反馈管理:BntWeb-Feedback [(null)]
2017-04-11 17:05:10,888 [33] BntWeb.Environment.DefaultBntWebShell - (null) - 成功加载模块会员基础:BntWeb-MemberBase [(null)]
2017-04-11 17:05:10,888 [33] BntWeb.Environment.DefaultBntWebShell - (null) - 成功加载模块会员管理:BntWeb-MemberCenter [(null)]
2017-04-11 17:05:10,889 [33] BntWeb.Environment.DefaultBntWebShell - (null) - 成功加载模块支付管理:BntWeb-PaymentProcess [(null)]
2017-04-11 17:05:10,889 [33] BntWeb.Environment.DefaultBntWebShell - (null) - 成功加载模块单页管理:BntWeb-SinglePage [(null)]
2017-04-11 17:05:10,890 [33] BntWeb.Environment.DefaultBntWebShell - (null) - 成功加载模块消息中心:BntWeb-SystemMessage [(null)]
2017-04-11 17:05:10,890 [33] BntWeb.Environment.DefaultBntWebShell - (null) - 成功加载模块标签管理:BntWeb-Tag [(null)]
2017-04-11 17:05:10,891 [33] BntWeb.Environment.DefaultBntWebShell - (null) - 成功加载模块钱包管理:BntWeb-Wallet [(null)]
2017-04-11 17:05:10,891 [33] BntWeb.Environment.DefaultBntWebShell - (null) - 加载17项IRouteProvider [(null)]
2017-04-11 17:05:10,891 [33] BntWeb.Environment.DefaultBntWebShell - (null) - 加载12项IHttpRouteProvider [(null)]
2017-04-11 17:05:10,967 [33] BntWeb.Mvc.Routes.RoutePublisher - (null) - 共加载150条路由 [(null)]
2017-04-11 17:05:11,013 [33] BntWeb.Environment.DefaultBntWebHost - (null) - Initialized [(null)]
2017-04-11 17:06:11,004 [32] BntWeb.Task.BackgroundService - (null) - 开始执行后台任务 "BntWeb.Wallet.Services.WalletTask" . [(null)]
2017-04-11 17:06:11,004 [29] BntWeb.Task.BackgroundService - (null) - 开始执行后台任务 "BntWeb.Core.SystemSettings.Services.ClearLogsTask" . [(null)]
2017-04-11 17:06:11,004 [30] BntWeb.Task.BackgroundService - (null) - 开始执行后台任务 "BntWeb.Activity.Services.ActivityOperateTask" . [(null)]
2017-04-11 17:06:11,004 [33] BntWeb.Task.BackgroundService - (null) - 开始执行后台任务 "BntWeb.Core.SystemSettings.Services.ClearFilesTask" . [(null)]
2017-04-11 17:06:14,107 [29] BntWeb.Task.BackgroundService - (null) - 后台任务执行完成 "BntWeb.Core.SystemSettings.Services.ClearLogsTask" . [(null)]
2017-04-11 17:06:14,341 [33] BntWeb.Task.BackgroundService - (null) - 后台任务执行完成 "BntWeb.Core.SystemSettings.Services.ClearFilesTask" . [(null)]
2017-04-11 17:06:14,357 [30] BntWeb.Task.BackgroundService - (null) - 后台任务执行完成 "BntWeb.Activity.Services.ActivityOperateTask" . [(null)]
2017-04-11 17:06:14,701 [32] BntWeb.Task.BackgroundService - (null) - 后台任务执行完成 "BntWeb.Wallet.Services.WalletTask" . [(null)]
2017-04-11 17:07:11,007 [30] BntWeb.Task.BackgroundService - (null) - 开始执行后台任务 "BntWeb.Core.SystemSettings.Services.ClearFilesTask" . [(null)]
2017-04-11 17:07:11,007 [21] BntWeb.Task.BackgroundService - (null) - 开始执行后台任务 "BntWeb.Wallet.Services.WalletTask" . [(null)]
2017-04-11 17:07:11,007 [33] BntWeb.Task.BackgroundService - (null) - 开始执行后台任务 "BntWeb.Activity.Services.ActivityOperateTask" . [(null)]
2017-04-11 17:07:11,007 [31] BntWeb.Task.BackgroundService - (null) - 开始执行后台任务 "BntWeb.Core.SystemSettings.Services.ClearLogsTask" . [(null)]
2017-04-11 17:07:11,054 [31] BntWeb.Task.BackgroundService - (null) - 后台任务执行完成 "BntWeb.Core.SystemSettings.Services.ClearLogsTask" . [(null)]
2017-04-11 17:07:11,054 [21] BntWeb.Task.BackgroundService - (null) - 后台任务执行完成 "BntWeb.Wallet.Services.WalletTask" . [(null)]
2017-04-11 17:07:11,054 [30] BntWeb.Task.BackgroundService - (null) - 后台任务执行完成 "BntWeb.Core.SystemSettings.Services.ClearFilesTask" . [(null)]
2017-04-11 17:07:11,085 [33] BntWeb.Task.BackgroundService - (null) - 后台任务执行完成 "BntWeb.Activity.Services.ActivityOperateTask" . [(null)]
2017-04-11 17:08:11,020 [30] BntWeb.Task.BackgroundService - (null) - 开始执行后台任务 "BntWeb.Core.SystemSettings.Services.ClearFilesTask" . [(null)]
2017-04-11 17:08:11,020 [33] BntWeb.Task.BackgroundService - (null) - 开始执行后台任务 "BntWeb.Core.SystemSettings.Services.ClearLogsTask" . [(null)]
2017-04-11 17:08:11,020 [31] BntWeb.Task.BackgroundService - (null) - 开始执行后台任务 "BntWeb.Wallet.Services.WalletTask" . [(null)]
2017-04-11 17:08:11,020 [27] BntWeb.Task.BackgroundService - (null) - 开始执行后台任务 "BntWeb.Activity.Services.ActivityOperateTask" . [(null)]
2017-04-11 17:08:11,051 [31] BntWeb.Task.BackgroundService - (null) - 后台任务执行完成 "BntWeb.Wallet.Services.WalletTask" . [(null)]
2017-04-11 17:08:11,051 [33] BntWeb.Task.BackgroundService - (null) - 后台任务执行完成 "BntWeb.Core.SystemSettings.Services.ClearLogsTask" . [(null)]
2017-04-11 17:08:11,051 [30] BntWeb.Task.BackgroundService - (null) - 后台任务执行完成 "BntWeb.Core.SystemSettings.Services.ClearFilesTask" . [(null)]
2017-04-11 17:08:11,067 [27] BntWeb.Task.BackgroundService - (null) - 后台任务执行完成 "BntWeb.Activity.Services.ActivityOperateTask" . [(null)]
2017-04-11 17:09:11,036 [27] BntWeb.Task.BackgroundService - (null) - 开始执行后台任务 "BntWeb.Activity.Services.ActivityOperateTask" . [(null)]
2017-04-11 17:09:11,036 [31] BntWeb.Task.BackgroundService - (null) - 开始执行后台任务 "BntWeb.Core.SystemSettings.Services.ClearFilesTask" . [(null)]
2017-04-11 17:09:11,036 [25] BntWeb.Task.BackgroundService - (null) - 开始执行后台任务 "BntWeb.Core.SystemSettings.Services.ClearLogsTask" . [(null)]
2017-04-11 17:09:11,036 [26] BntWeb.Task.BackgroundService - (null) - 开始执行后台任务 "BntWeb.Wallet.Services.WalletTask" . [(null)]
2017-04-11 17:09:11,071 [25] BntWeb.Task.BackgroundService - (null) - 后台任务执行完成 "BntWeb.Core.SystemSettings.Services.ClearLogsTask" . [(null)]
2017-04-11 17:09:11,071 [31] BntWeb.Task.BackgroundService - (null) - 后台任务执行完成 "BntWeb.Core.SystemSettings.Services.ClearFilesTask" . [(null)]
2017-04-11 17:09:11,086 [27] BntWeb.Task.BackgroundService - (null) - 后台任务执行完成 "BntWeb.Activity.Services.ActivityOperateTask" . [(null)]
2017-04-11 17:09:11,362 [26] BntWeb.Task.BackgroundService - (null) - 后台任务执行完成 "BntWeb.Wallet.Services.WalletTask" . [(null)]
2017-04-11 17:10:11,041 [25] BntWeb.Task.BackgroundService - (null) - 开始执行后台任务 "BntWeb.Core.SystemSettings.Services.ClearFilesTask" . [(null)]
2017-04-11 17:10:11,041 [16] BntWeb.Task.BackgroundService - (null) - 开始执行后台任务 "BntWeb.Core.SystemSettings.Services.ClearLogsTask" . [(null)]
2017-04-11 17:10:11,041 [26] BntWeb.Task.BackgroundService - (null) - 开始执行后台任务 "BntWeb.Activity.Services.ActivityOperateTask" . [(null)]
2017-04-11 17:10:11,041 [31] BntWeb.Task.BackgroundService - (null) - 开始执行后台任务 "BntWeb.Wallet.Services.WalletTask" . [(null)]
2017-04-11 17:10:11,104 [31] BntWeb.Task.BackgroundService - (null) - 后台任务执行完成 "BntWeb.Wallet.Services.WalletTask" . [(null)]
2017-04-11 17:10:11,104 [16] BntWeb.Task.BackgroundService - (null) - 后台任务执行完成 "BntWeb.Core.SystemSettings.Services.ClearLogsTask" . [(null)]
2017-04-11 17:10:11,104 [25] BntWeb.Task.BackgroundService - (null) - 后台任务执行完成 "BntWeb.Core.SystemSettings.Services.ClearFilesTask" . [(null)]
2017-04-11 17:10:11,135 [26] BntWeb.Task.BackgroundService - (null) - 后台任务执行完成 "BntWeb.Activity.Services.ActivityOperateTask" . [(null)]
2017-04-11 17:11:11,053 [25] BntWeb.Task.BackgroundService - (null) - 开始执行后台任务 "BntWeb.Core.SystemSettings.Services.ClearFilesTask" . [(null)]
2017-04-11 17:11:11,053 [16] BntWeb.Task.BackgroundService - (null) - 开始执行后台任务 "BntWeb.Core.SystemSettings.Services.ClearLogsTask" . [(null)]
2017-04-11 17:11:11,053 [26] BntWeb.Task.BackgroundService - (null) - 开始执行后台任务 "BntWeb.Activity.Services.ActivityOperateTask" . [(null)]
2017-04-11 17:11:11,053 [23] BntWeb.Task.BackgroundService - (null) - 开始执行后台任务 "BntWeb.Wallet.Services.WalletTask" . [(null)]
2017-04-11 17:11:11,068 [16] BntWeb.Task.BackgroundService - (null) - 后台任务执行完成 "BntWeb.Core.SystemSettings.Services.ClearLogsTask" . [(null)]
2017-04-11 17:11:11,068 [23] BntWeb.Task.BackgroundService - (null) - 后台任务执行完成 "BntWeb.Wallet.Services.WalletTask" . [(null)]
2017-04-11 17:11:11,084 [25] BntWeb.Task.BackgroundService - (null) - 后台任务执行完成 "BntWeb.Core.SystemSettings.Services.ClearFilesTask" . [(null)]
2017-04-11 17:11:11,099 [26] BntWeb.Task.BackgroundService - (null) - 后台任务执行完成 "BntWeb.Activity.Services.ActivityOperateTask" . [(null)]
2017-04-11 17:12:11,063 [25] BntWeb.Task.BackgroundService - (null) - 开始执行后台任务 "BntWeb.Wallet.Services.WalletTask" . [(null)]
2017-04-11 17:12:11,063 [23] BntWeb.Task.BackgroundService - (null) - 开始执行后台任务 "BntWeb.Activity.Services.ActivityOperateTask" . [(null)]
2017-04-11 17:12:11,063 [14] BntWeb.Task.BackgroundService - (null) - 开始执行后台任务 "BntWeb.Core.SystemSettings.Services.ClearFilesTask" . [(null)]
2017-04-11 17:12:11,063 [26] BntWeb.Task.BackgroundService - (null) - 开始执行后台任务 "BntWeb.Core.SystemSettings.Services.ClearLogsTask" . [(null)]
2017-04-11 17:12:11,112 [25] BntWeb.Task.BackgroundService - (null) - 后台任务执行完成 "BntWeb.Wallet.Services.WalletTask" . [(null)]
2017-04-11 17:12:11,116 [26] BntWeb.Task.BackgroundService - (null) - 后台任务执行完成 "BntWeb.Core.SystemSettings.Services.ClearLogsTask" . [(null)]
2017-04-11 17:12:11,126 [14] BntWeb.Task.BackgroundService - (null) - 后台任务执行完成 "BntWeb.Core.SystemSettings.Services.ClearFilesTask" . [(null)]
2017-04-11 17:12:11,158 [23] BntWeb.Task.BackgroundService - (null) - 后台任务执行完成 "BntWeb.Activity.Services.ActivityOperateTask" . [(null)]
2017-04-11 17:13:11,074 [25] BntWeb.Task.BackgroundService - (null) - 开始执行后台任务 "BntWeb.Core.SystemSettings.Services.ClearFilesTask" . [(null)]
2017-04-11 17:13:11,074 [15] BntWeb.Task.BackgroundService - (null) - 开始执行后台任务 "BntWeb.Core.SystemSettings.Services.ClearLogsTask" . [(null)]
2017-04-11 17:13:11,074 [24] BntWeb.Task.BackgroundService - (null) - 开始执行后台任务 "BntWeb.Activity.Services.ActivityOperateTask" . [(null)]
2017-04-11 17:13:11,074 [23] BntWeb.Task.BackgroundService - (null) - 开始执行后台任务 "BntWeb.Wallet.Services.WalletTask" . [(null)]
2017-04-11 17:13:11,117 [23] BntWeb.Task.BackgroundService - (null) - 后台任务执行完成 "BntWeb.Wallet.Services.WalletTask" . [(null)]
2017-04-11 17:13:11,117 [15] BntWeb.Task.BackgroundService - (null) - 后台任务执行完成 "BntWeb.Core.SystemSettings.Services.ClearLogsTask" . [(null)]
2017-04-11 17:13:11,128 [25] BntWeb.Task.BackgroundService - (null) - 后台任务执行完成 "BntWeb.Core.SystemSettings.Services.ClearFilesTask" . [(null)]
2017-04-11 17:13:11,154 [24] BntWeb.Task.BackgroundService - (null) - 后台任务执行完成 "BntWeb.Activity.Services.ActivityOperateTask" . [(null)]
2017-04-11 17:14:11,075 [23] BntWeb.Task.BackgroundService - (null) - 开始执行后台任务 "BntWeb.Wallet.Services.WalletTask" . [(null)]
2017-04-11 17:14:11,075 [15] BntWeb.Task.BackgroundService - (null) - 开始执行后台任务 "BntWeb.Core.SystemSettings.Services.ClearFilesTask" . [(null)]
2017-04-11 17:14:11,075 [25] BntWeb.Task.BackgroundService - (null) - 开始执行后台任务 "BntWeb.Core.SystemSettings.Services.ClearLogsTask" . [(null)]
2017-04-11 17:14:11,075 [29] BntWeb.Task.BackgroundService - (null) - 开始执行后台任务 "BntWeb.Activity.Services.ActivityOperateTask" . [(null)]
2017-04-11 17:14:11,122 [25] BntWeb.Task.BackgroundService - (null) - 后台任务执行完成 "BntWeb.Core.SystemSettings.Services.ClearLogsTask" . [(null)]
2017-04-11 17:14:11,123 [23] BntWeb.Task.BackgroundService - (null) - 后台任务执行完成 "BntWeb.Wallet.Services.WalletTask" . [(null)]
2017-04-11 17:14:11,140 [15] BntWeb.Task.BackgroundService - (null) - 后台任务执行完成 "BntWeb.Core.SystemSettings.Services.ClearFilesTask" . [(null)]
2017-04-11 17:14:11,160 [29] BntWeb.Task.BackgroundService - (null) - 后台任务执行完成 "BntWeb.Activity.Services.ActivityOperateTask" . [(null)]
2017-04-11 17:15:11,077 [25] BntWeb.Task.BackgroundService - (null) - 开始执行后台任务 "BntWeb.Core.SystemSettings.Services.ClearFilesTask" . [(null)]
2017-04-11 17:15:11,077 [23] BntWeb.Task.BackgroundService - (null) - 开始执行后台任务 "BntWeb.Core.SystemSettings.Services.ClearLogsTask" . [(null)]
2017-04-11 17:15:11,077 [15] BntWeb.Task.BackgroundService - (null) - 开始执行后台任务 "BntWeb.Wallet.Services.WalletTask" . [(null)]
2017-04-11 17:15:11,077 [29] BntWeb.Task.BackgroundService - (null) - 开始执行后台任务 "BntWeb.Activity.Services.ActivityOperateTask" . [(null)]
2017-04-11 17:15:11,104 [23] BntWeb.Task.BackgroundService - (null) - 后台任务执行完成 "BntWeb.Core.SystemSettings.Services.ClearLogsTask" . [(null)]
2017-04-11 17:15:11,109 [15] BntWeb.Task.BackgroundService - (null) - 后台任务执行完成 "BntWeb.Wallet.Services.WalletTask" . [(null)]
2017-04-11 17:15:11,126 [25] BntWeb.Task.BackgroundService - (null) - 后台任务执行完成 "BntWeb.Core.SystemSettings.Services.ClearFilesTask" . [(null)]
2017-04-11 17:15:11,128 [29] BntWeb.Task.BackgroundService - (null) - 后台任务执行完成 "BntWeb.Activity.Services.ActivityOperateTask" . [(null)]
2017-04-11 17:16:11,091 [23] BntWeb.Task.BackgroundService - (null) - 开始执行后台任务 "BntWeb.Core.SystemSettings.Services.ClearFilesTask" . [(null)]
2017-04-11 17:16:11,091 [28] BntWeb.Task.BackgroundService - (null) - 开始执行后台任务 "BntWeb.Wallet.Services.WalletTask" . [(null)]
2017-04-11 17:16:11,091 [25] BntWeb.Task.BackgroundService - (null) - 开始执行后台任务 "BntWeb.Activity.Services.ActivityOperateTask" . [(null)]
2017-04-11 17:16:11,091 [29] BntWeb.Task.BackgroundService - (null) - 开始执行后台任务 "BntWeb.Core.SystemSettings.Services.ClearLogsTask" . [(null)]
2017-04-11 17:16:11,143 [28] BntWeb.Task.BackgroundService - (null) - 后台任务执行完成 "BntWeb.Wallet.Services.WalletTask" . [(null)]
2017-04-11 17:16:11,146 [29] BntWeb.Task.BackgroundService - (null) - 后台任务执行完成 "BntWeb.Core.SystemSettings.Services.ClearLogsTask" . [(null)]
2017-04-11 17:16:11,158 [23] BntWeb.Task.BackgroundService - (null) - 后台任务执行完成 "BntWeb.Core.SystemSettings.Services.ClearFilesTask" . [(null)]
2017-04-11 17:16:11,166 [25] BntWeb.Task.BackgroundService - (null) - 后台任务执行完成 "BntWeb.Activity.Services.ActivityOperateTask" . [(null)]
2017-04-11 17:17:11,107 [29] BntWeb.Task.BackgroundService - (null) - 开始执行后台任务 "BntWeb.Core.SystemSettings.Services.ClearLogsTask" . [(null)]
2017-04-11 17:17:11,107 [23] BntWeb.Task.BackgroundService - (null) - 开始执行后台任务 "BntWeb.Wallet.Services.WalletTask" . [(null)]
2017-04-11 17:17:11,107 [20] BntWeb.Task.BackgroundService - (null) - 开始执行后台任务 "BntWeb.Core.SystemSettings.Services.ClearFilesTask" . [(null)]
2017-04-11 17:17:11,107 [25] BntWeb.Task.BackgroundService - (null) - 开始执行后台任务 "BntWeb.Activity.Services.ActivityOperateTask" . [(null)]
2017-04-11 17:17:11,136 [23] BntWeb.Task.BackgroundService - (null) - 后台任务执行完成 "BntWeb.Wallet.Services.WalletTask" . [(null)]
2017-04-11 17:17:11,136 [29] BntWeb.Task.BackgroundService - (null) - 后台任务执行完成 "BntWeb.Core.SystemSettings.Services.ClearLogsTask" . [(null)]
2017-04-11 17:17:11,150 [20] BntWeb.Task.BackgroundService - (null) - 后台任务执行完成 "BntWeb.Core.SystemSettings.Services.ClearFilesTask" . [(null)]
2017-04-11 17:17:11,162 [25] BntWeb.Task.BackgroundService - (null) - 后台任务执行完成 "BntWeb.Activity.Services.ActivityOperateTask" . [(null)]
2017-04-11 17:18:11,121 [25] BntWeb.Task.BackgroundService - (null) - 开始执行后台任务 "BntWeb.Core.SystemSettings.Services.ClearLogsTask" . [(null)]
2017-04-11 17:18:11,121 [23] BntWeb.Task.BackgroundService - (null) - 开始执行后台任务 "BntWeb.Core.SystemSettings.Services.ClearFilesTask" . [(null)]
2017-04-11 17:18:11,122 [28] BntWeb.Task.BackgroundService - (null) - 开始执行后台任务 "BntWeb.Activity.Services.ActivityOperateTask" . [(null)]
2017-04-11 17:18:11,121 [29] BntWeb.Task.BackgroundService - (null) - 开始执行后台任务 "BntWeb.Wallet.Services.WalletTask" . [(null)]
2017-04-11 17:18:11,166 [25] BntWeb.Task.BackgroundService - (null) - 后台任务执行完成 "BntWeb.Core.SystemSettings.Services.ClearLogsTask" . [(null)]
2017-04-11 17:18:11,177 [23] BntWeb.Task.BackgroundService - (null) - 后台任务执行完成 "BntWeb.Core.SystemSettings.Services.ClearFilesTask" . [(null)]
2017-04-11 17:18:11,466 [29] BntWeb.Task.BackgroundService - (null) - 后台任务执行完成 "BntWeb.Wallet.Services.WalletTask" . [(null)]
2017-04-11 17:18:11,509 [28] BntWeb.Task.BackgroundService - (null) - 后台任务执行完成 "BntWeb.Activity.Services.ActivityOperateTask" . [(null)]
2017-04-11 17:19:11,130 [25] BntWeb.Task.BackgroundService - (null) - 开始执行后台任务 "BntWeb.Core.SystemSettings.Services.ClearFilesTask" . [(null)]
2017-04-11 17:19:11,130 [29] BntWeb.Task.BackgroundService - (null) - 开始执行后台任务 "BntWeb.Activity.Services.ActivityOperateTask" . [(null)]
2017-04-11 17:19:11,130 [28] BntWeb.Task.BackgroundService - (null) - 开始执行后台任务 "BntWeb.Wallet.Services.WalletTask" . [(null)]
2017-04-11 17:19:11,130 [9] BntWeb.Task.BackgroundService - (null) - 开始执行后台任务 "BntWeb.Core.SystemSettings.Services.ClearLogsTask" . [(null)]
2017-04-11 17:19:11,174 [28] BntWeb.Task.BackgroundService - (null) - 后台任务执行完成 "BntWeb.Wallet.Services.WalletTask" . [(null)]
2017-04-11 17:19:11,175 [9] BntWeb.Task.BackgroundService - (null) - 后台任务执行完成 "BntWeb.Core.SystemSettings.Services.ClearLogsTask" . [(null)]
2017-04-11 17:19:11,188 [25] BntWeb.Task.BackgroundService - (null) - 后台任务执行完成 "BntWeb.Core.SystemSettings.Services.ClearFilesTask" . [(null)]
2017-04-11 17:19:11,208 [29] BntWeb.Task.BackgroundService - (null) - 后台任务执行完成 "BntWeb.Activity.Services.ActivityOperateTask" . [(null)]
2017-04-11 17:20:11,140 [25] BntWeb.Task.BackgroundService - (null) - 开始执行后台任务 "BntWeb.Core.SystemSettings.Services.ClearFilesTask" . [(null)]
2017-04-11 17:20:11,140 [30] BntWeb.Task.BackgroundService - (null) - 开始执行后台任务 "BntWeb.Wallet.Services.WalletTask" . [(null)]
2017-04-11 17:20:11,140 [28] BntWeb.Task.BackgroundService - (null) - 开始执行后台任务 "BntWeb.Core.SystemSettings.Services.ClearLogsTask" . [(null)]
2017-04-11 17:20:11,140 [7] BntWeb.Task.BackgroundService - (null) - 开始执行后台任务 "BntWeb.Activity.Services.ActivityOperateTask" . [(null)]
2017-04-11 17:20:11,171 [30] BntWeb.Task.BackgroundService - (null) - 后台任务执行完成 "BntWeb.Wallet.Services.WalletTask" . [(null)]
2017-04-11 17:20:11,174 [28] BntWeb.Task.BackgroundService - (null) - 后台任务执行完成 "BntWeb.Core.SystemSettings.Services.ClearLogsTask" . [(null)]
2017-04-11 17:20:11,183 [25] BntWeb.Task.BackgroundService - (null) - 后台任务执行完成 "BntWeb.Core.SystemSettings.Services.ClearFilesTask" . [(null)]
2017-04-11 17:20:11,193 [7] BntWeb.Task.BackgroundService - (null) - 后台任务执行完成 "BntWeb.Activity.Services.ActivityOperateTask" . [(null)]
2017-04-11 17:21:11,154 [7] BntWeb.Task.BackgroundService - (null) - 开始执行后台任务 "BntWeb.Activity.Services.ActivityOperateTask" . [(null)]
2017-04-11 17:21:11,154 [28] BntWeb.Task.BackgroundService - (null) - 开始执行后台任务 "BntWeb.Wallet.Services.WalletTask" . [(null)]
2017-04-11 17:21:11,154 [9] BntWeb.Task.BackgroundService - (null) - 开始执行后台任务 "BntWeb.Core.SystemSettings.Services.ClearFilesTask" . [(null)]
2017-04-11 17:21:11,154 [30] BntWeb.Task.BackgroundService - (null) - 开始执行后台任务 "BntWeb.Core.SystemSettings.Services.ClearLogsTask" . [(null)]
2017-04-11 17:21:11,204 [30] BntWeb.Task.BackgroundService - (null) - 后台任务执行完成 "BntWeb.Core.SystemSettings.Services.ClearLogsTask" . [(null)]
2017-04-11 17:21:11,205 [28] BntWeb.Task.BackgroundService - (null) - 后台任务执行完成 "BntWeb.Wallet.Services.WalletTask" . [(null)]
2017-04-11 17:21:11,211 [9] BntWeb.Task.BackgroundService - (null) - 后台任务执行完成 "BntWeb.Core.SystemSettings.Services.ClearFilesTask" . [(null)]
2017-04-11 17:21:11,844 [7] BntWeb.Task.BackgroundService - (null) - 后台任务执行完成 "BntWeb.Activity.Services.ActivityOperateTask" . [(null)]
2017-04-11 17:22:11,168 [28] BntWeb.Task.BackgroundService - (null) - 开始执行后台任务 "BntWeb.Core.SystemSettings.Services.ClearFilesTask" . [(null)]
2017-04-11 17:22:11,168 [12] BntWeb.Task.BackgroundService - (null) - 开始执行后台任务 "BntWeb.Core.SystemSettings.Services.ClearLogsTask" . [(null)]
2017-04-11 17:22:11,170 [30] BntWeb.Task.BackgroundService - (null) - 开始执行后台任务 "BntWeb.Activity.Services.ActivityOperateTask" . [(null)]
2017-04-11 17:22:11,170 [7] BntWeb.Task.BackgroundService - (null) - 开始执行后台任务 "BntWeb.Wallet.Services.WalletTask" . [(null)]
2017-04-11 17:22:11,217 [7] BntWeb.Task.BackgroundService - (null) - 后台任务执行完成 "BntWeb.Wallet.Services.WalletTask" . [(null)]
2017-04-11 17:22:11,218 [12] BntWeb.Task.BackgroundService - (null) - 后台任务执行完成 "BntWeb.Core.SystemSettings.Services.ClearLogsTask" . [(null)]
2017-04-11 17:22:11,230 [28] BntWeb.Task.BackgroundService - (null) - 后台任务执行完成 "BntWeb.Core.SystemSettings.Services.ClearFilesTask" . [(null)]
2017-04-11 17:22:11,258 [30] BntWeb.Task.BackgroundService - (null) - 后台任务执行完成 "BntWeb.Activity.Services.ActivityOperateTask" . [(null)]
2017-04-11 17:23:11,170 [28] BntWeb.Task.BackgroundService - (null) - 开始执行后台任务 "BntWeb.Core.SystemSettings.Services.ClearFilesTask" . [(null)]
2017-04-11 17:23:11,170 [7] BntWeb.Task.BackgroundService - (null) - 开始执行后台任务 "BntWeb.Core.SystemSettings.Services.ClearLogsTask" . [(null)]
2017-04-11 17:23:11,170 [8] BntWeb.Task.BackgroundService - (null) - 开始执行后台任务 "BntWeb.Wallet.Services.WalletTask" . [(null)]
2017-04-11 17:23:11,171 [12] BntWeb.Task.BackgroundService - (null) - 开始执行后台任务 "BntWeb.Activity.Services.ActivityOperateTask" . [(null)]
2017-04-11 17:23:11,202 [8] BntWeb.Task.BackgroundService - (null) - 后台任务执行完成 "BntWeb.Wallet.Services.WalletTask" . [(null)]
2017-04-11 17:23:11,203 [7] BntWeb.Task.BackgroundService - (null) - 后台任务执行完成 "BntWeb.Core.SystemSettings.Services.ClearLogsTask" . [(null)]
2017-04-11 17:23:11,215 [28] BntWeb.Task.BackgroundService - (null) - 后台任务执行完成 "BntWeb.Core.SystemSettings.Services.ClearFilesTask" . [(null)]
2017-04-11 17:23:11,225 [12] BntWeb.Task.BackgroundService - (null) - 后台任务执行完成 "BntWeb.Activity.Services.ActivityOperateTask" . [(null)]
2017-04-11 17:24:11,170 [28] BntWeb.Task.BackgroundService - (null) - 开始执行后台任务 "BntWeb.Core.SystemSettings.Services.ClearFilesTask" . [(null)]
2017-04-11 17:24:11,170 [6] BntWeb.Task.BackgroundService - (null) - 开始执行后台任务 "BntWeb.Wallet.Services.WalletTask" . [(null)]
2017-04-11 17:24:11,170 [12] BntWeb.Task.BackgroundService - (null) - 开始执行后台任务 "BntWeb.Activity.Services.ActivityOperateTask" . [(null)]
2017-04-11 17:24:11,170 [34] BntWeb.Task.BackgroundService - (null) - 开始执行后台任务 "BntWeb.Core.SystemSettings.Services.ClearLogsTask" . [(null)]
2017-04-11 17:24:11,225 [6] BntWeb.Task.BackgroundService - (null) - 后台任务执行完成 "BntWeb.Wallet.Services.WalletTask" . [(null)]
2017-04-11 17:24:11,232 [34] BntWeb.Task.BackgroundService - (null) - 后台任务执行完成 "BntWeb.Core.SystemSettings.Services.ClearLogsTask" . [(null)]
2017-04-11 17:24:11,270 [12] BntWeb.Task.BackgroundService - (null) - 后台任务执行完成 "BntWeb.Activity.Services.ActivityOperateTask" . [(null)]
2017-04-11 17:24:11,523 [28] BntWeb.Task.BackgroundService - (null) - 后台任务执行完成 "BntWeb.Core.SystemSettings.Services.ClearFilesTask" . [(null)]
2017-04-11 17:25:11,186 [6] BntWeb.Task.BackgroundService - (null) - 开始执行后台任务 "BntWeb.Core.SystemSettings.Services.ClearFilesTask" . [(null)]
2017-04-11 17:25:11,186 [12] BntWeb.Task.BackgroundService - (null) - 开始执行后台任务 "BntWeb.Core.SystemSettings.Services.ClearLogsTask" . [(null)]
2017-04-11 17:25:11,186 [7] BntWeb.Task.BackgroundService - (null) - 开始执行后台任务 "BntWeb.Wallet.Services.WalletTask" . [(null)]
2017-04-11 17:25:11,186 [36] BntWeb.Task.BackgroundService - (null) - 开始执行后台任务 "BntWeb.Activity.Services.ActivityOperateTask" . [(null)]
2017-04-11 17:25:11,229 [7] BntWeb.Task.BackgroundService - (null) - 后台任务执行完成 "BntWeb.Wallet.Services.WalletTask" . [(null)]
2017-04-11 17:25:11,417 [12] BntWeb.Task.BackgroundService - (null) - 后台任务执行完成 "BntWeb.Core.SystemSettings.Services.ClearLogsTask" . [(null)]
2017-04-11 17:25:11,434 [6] BntWeb.Task.BackgroundService - (null) - 后台任务执行完成 "BntWeb.Core.SystemSettings.Services.ClearFilesTask" . [(null)]
2017-04-11 17:25:11,462 [36] BntWeb.Task.BackgroundService - (null) - 后台任务执行完成 "BntWeb.Activity.Services.ActivityOperateTask" . [(null)]
2017-04-11 17:26:11,199 [36] BntWeb.Task.BackgroundService - (null) - 开始执行后台任务 "BntWeb.Wallet.Services.WalletTask" . [(null)]
2017-04-11 17:26:11,199 [6] BntWeb.Task.BackgroundService - (null) - 开始执行后台任务 "BntWeb.Core.SystemSettings.Services.ClearFilesTask" . [(null)]
2017-04-11 17:26:11,201 [8] BntWeb.Task.BackgroundService - (null) - 开始执行后台任务 "BntWeb.Core.SystemSettings.Services.ClearLogsTask" . [(null)]
2017-04-11 17:26:11,201 [28] BntWeb.Task.BackgroundService - (null) - 开始执行后台任务 "BntWeb.Activity.Services.ActivityOperateTask" . [(null)]
2017-04-11 17:26:11,232 [36] BntWeb.Task.BackgroundService - (null) - 后台任务执行完成 "BntWeb.Wallet.Services.WalletTask" . [(null)]
2017-04-11 17:26:11,243 [8] BntWeb.Task.BackgroundService - (null) - 后台任务执行完成 "BntWeb.Core.SystemSettings.Services.ClearLogsTask" . [(null)]
2017-04-11 17:26:11,254 [6] BntWeb.Task.BackgroundService - (null) - 后台任务执行完成 "BntWeb.Core.SystemSettings.Services.ClearFilesTask" . [(null)]
2017-04-11 17:26:11,271 [28] BntWeb.Task.BackgroundService - (null) - 后台任务执行完成 "BntWeb.Activity.Services.ActivityOperateTask" . [(null)]
2017-04-11 17:27:11,208 [8] BntWeb.Task.BackgroundService - (null) - 开始执行后台任务 "BntWeb.Wallet.Services.WalletTask" . [(null)]
2017-04-11 17:27:11,208 [6] BntWeb.Task.BackgroundService - (null) - 开始执行后台任务 "BntWeb.Core.SystemSettings.Services.ClearFilesTask" . [(null)]
2017-04-11 17:27:11,208 [42] BntWeb.Task.BackgroundService - (null) - 开始执行后台任务 "BntWeb.Activity.Services.ActivityOperateTask" . [(null)]
2017-04-11 17:27:11,208 [41] BntWeb.Task.BackgroundService - (null) - 开始执行后台任务 "BntWeb.Core.SystemSettings.Services.ClearLogsTask" . [(null)]
2017-04-11 17:27:11,242 [8] BntWeb.Task.BackgroundService - (null) - 后台任务执行完成 "BntWeb.Wallet.Services.WalletTask" . [(null)]
2017-04-11 17:27:11,244 [41] BntWeb.Task.BackgroundService - (null) - 后台任务执行完成 "BntWeb.Core.SystemSettings.Services.ClearLogsTask" . [(null)]
2017-04-11 17:27:11,257 [6] BntWeb.Task.BackgroundService - (null) - 后台任务执行完成 "BntWeb.Core.SystemSettings.Services.ClearFilesTask" . [(null)]
2017-04-11 17:27:11,276 [42] BntWeb.Task.BackgroundService - (null) - 后台任务执行完成 "BntWeb.Activity.Services.ActivityOperateTask" . [(null)]
2017-04-11 17:28:11,219 [41] BntWeb.Task.BackgroundService - (null) - 开始执行后台任务 "BntWeb.Core.SystemSettings.Services.ClearFilesTask" . [(null)]
2017-04-11 17:28:11,219 [42] BntWeb.Task.BackgroundService - (null) - 开始执行后台任务 "BntWeb.Core.SystemSettings.Services.ClearLogsTask" . [(null)]
2017-04-11 17:28:11,219 [46] BntWeb.Task.BackgroundService - (null) - 开始执行后台任务 "BntWeb.Wallet.Services.WalletTask" . [(null)]
2017-04-11 17:28:11,219 [45] BntWeb.Task.BackgroundService - (null) - 开始执行后台任务 "BntWeb.Activity.Services.ActivityOperateTask" . [(null)]
2017-04-11 17:28:11,270 [46] BntWeb.Task.BackgroundService - (null) - 后台任务执行完成 "BntWeb.Wallet.Services.WalletTask" . [(null)]
2017-04-11 17:28:11,272 [42] BntWeb.Task.BackgroundService - (null) - 后台任务执行完成 "BntWeb.Core.SystemSettings.Services.ClearLogsTask" . [(null)]
2017-04-11 17:28:11,284 [41] BntWeb.Task.BackgroundService - (null) - 后台任务执行完成 "BntWeb.Core.SystemSettings.Services.ClearFilesTask" . [(null)]
2017-04-11 17:28:11,313 [45] BntWeb.Task.BackgroundService - (null) - 后台任务执行完成 "BntWeb.Activity.Services.ActivityOperateTask" . [(null)]
2017-04-11 17:29:11,231 [36] BntWeb.Task.BackgroundService - (null) - 开始执行后台任务 "BntWeb.Wallet.Services.WalletTask" . [(null)]
2017-04-11 17:29:11,231 [46] BntWeb.Task.BackgroundService - (null) - 开始执行后台任务 "BntWeb.Core.SystemSettings.Services.ClearFilesTask" . [(null)]
2017-04-11 17:29:11,231 [42] BntWeb.Task.BackgroundService - (null) - 开始执行后台任务 "BntWeb.Core.SystemSettings.Services.ClearLogsTask" . [(null)]
2017-04-11 17:29:11,231 [44] BntWeb.Task.BackgroundService - (null) - 开始执行后台任务 "BntWeb.Activity.Services.ActivityOperateTask" . [(null)]
2017-04-11 17:29:11,264 [36] BntWeb.Task.BackgroundService - (null) - 后台任务执行完成 "BntWeb.Wallet.Services.WalletTask" . [(null)]
2017-04-11 17:29:11,265 [42] BntWeb.Task.BackgroundService - (null) - 后台任务执行完成 "BntWeb.Core.SystemSettings.Services.ClearLogsTask" . [(null)]
2017-04-11 17:29:11,278 [46] BntWeb.Task.BackgroundService - (null) - 后台任务执行完成 "BntWeb.Core.SystemSettings.Services.ClearFilesTask" . [(null)]
2017-04-11 17:29:11,292 [44] BntWeb.Task.BackgroundService - (null) - 后台任务执行完成 "BntWeb.Activity.Services.ActivityOperateTask" . [(null)]
2017-04-11 17:30:11,245 [46] BntWeb.Task.BackgroundService - (null) - 开始执行后台任务 "BntWeb.Wallet.Services.WalletTask" . [(null)]
2017-04-11 17:30:11,245 [49] BntWeb.Task.BackgroundService - (null) - 开始执行后台任务 "BntWeb.Core.SystemSettings.Services.ClearFilesTask" . [(null)]
2017-04-11 17:30:11,247 [43] BntWeb.Task.BackgroundService - (null) - 开始执行后台任务 "BntWeb.Core.SystemSettings.Services.ClearLogsTask" . [(null)]
2017-04-11 17:30:11,247 [36] BntWeb.Task.BackgroundService - (null) - 开始执行后台任务 "BntWeb.Activity.Services.ActivityOperateTask" . [(null)]
2017-04-11 17:30:11,288 [46] BntWeb.Task.BackgroundService - (null) - 后台任务执行完成 "BntWeb.Wallet.Services.WalletTask" . [(null)]
2017-04-11 17:30:11,296 [43] BntWeb.Task.BackgroundService - (null) - 后台任务执行完成 "BntWeb.Core.SystemSettings.Services.ClearLogsTask" . [(null)]
2017-04-11 17:30:11,335 [36] BntWeb.Task.BackgroundService - (null) - 后台任务执行完成 "BntWeb.Activity.Services.ActivityOperateTask" . [(null)]
2017-04-11 17:30:11,594 [49] BntWeb.Task.BackgroundService - (null) - 后台任务执行完成 "BntWeb.Core.SystemSettings.Services.ClearFilesTask" . [(null)]
2017-04-11 17:31:11,246 [44] BntWeb.Task.BackgroundService - (null) - 开始执行后台任务 "BntWeb.Core.SystemSettings.Services.ClearFilesTask" . [(null)]
2017-04-11 17:31:11,247 [48] BntWeb.Task.BackgroundService - (null) - 开始执行后台任务 "BntWeb.Activity.Services.ActivityOperateTask" . [(null)]
2017-04-11 17:31:11,246 [51] BntWeb.Task.BackgroundService - (null) - 开始执行后台任务 "BntWeb.Core.SystemSettings.Services.ClearLogsTask" . [(null)]
2017-04-11 17:31:11,246 [43] BntWeb.Task.BackgroundService - (null) - 开始执行后台任务 "BntWeb.Wallet.Services.WalletTask" . [(null)]
2017-04-11 17:31:11,294 [51] BntWeb.Task.BackgroundService - (null) - 后台任务执行完成 "BntWeb.Core.SystemSettings.Services.ClearLogsTask" . [(null)]
2017-04-11 17:31:11,305 [44] BntWeb.Task.BackgroundService - (null) - 后台任务执行完成 "BntWeb.Core.SystemSettings.Services.ClearFilesTask" . [(null)]
2017-04-11 17:31:11,327 [48] BntWeb.Task.BackgroundService - (null) - 后台任务执行完成 "BntWeb.Activity.Services.ActivityOperateTask" . [(null)]
2017-04-11 17:31:12,187 [43] BntWeb.Task.BackgroundService - (null) - 后台任务执行完成 "BntWeb.Wallet.Services.WalletTask" . [(null)]
2017-04-11 17:32:11,246 [43] BntWeb.Task.BackgroundService - (null) - 开始执行后台任务 "BntWeb.Core.SystemSettings.Services.ClearFilesTask" . [(null)]
2017-04-11 17:32:11,246 [44] BntWeb.Task.BackgroundService - (null) - 开始执行后台任务 "BntWeb.Wallet.Services.WalletTask" . [(null)]
2017-04-11 17:32:11,246 [47] BntWeb.Task.BackgroundService - (null) - 开始执行后台任务 "BntWeb.Activity.Services.ActivityOperateTask" . [(null)]
2017-04-11 17:32:11,246 [48] BntWeb.Task.BackgroundService - (null) - 开始执行后台任务 "BntWeb.Core.SystemSettings.Services.ClearLogsTask" . [(null)]
2017-04-11 17:32:11,278 [48] BntWeb.Task.BackgroundService - (null) - 后台任务执行完成 "BntWeb.Core.SystemSettings.Services.ClearLogsTask" . [(null)]
2017-04-11 17:32:11,280 [44] BntWeb.Task.BackgroundService - (null) - 后台任务执行完成 "BntWeb.Wallet.Services.WalletTask" . [(null)]
2017-04-11 17:32:11,287 [43] BntWeb.Task.BackgroundService - (null) - 后台任务执行完成 "BntWeb.Core.SystemSettings.Services.ClearFilesTask" . [(null)]
2017-04-11 17:32:11,299 [47] BntWeb.Task.BackgroundService - (null) - 后台任务执行完成 "BntWeb.Activity.Services.ActivityOperateTask" . [(null)]
2017-04-11 17:33:11,261 [47] BntWeb.Task.BackgroundService - (null) - 开始执行后台任务 "BntWeb.Core.SystemSettings.Services.ClearLogsTask" . [(null)]
2017-04-11 17:33:11,261 [59] BntWeb.Task.BackgroundService - (null) - 开始执行后台任务 "BntWeb.Wallet.Services.WalletTask" . [(null)]
2017-04-11 17:33:11,261 [48] BntWeb.Task.BackgroundService - (null) - 开始执行后台任务 "BntWeb.Activity.Services.ActivityOperateTask" . [(null)]
2017-04-11 17:33:11,261 [57] BntWeb.Task.BackgroundService - (null) - 开始执行后台任务 "BntWeb.Core.SystemSettings.Services.ClearFilesTask" . [(null)]
2017-04-11 17:33:11,304 [47] BntWeb.Task.BackgroundService - (null) - 后台任务执行完成 "BntWeb.Core.SystemSettings.Services.ClearLogsTask" . [(null)]
2017-04-11 17:33:11,304 [59] BntWeb.Task.BackgroundService - (null) - 后台任务执行完成 "BntWeb.Wallet.Services.WalletTask" . [(null)]
2017-04-11 17:33:11,317 [57] BntWeb.Task.BackgroundService - (null) - 后台任务执行完成 "BntWeb.Core.SystemSettings.Services.ClearFilesTask" . [(null)]
2017-04-11 17:33:11,329 [48] BntWeb.Task.BackgroundService - (null) - 后台任务执行完成 "BntWeb.Activity.Services.ActivityOperateTask" . [(null)]
2017-04-11 17:34:11,273 [59] BntWeb.Task.BackgroundService - (null) - 开始执行后台任务 "BntWeb.Wallet.Services.WalletTask" . [(null)]
2017-04-11 17:34:11,273 [57] BntWeb.Task.BackgroundService - (null) - 开始执行后台任务 "BntWeb.Core.SystemSettings.Services.ClearLogsTask" . [(null)]
2017-04-11 17:34:11,273 [61] BntWeb.Task.BackgroundService - (null) - 开始执行后台任务 "BntWeb.Core.SystemSettings.Services.ClearFilesTask" . [(null)]
2017-04-11 17:34:11,273 [60] BntWeb.Task.BackgroundService - (null) - 开始执行后台任务 "BntWeb.Activity.Services.ActivityOperateTask" . [(null)]
2017-04-11 17:34:11,301 [59] BntWeb.Task.BackgroundService - (null) - 后台任务执行完成 "BntWeb.Wallet.Services.WalletTask" . [(null)]
2017-04-11 17:34:11,303 [57] BntWeb.Task.BackgroundService - (null) - 后台任务执行完成 "BntWeb.Core.SystemSettings.Services.ClearLogsTask" . [(null)]
2017-04-11 17:34:11,316 [61] BntWeb.Task.BackgroundService - (null) - 后台任务执行完成 "BntWeb.Core.SystemSettings.Services.ClearFilesTask" . [(null)]
2017-04-11 17:34:11,328 [60] BntWeb.Task.BackgroundService - (null) - 后台任务执行完成 "BntWeb.Activity.Services.ActivityOperateTask" . [(null)]
2017-04-11 17:35:11,283 [60] BntWeb.Task.BackgroundService - (null) - 开始执行后台任务 "BntWeb.Activity.Services.ActivityOperateTask" . [(null)]
2017-04-11 17:35:11,283 [62] BntWeb.Task.BackgroundService - (null) - 开始执行后台任务 "BntWeb.Wallet.Services.WalletTask" . [(null)]
2017-04-11 17:35:11,283 [61] BntWeb.Task.BackgroundService - (null) - 开始执行后台任务 "BntWeb.Core.SystemSettings.Services.ClearFilesTask" . [(null)]
2017-04-11 17:35:11,283 [57] BntWeb.Task.BackgroundService - (null) - 开始执行后台任务 "BntWeb.Core.SystemSettings.Services.ClearLogsTask" . [(null)]
2017-04-11 17:35:11,311 [62] BntWeb.Task.BackgroundService - (null) - 后台任务执行完成 "BntWeb.Wallet.Services.WalletTask" . [(null)]
2017-04-11 17:35:11,314 [57] BntWeb.Task.BackgroundService - (null) - 后台任务执行完成 "BntWeb.Core.SystemSettings.Services.ClearLogsTask" . [(null)]
2017-04-11 17:35:11,324 [61] BntWeb.Task.BackgroundService - (null) - 后台任务执行完成 "BntWeb.Core.SystemSettings.Services.ClearFilesTask" . [(null)]
2017-04-11 17:35:11,333 [60] BntWeb.Task.BackgroundService - (null) - 后台任务执行完成 "BntWeb.Activity.Services.ActivityOperateTask" . [(null)]
2017-04-11 17:36:11,293 [61] BntWeb.Task.BackgroundService - (null) - 开始执行后台任务 "BntWeb.Core.SystemSettings.Services.ClearFilesTask" . [(null)]
2017-04-11 17:36:11,293 [59] BntWeb.Task.BackgroundService - (null) - 开始执行后台任务 "BntWeb.Wallet.Services.WalletTask" . [(null)]
2017-04-11 17:36:11,293 [60] BntWeb.Task.BackgroundService - (null) - 开始执行后台任务 "BntWeb.Activity.Services.ActivityOperateTask" . [(null)]
2017-04-11 17:36:11,293 [63] BntWeb.Task.BackgroundService - (null) - 开始执行后台任务 "BntWeb.Core.SystemSettings.Services.ClearLogsTask" . [(null)]
2017-04-11 17:36:11,341 [59] BntWeb.Task.BackgroundService - (null) - 后台任务执行完成 "BntWeb.Wallet.Services.WalletTask" . [(null)]
2017-04-11 17:36:11,342 [63] BntWeb.Task.BackgroundService - (null) - 后台任务执行完成 "BntWeb.Core.SystemSettings.Services.ClearLogsTask" . [(null)]
2017-04-11 17:36:11,353 [61] BntWeb.Task.BackgroundService - (null) - 后台任务执行完成 "BntWeb.Core.SystemSettings.Services.ClearFilesTask" . [(null)]
2017-04-11 17:36:11,386 [60] BntWeb.Task.BackgroundService - (null) - 后台任务执行完成 "BntWeb.Activity.Services.ActivityOperateTask" . [(null)]
2017-04-11 17:37:11,295 [61] BntWeb.Task.BackgroundService - (null) - 开始执行后台任务 "BntWeb.Core.SystemSettings.Services.ClearLogsTask" . [(null)]
2017-04-11 17:37:11,295 [66] BntWeb.Task.BackgroundService - (null) - 开始执行后台任务 "BntWeb.Wallet.Services.WalletTask" . [(null)]
2017-04-11 17:37:11,295 [64] BntWeb.Task.BackgroundService - (null) - 开始执行后台任务 "BntWeb.Core.SystemSettings.Services.ClearFilesTask" . [(null)]
2017-04-11 17:37:11,295 [63] BntWeb.Task.BackgroundService - (null) - 开始执行后台任务 "BntWeb.Activity.Services.ActivityOperateTask" . [(null)]
2017-04-11 17:37:11,321 [66] BntWeb.Task.BackgroundService - (null) - 后台任务执行完成 "BntWeb.Wallet.Services.WalletTask" . [(null)]
2017-04-11 17:37:11,323 [61] BntWeb.Task.BackgroundService - (null) - 后台任务执行完成 "BntWeb.Core.SystemSettings.Services.ClearLogsTask" . [(null)]
2017-04-11 17:37:11,339 [64] BntWeb.Task.BackgroundService - (null) - 后台任务执行完成 "BntWeb.Core.SystemSettings.Services.ClearFilesTask" . [(null)]
2017-04-11 17:37:11,350 [63] BntWeb.Task.BackgroundService - (null) - 后台任务执行完成 "BntWeb.Activity.Services.ActivityOperateTask" . [(null)]
2017-04-11 17:38:11,309 [64] BntWeb.Task.BackgroundService - (null) - 开始执行后台任务 "BntWeb.Activity.Services.ActivityOperateTask" . [(null)]
2017-04-11 17:38:11,309 [59] BntWeb.Task.BackgroundService - (null) - 开始执行后台任务 "BntWeb.Wallet.Services.WalletTask" . [(null)]
2017-04-11 17:38:11,309 [65] BntWeb.Task.BackgroundService - (null) - 开始执行后台任务 "BntWeb.Core.SystemSettings.Services.ClearFilesTask" . [(null)]
2017-04-11 17:38:11,309 [63] BntWeb.Task.BackgroundService - (null) - 开始执行后台任务 "BntWeb.Core.SystemSettings.Services.ClearLogsTask" . [(null)]
2017-04-11 17:38:11,336 [59] BntWeb.Task.BackgroundService - (null) - 后台任务执行完成 "BntWeb.Wallet.Services.WalletTask" . [(null)]
2017-04-11 17:38:11,339 [63] BntWeb.Task.BackgroundService - (null) - 后台任务执行完成 "BntWeb.Core.SystemSettings.Services.ClearLogsTask" . [(null)]
2017-04-11 17:38:11,352 [65] BntWeb.Task.BackgroundService - (null) - 后台任务执行完成 "BntWeb.Core.SystemSettings.Services.ClearFilesTask" . [(null)]
2017-04-11 17:38:11,361 [64] BntWeb.Task.BackgroundService - (null) - 后台任务执行完成 "BntWeb.Activity.Services.ActivityOperateTask" . [(null)]
2017-04-11 17:39:11,308 [64] BntWeb.Task.BackgroundService - (null) - 开始执行后台任务 "BntWeb.Core.SystemSettings.Services.ClearLogsTask" . [(null)]
2017-04-11 17:39:11,308 [70] BntWeb.Task.BackgroundService - (null) - 开始执行后台任务 "BntWeb.Core.SystemSettings.Services.ClearFilesTask" . [(null)]
2017-04-11 17:39:11,308 [59] BntWeb.Task.BackgroundService - (null) - 开始执行后台任务 "BntWeb.Wallet.Services.WalletTask" . [(null)]
2017-04-11 17:39:11,308 [71] BntWeb.Task.BackgroundService - (null) - 开始执行后台任务 "BntWeb.Activity.Services.ActivityOperateTask" . [(null)]
2017-04-11 17:39:11,336 [64] BntWeb.Task.BackgroundService - (null) - 后台任务执行完成 "BntWeb.Core.SystemSettings.Services.ClearLogsTask" . [(null)]
2017-04-11 17:39:11,336 [59] BntWeb.Task.BackgroundService - (null) - 后台任务执行完成 "BntWeb.Wallet.Services.WalletTask" . [(null)]
2017-04-11 17:39:11,356 [70] BntWeb.Task.BackgroundService - (null) - 后台任务执行完成 "BntWeb.Core.SystemSettings.Services.ClearFilesTask" . [(null)]
2017-04-11 17:39:11,377 [71] BntWeb.Task.BackgroundService - (null) - 后台任务执行完成 "BntWeb.Activity.Services.ActivityOperateTask" . [(null)]
2017-04-11 17:40:11,325 [59] BntWeb.Task.BackgroundService - (null) - 开始执行后台任务 "BntWeb.Activity.Services.ActivityOperateTask" . [(null)]
2017-04-11 17:40:11,325 [75] BntWeb.Task.BackgroundService - (null) - 开始执行后台任务 "BntWeb.Core.SystemSettings.Services.ClearLogsTask" . [(null)]
2017-04-11 17:40:11,325 [74] BntWeb.Task.BackgroundService - (null) - 开始执行后台任务 "BntWeb.Wallet.Services.WalletTask" . [(null)]
2017-04-11 17:40:11,325 [71] BntWeb.Task.BackgroundService - (null) - 开始执行后台任务 "BntWeb.Core.SystemSettings.Services.ClearFilesTask" . [(null)]
2017-04-11 17:40:11,344 [74] BntWeb.Task.BackgroundService - (null) - 后台任务执行完成 "BntWeb.Wallet.Services.WalletTask" . [(null)]
2017-04-11 17:40:11,344 [75] BntWeb.Task.BackgroundService - (null) - 后台任务执行完成 "BntWeb.Core.SystemSettings.Services.ClearLogsTask" . [(null)]
2017-04-11 17:40:11,348 [71] BntWeb.Task.BackgroundService - (null) - 后台任务执行完成 "BntWeb.Core.SystemSettings.Services.ClearFilesTask" . [(null)]
2017-04-11 17:40:11,366 [59] BntWeb.Task.BackgroundService - (null) - 后台任务执行完成 "BntWeb.Activity.Services.ActivityOperateTask" . [(null)]
2017-04-11 17:41:11,326 [71] BntWeb.Task.BackgroundService - (null) - 开始执行后台任务 "BntWeb.Core.SystemSettings.Services.ClearFilesTask" . [(null)]
2017-04-11 17:41:11,326 [75] BntWeb.Task.BackgroundService - (null) - 开始执行后台任务 "BntWeb.Core.SystemSettings.Services.ClearLogsTask" . [(null)]
2017-04-11 17:41:11,326 [76] BntWeb.Task.BackgroundService - (null) - 开始执行后台任务 "BntWeb.Wallet.Services.WalletTask" . [(null)]
2017-04-11 17:41:11,326 [59] BntWeb.Task.BackgroundService - (null) - 开始执行后台任务 "BntWeb.Activity.Services.ActivityOperateTask" . [(null)]
2017-04-11 17:41:11,368 [76] BntWeb.Task.BackgroundService - (null) - 后台任务执行完成 "BntWeb.Wallet.Services.WalletTask" . [(null)]
2017-04-11 17:41:11,374 [75] BntWeb.Task.BackgroundService - (null) - 后台任务执行完成 "BntWeb.Core.SystemSettings.Services.ClearLogsTask" . [(null)]
2017-04-11 17:41:11,377 [71] BntWeb.Task.BackgroundService - (null) - 后台任务执行完成 "BntWeb.Core.SystemSettings.Services.ClearFilesTask" . [(null)]
2017-04-11 17:41:11,699 [59] BntWeb.Task.BackgroundService - (null) - 后台任务执行完成 "BntWeb.Activity.Services.ActivityOperateTask" . [(null)]
2017-04-11 17:42:11,335 [77] BntWeb.Task.BackgroundService - (null) - 开始执行后台任务 "BntWeb.Core.SystemSettings.Services.ClearFilesTask" . [(null)]
2017-04-11 17:42:11,335 [78] BntWeb.Task.BackgroundService - (null) - 开始执行后台任务 "BntWeb.Wallet.Services.WalletTask" . [(null)]
2017-04-11 17:42:11,335 [76] BntWeb.Task.BackgroundService - (null) - 开始执行后台任务 "BntWeb.Core.SystemSettings.Services.ClearLogsTask" . [(null)]
2017-04-11 17:42:11,336 [75] BntWeb.Task.BackgroundService - (null) - 开始执行后台任务 "BntWeb.Activity.Services.ActivityOperateTask" . [(null)]
2017-04-11 17:42:11,373 [78] BntWeb.Task.BackgroundService - (null) - 后台任务执行完成 "BntWeb.Wallet.Services.WalletTask" . [(null)]
2017-04-11 17:42:11,377 [76] BntWeb.Task.BackgroundService - (null) - 后台任务执行完成 "BntWeb.Core.SystemSettings.Services.ClearLogsTask" . [(null)]
2017-04-11 17:42:11,379 [77] BntWeb.Task.BackgroundService - (null) - 后台任务执行完成 "BntWeb.Core.SystemSettings.Services.ClearFilesTask" . [(null)]
2017-04-11 17:42:11,403 [75] BntWeb.Task.BackgroundService - (null) - 后台任务执行完成 "BntWeb.Activity.Services.ActivityOperateTask" . [(null)]
2017-04-11 17:43:11,342 [77] BntWeb.Task.BackgroundService - (null) - 开始执行后台任务 "BntWeb.Activity.Services.ActivityOperateTask" . [(null)]
2017-04-11 17:43:11,342 [73] BntWeb.Task.BackgroundService - (null) - 开始执行后台任务 "BntWeb.Core.SystemSettings.Services.ClearLogsTask" . [(null)]
2017-04-11 17:43:11,342 [75] BntWeb.Task.BackgroundService - (null) - 开始执行后台任务 "BntWeb.Core.SystemSettings.Services.ClearFilesTask" . [(null)]
2017-04-11 17:43:11,342 [71] BntWeb.Task.BackgroundService - (null) - 开始执行后台任务 "BntWeb.Wallet.Services.WalletTask" . [(null)]
2017-04-11 17:43:11,393 [71] BntWeb.Task.BackgroundService - (null) - 后台任务执行完成 "BntWeb.Wallet.Services.WalletTask" . [(null)]
2017-04-11 17:43:11,395 [73] BntWeb.Task.BackgroundService - (null) - 后台任务执行完成 "BntWeb.Core.SystemSettings.Services.ClearLogsTask" . [(null)]
2017-04-11 17:43:11,409 [75] BntWeb.Task.BackgroundService - (null) - 后台任务执行完成 "BntWeb.Core.SystemSettings.Services.ClearFilesTask" . [(null)]
2017-04-11 17:43:11,430 [77] BntWeb.Task.BackgroundService - (null) - 后台任务执行完成 "BntWeb.Activity.Services.ActivityOperateTask" . [(null)]
2017-04-11 17:44:11,356 [59] BntWeb.Task.BackgroundService - (null) - 开始执行后台任务 "BntWeb.Core.SystemSettings.Services.ClearFilesTask" . [(null)]
2017-04-11 17:44:11,356 [76] BntWeb.Task.BackgroundService - (null) - 开始执行后台任务 "BntWeb.Activity.Services.ActivityOperateTask" . [(null)]
2017-04-11 17:44:11,356 [78] BntWeb.Task.BackgroundService - (null) - 开始执行后台任务 "BntWeb.Wallet.Services.WalletTask" . [(null)]
2017-04-11 17:44:11,356 [74] BntWeb.Task.BackgroundService - (null) - 开始执行后台任务 "BntWeb.Core.SystemSettings.Services.ClearLogsTask" . [(null)]
2017-04-11 17:44:11,418 [78] BntWeb.Task.BackgroundService - (null) - 后台任务执行完成 "BntWeb.Wallet.Services.WalletTask" . [(null)]
2017-04-11 17:44:11,420 [74] BntWeb.Task.BackgroundService - (null) - 后台任务执行完成 "BntWeb.Core.SystemSettings.Services.ClearLogsTask" . [(null)]
2017-04-11 17:44:11,448 [76] BntWeb.Task.BackgroundService - (null) - 后台任务执行完成 "BntWeb.Activity.Services.ActivityOperateTask" . [(null)]
2017-04-11 17:44:11,599 [59] BntWeb.Task.BackgroundService - (null) - 后台任务执行完成 "BntWeb.Core.SystemSettings.Services.ClearFilesTask" . [(null)]
2017-04-11 17:45:11,372 [76] BntWeb.Task.BackgroundService - (null) - 开始执行后台任务 "BntWeb.Core.SystemSettings.Services.ClearFilesTask" . [(null)]
2017-04-11 17:45:11,373 [72] BntWeb.Task.BackgroundService - (null) - 开始执行后台任务 "BntWeb.Core.SystemSettings.Services.ClearLogsTask" . [(null)]
2017-04-11 17:45:11,373 [71] BntWeb.Task.BackgroundService - (null) - 开始执行后台任务 "BntWeb.Activity.Services.ActivityOperateTask" . [(null)]
2017-04-11 17:45:11,372 [75] BntWeb.Task.BackgroundService - (null) - 开始执行后台任务 "BntWeb.Wallet.Services.WalletTask" . [(null)]
2017-04-11 17:45:11,419 [75] BntWeb.Task.BackgroundService - (null) - 后台任务执行完成 "BntWeb.Wallet.Services.WalletTask" . [(null)]
2017-04-11 17:45:11,426 [72] BntWeb.Task.BackgroundService - (null) - 后台任务执行完成 "BntWeb.Core.SystemSettings.Services.ClearLogsTask" . [(null)]
2017-04-11 17:45:11,434 [76] BntWeb.Task.BackgroundService - (null) - 后台任务执行完成 "BntWeb.Core.SystemSettings.Services.ClearFilesTask" . [(null)]
2017-04-11 17:45:11,464 [71] BntWeb.Task.BackgroundService - (null) - 后台任务执行完成 "BntWeb.Activity.Services.ActivityOperateTask" . [(null)]
2017-04-11 17:46:11,388 [78] BntWeb.Task.BackgroundService - (null) - 开始执行后台任务 "BntWeb.Wallet.Services.WalletTask" . [(null)]
2017-04-11 17:46:11,388 [75] BntWeb.Task.BackgroundService - (null) - 开始执行后台任务 "BntWeb.Core.SystemSettings.Services.ClearLogsTask" . [(null)]
2017-04-11 17:46:11,388 [72] BntWeb.Task.BackgroundService - (null) - 开始执行后台任务 "BntWeb.Activity.Services.ActivityOperateTask" . [(null)]
2017-04-11 17:46:11,388 [71] BntWeb.Task.BackgroundService - (null) - 开始执行后台任务 "BntWeb.Core.SystemSettings.Services.ClearFilesTask" . [(null)]
2017-04-11 17:46:11,417 [78] BntWeb.Task.BackgroundService - (null) - 后台任务执行完成 "BntWeb.Wallet.Services.WalletTask" . [(null)]
2017-04-11 17:46:11,419 [75] BntWeb.Task.BackgroundService - (null) - 后台任务执行完成 "BntWeb.Core.SystemSettings.Services.ClearLogsTask" . [(null)]
2017-04-11 17:46:11,431 [71] BntWeb.Task.BackgroundService - (null) - 后台任务执行完成 "BntWeb.Core.SystemSettings.Services.ClearFilesTask" . [(null)]
2017-04-11 17:46:11,439 [72] BntWeb.Task.BackgroundService - (null) - 后台任务执行完成 "BntWeb.Activity.Services.ActivityOperateTask" . [(null)]
2017-04-11 17:47:11,389 [78] BntWeb.Task.BackgroundService - (null) - 开始执行后台任务 "BntWeb.Core.SystemSettings.Services.ClearFilesTask" . [(null)]
2017-04-11 17:47:11,389 [74] BntWeb.Task.BackgroundService - (null) - 开始执行后台任务 "BntWeb.Core.SystemSettings.Services.ClearLogsTask" . [(null)]
2017-04-11 17:47:11,389 [73] BntWeb.Task.BackgroundService - (null) - 开始执行后台任务 "BntWeb.Activity.Services.ActivityOperateTask" . [(null)]
2017-04-11 17:47:11,389 [71] BntWeb.Task.BackgroundService - (null) - 开始执行后台任务 "BntWeb.Wallet.Services.WalletTask" . [(null)]
2017-04-11 17:47:11,435 [71] BntWeb.Task.BackgroundService - (null) - 后台任务执行完成 "BntWeb.Wallet.Services.WalletTask" . [(null)]
2017-04-11 17:47:11,436 [74] BntWeb.Task.BackgroundService - (null) - 后台任务执行完成 "BntWeb.Core.SystemSettings.Services.ClearLogsTask" . [(null)]
2017-04-11 17:47:11,446 [78] BntWeb.Task.BackgroundService - (null) - 后台任务执行完成 "BntWeb.Core.SystemSettings.Services.ClearFilesTask" . [(null)]
2017-04-11 17:47:11,464 [73] BntWeb.Task.BackgroundService - (null) - 后台任务执行完成 "BntWeb.Activity.Services.ActivityOperateTask" . [(null)]
2017-04-11 17:48:11,393 [74] BntWeb.Task.BackgroundService - (null) - 开始执行后台任务 "BntWeb.Core.SystemSettings.Services.ClearLogsTask" . [(null)]
2017-04-11 17:48:11,393 [71] BntWeb.Task.BackgroundService - (null) - 开始执行后台任务 "BntWeb.Core.SystemSettings.Services.ClearFilesTask" . [(null)]
2017-04-11 17:48:11,393 [72] BntWeb.Task.BackgroundService - (null) - 开始执行后台任务 "BntWeb.Wallet.Services.WalletTask" . [(null)]
2017-04-11 17:48:11,393 [75] BntWeb.Task.BackgroundService - (null) - 开始执行后台任务 "BntWeb.Activity.Services.ActivityOperateTask" . [(null)]
2017-04-11 17:48:11,418 [74] BntWeb.Task.BackgroundService - (null) - 后台任务执行完成 "BntWeb.Core.SystemSettings.Services.ClearLogsTask" . [(null)]
2017-04-11 17:48:11,420 [72] BntWeb.Task.BackgroundService - (null) - 后台任务执行完成 "BntWeb.Wallet.Services.WalletTask" . [(null)]
2017-04-11 17:48:11,445 [71] BntWeb.Task.BackgroundService - (null) - 后台任务执行完成 "BntWeb.Core.SystemSettings.Services.ClearFilesTask" . [(null)]
2017-04-11 17:48:11,447 [75] BntWeb.Task.BackgroundService - (null) - 后台任务执行完成 "BntWeb.Activity.Services.ActivityOperateTask" . [(null)]
2017-04-11 17:49:11,404 [71] BntWeb.Task.BackgroundService - (null) - 开始执行后台任务 "BntWeb.Core.SystemSettings.Services.ClearLogsTask" . [(null)]
2017-04-11 17:49:11,404 [75] BntWeb.Task.BackgroundService - (null) - 开始执行后台任务 "BntWeb.Wallet.Services.WalletTask" . [(null)]
2017-04-11 17:49:11,404 [59] BntWeb.Task.BackgroundService - (null) - 开始执行后台任务 "BntWeb.Activity.Services.ActivityOperateTask" . [(null)]
2017-04-11 17:49:11,404 [78] BntWeb.Task.BackgroundService - (null) - 开始执行后台任务 "BntWeb.Core.SystemSettings.Services.ClearFilesTask" . [(null)]
2017-04-11 17:49:11,437 [75] BntWeb.Task.BackgroundService - (null) - 后台任务执行完成 "BntWeb.Wallet.Services.WalletTask" . [(null)]
2017-04-11 17:49:11,440 [71] BntWeb.Task.BackgroundService - (null) - 后台任务执行完成 "BntWeb.Core.SystemSettings.Services.ClearLogsTask" . [(null)]
2017-04-11 17:49:11,458 [78] BntWeb.Task.BackgroundService - (null) - 后台任务执行完成 "BntWeb.Core.SystemSettings.Services.ClearFilesTask" . [(null)]
2017-04-11 17:49:11,472 [59] BntWeb.Task.BackgroundService - (null) - 后台任务执行完成 "BntWeb.Activity.Services.ActivityOperateTask" . [(null)]
2017-04-11 17:50:11,406 [59] BntWeb.Task.BackgroundService - (null) - 开始执行后台任务 "BntWeb.Core.SystemSettings.Services.ClearFilesTask" . [(null)]
2017-04-11 17:50:11,406 [73] BntWeb.Task.BackgroundService - (null) - 开始执行后台任务 "BntWeb.Activity.Services.ActivityOperateTask" . [(null)]
2017-04-11 17:50:11,406 [77] BntWeb.Task.BackgroundService - (null) - 开始执行后台任务 "BntWeb.Wallet.Services.WalletTask" . [(null)]
2017-04-11 17:50:11,406 [78] BntWeb.Task.BackgroundService - (null) - 开始执行后台任务 "BntWeb.Core.SystemSettings.Services.ClearLogsTask" . [(null)]
2017-04-11 17:50:11,434 [77] BntWeb.Task.BackgroundService - (null) - 后台任务执行完成 "BntWeb.Wallet.Services.WalletTask" . [(null)]
2017-04-11 17:50:11,438 [78] BntWeb.Task.BackgroundService - (null) - 后台任务执行完成 "BntWeb.Core.SystemSettings.Services.ClearLogsTask" . [(null)]
2017-04-11 17:50:11,460 [59] BntWeb.Task.BackgroundService - (null) - 后台任务执行完成 "BntWeb.Core.SystemSettings.Services.ClearFilesTask" . [(null)]
2017-04-11 17:50:11,465 [73] BntWeb.Task.BackgroundService - (null) - 后台任务执行完成 "BntWeb.Activity.Services.ActivityOperateTask" . [(null)]
2017-04-11 17:51:11,421 [78] BntWeb.Task.BackgroundService - (null) - 开始执行后台任务 "BntWeb.Core.SystemSettings.Services.ClearLogsTask" . [(null)]
2017-04-11 17:51:11,421 [72] BntWeb.Task.BackgroundService - (null) - 开始执行后台任务 "BntWeb.Wallet.Services.WalletTask" . [(null)]
2017-04-11 17:51:11,421 [74] BntWeb.Task.BackgroundService - (null) - 开始执行后台任务 "BntWeb.Core.SystemSettings.Services.ClearFilesTask" . [(null)]
2017-04-11 17:51:11,421 [76] BntWeb.Task.BackgroundService - (null) - 开始执行后台任务 "BntWeb.Activity.Services.ActivityOperateTask" . [(null)]
2017-04-11 17:51:11,457 [72] BntWeb.Task.BackgroundService - (null) - 后台任务执行完成 "BntWeb.Wallet.Services.WalletTask" . [(null)]
2017-04-11 17:51:11,487 [74] BntWeb.Task.BackgroundService - (null) - 后台任务执行完成 "BntWeb.Core.SystemSettings.Services.ClearFilesTask" . [(null)]
2017-04-11 17:51:11,488 [76] BntWeb.Task.BackgroundService - (null) - 后台任务执行完成 "BntWeb.Activity.Services.ActivityOperateTask" . [(null)]
2017-04-11 17:51:11,751 [78] BntWeb.Task.BackgroundService - (null) - 后台任务执行完成 "BntWeb.Core.SystemSettings.Services.ClearLogsTask" . [(null)]
2017-04-11 17:52:11,433 [76] BntWeb.Task.BackgroundService - (null) - 开始执行后台任务 "BntWeb.Core.SystemSettings.Services.ClearFilesTask" . [(null)]
2017-04-11 17:52:11,433 [73] BntWeb.Task.BackgroundService - (null) - 开始执行后台任务 "BntWeb.Activity.Services.ActivityOperateTask" . [(null)]
2017-04-11 17:52:11,433 [71] BntWeb.Task.BackgroundService - (null) - 开始执行后台任务 "BntWeb.Wallet.Services.WalletTask" . [(null)]
2017-04-11 17:52:11,433 [75] BntWeb.Task.BackgroundService - (null) - 开始执行后台任务 "BntWeb.Core.SystemSettings.Services.ClearLogsTask" . [(null)]
2017-04-11 17:52:11,461 [71] BntWeb.Task.BackgroundService - (null) - 后台任务执行完成 "BntWeb.Wallet.Services.WalletTask" . [(null)]
2017-04-11 17:52:11,466 [75] BntWeb.Task.BackgroundService - (null) - 后台任务执行完成 "BntWeb.Core.SystemSettings.Services.ClearLogsTask" . [(null)]
2017-04-11 17:52:11,477 [76] BntWeb.Task.BackgroundService - (null) - 后台任务执行完成 "BntWeb.Core.SystemSettings.Services.ClearFilesTask" . [(null)]
2017-04-11 17:52:11,489 [73] BntWeb.Task.BackgroundService - (null) - 后台任务执行完成 "BntWeb.Activity.Services.ActivityOperateTask" . [(null)]
2017-04-11 17:53:11,449 [77] BntWeb.Task.BackgroundService - (null) - 开始执行后台任务 "BntWeb.Core.SystemSettings.Services.ClearLogsTask" . [(null)]
2017-04-11 17:53:11,449 [59] BntWeb.Task.BackgroundService - (null) - 开始执行后台任务 "BntWeb.Wallet.Services.WalletTask" . [(null)]
2017-04-11 17:53:11,449 [74] BntWeb.Task.BackgroundService - (null) - 开始执行后台任务 "BntWeb.Activity.Services.ActivityOperateTask" . [(null)]
2017-04-11 17:53:11,449 [73] BntWeb.Task.BackgroundService - (null) - 开始执行后台任务 "BntWeb.Core.SystemSettings.Services.ClearFilesTask" . [(null)]
2017-04-11 17:53:11,478 [77] BntWeb.Task.BackgroundService - (null) - 后台任务执行完成 "BntWeb.Core.SystemSettings.Services.ClearLogsTask" . [(null)]
2017-04-11 17:53:11,482 [59] BntWeb.Task.BackgroundService - (null) - 后台任务执行完成 "BntWeb.Wallet.Services.WalletTask" . [(null)]
2017-04-11 17:53:11,495 [73] BntWeb.Task.BackgroundService - (null) - 后台任务执行完成 "BntWeb.Core.SystemSettings.Services.ClearFilesTask" . [(null)]
2017-04-11 17:53:11,504 [74] BntWeb.Task.BackgroundService - (null) - 后台任务执行完成 "BntWeb.Activity.Services.ActivityOperateTask" . [(null)]
2017-04-11 17:54:11,450 [72] BntWeb.Task.BackgroundService - (null) - 开始执行后台任务 "BntWeb.Wallet.Services.WalletTask" . [(null)]
2017-04-11 17:54:11,450 [78] BntWeb.Task.BackgroundService - (null) - 开始执行后台任务 "BntWeb.Core.SystemSettings.Services.ClearFilesTask" . [(null)]
2017-04-11 17:54:11,451 [73] BntWeb.Task.BackgroundService - (null) - 开始执行后台任务 "BntWeb.Activity.Services.ActivityOperateTask" . [(null)]
2017-04-11 17:54:11,451 [74] BntWeb.Task.BackgroundService - (null) - 开始执行后台任务 "BntWeb.Core.SystemSettings.Services.ClearLogsTask" . [(null)]
2017-04-11 17:54:11,484 [72] BntWeb.Task.BackgroundService - (null) - 后台任务执行完成 "BntWeb.Wallet.Services.WalletTask" . [(null)]
2017-04-11 17:54:11,485 [74] BntWeb.Task.BackgroundService - (null) - 后台任务执行完成 "BntWeb.Core.SystemSettings.Services.ClearLogsTask" . [(null)]
2017-04-11 17:54:11,499 [78] BntWeb.Task.BackgroundService - (null) - 后台任务执行完成 "BntWeb.Core.SystemSettings.Services.ClearFilesTask" . [(null)]
2017-04-11 17:54:11,511 [73] BntWeb.Task.BackgroundService - (null) - 后台任务执行完成 "BntWeb.Activity.Services.ActivityOperateTask" . [(null)]
2017-04-11 17:55:11,467 [71] BntWeb.Task.BackgroundService - (null) - 开始执行后台任务 "BntWeb.Core.SystemSettings.Services.ClearLogsTask" . [(null)]
2017-04-11 17:55:11,467 [73] BntWeb.Task.BackgroundService - (null) - 开始执行后台任务 "BntWeb.Core.SystemSettings.Services.ClearFilesTask" . [(null)]
2017-04-11 17:55:11,467 [74] BntWeb.Task.BackgroundService - (null) - 开始执行后台任务 "BntWeb.Wallet.Services.WalletTask" . [(null)]
2017-04-11 17:55:11,467 [78] BntWeb.Task.BackgroundService - (null) - 开始执行后台任务 "BntWeb.Activity.Services.ActivityOperateTask" . [(null)]
2017-04-11 17:55:11,496 [74] BntWeb.Task.BackgroundService - (null) - 后台任务执行完成 "BntWeb.Wallet.Services.WalletTask" . [(null)]
2017-04-11 17:55:11,497 [71] BntWeb.Task.BackgroundService - (null) - 后台任务执行完成 "BntWeb.Core.SystemSettings.Services.ClearLogsTask" . [(null)]
2017-04-11 17:55:11,515 [73] BntWeb.Task.BackgroundService - (null) - 后台任务执行完成 "BntWeb.Core.SystemSettings.Services.ClearFilesTask" . [(null)]
2017-04-11 17:55:11,527 [78] BntWeb.Task.BackgroundService - (null) - 后台任务执行完成 "BntWeb.Activity.Services.ActivityOperateTask" . [(null)]
2017-04-11 17:56:11,481 [74] BntWeb.Task.BackgroundService - (null) - 开始执行后台任务 "BntWeb.Wallet.Services.WalletTask" . [(null)]
2017-04-11 17:56:11,482 [72] BntWeb.Task.BackgroundService - (null) - 开始执行后台任务 "BntWeb.Core.SystemSettings.Services.ClearFilesTask" . [(null)]
2017-04-11 17:56:11,482 [73] BntWeb.Task.BackgroundService - (null) - 开始执行后台任务 "BntWeb.Core.SystemSettings.Services.ClearLogsTask" . [(null)]
2017-04-11 17:56:11,482 [71] BntWeb.Task.BackgroundService - (null) - 开始执行后台任务 "BntWeb.Activity.Services.ActivityOperateTask" . [(null)]
2017-04-11 17:56:11,523 [74] BntWeb.Task.BackgroundService - (null) - 后台任务执行完成 "BntWeb.Wallet.Services.WalletTask" . [(null)]
2017-04-11 17:56:11,540 [73] BntWeb.Task.BackgroundService - (null) - 后台任务执行完成 "BntWeb.Core.SystemSettings.Services.ClearLogsTask" . [(null)]
2017-04-11 17:56:11,553 [72] BntWeb.Task.BackgroundService - (null) - 后台任务执行完成 "BntWeb.Core.SystemSettings.Services.ClearFilesTask" . [(null)]
2017-04-11 17:56:11,576 [71] BntWeb.Task.BackgroundService - (null) - 后台任务执行完成 "BntWeb.Activity.Services.ActivityOperateTask" . [(null)]
2017-04-11 17:57:11,481 [77] BntWeb.Task.BackgroundService - (null) - 开始执行后台任务 "BntWeb.Core.SystemSettings.Services.ClearLogsTask" . [(null)]
2017-04-11 17:57:11,481 [72] BntWeb.Task.BackgroundService - (null) - 开始执行后台任务 "BntWeb.Activity.Services.ActivityOperateTask" . [(null)]
2017-04-11 17:57:11,481 [59] BntWeb.Task.BackgroundService - (null) - 开始执行后台任务 "BntWeb.Wallet.Services.WalletTask" . [(null)]
2017-04-11 17:57:11,481 [54] BntWeb.Task.BackgroundService - (null) - 开始执行后台任务 "BntWeb.Core.SystemSettings.Services.ClearFilesTask" . [(null)]
2017-04-11 17:57:11,508 [77] BntWeb.Task.BackgroundService - (null) - 后台任务执行完成 "BntWeb.Core.SystemSettings.Services.ClearLogsTask" . [(null)]
2017-04-11 17:57:11,511 [59] BntWeb.Task.BackgroundService - (null) - 后台任务执行完成 "BntWeb.Wallet.Services.WalletTask" . [(null)]
2017-04-11 17:57:11,523 [54] BntWeb.Task.BackgroundService - (null) - 后台任务执行完成 "BntWeb.Core.SystemSettings.Services.ClearFilesTask" . [(null)]
2017-04-11 17:57:11,533 [72] BntWeb.Task.BackgroundService - (null) - 后台任务执行完成 "BntWeb.Activity.Services.ActivityOperateTask" . [(null)]
2017-04-11 17:58:11,482 [73] BntWeb.Task.BackgroundService - (null) - 开始执行后台任务 "BntWeb.Activity.Services.ActivityOperateTask" . [(null)]
2017-04-11 17:58:11,482 [75] BntWeb.Task.BackgroundService - (null) - 开始执行后台任务 "BntWeb.Core.SystemSettings.Services.ClearFilesTask" . [(null)]
2017-04-11 17:58:11,482 [76] BntWeb.Task.BackgroundService - (null) - 开始执行后台任务 "BntWeb.Wallet.Services.WalletTask" . [(null)]
2017-04-11 17:58:11,482 [71] BntWeb.Task.BackgroundService - (null) - 开始执行后台任务 "BntWeb.Core.SystemSettings.Services.ClearLogsTask" . [(null)]
2017-04-11 17:58:11,513 [71] BntWeb.Task.BackgroundService - (null) - 后台任务执行完成 "BntWeb.Core.SystemSettings.Services.ClearLogsTask" . [(null)]
2017-04-11 17:58:11,513 [76] BntWeb.Task.BackgroundService - (null) - 后台任务执行完成 "BntWeb.Wallet.Services.WalletTask" . [(null)]
2017-04-11 17:58:11,528 [75] BntWeb.Task.BackgroundService - (null) - 后台任务执行完成 "BntWeb.Core.SystemSettings.Services.ClearFilesTask" . [(null)]
2017-04-11 17:58:11,539 [73] BntWeb.Task.BackgroundService - (null) - 后台任务执行完成 "BntWeb.Activity.Services.ActivityOperateTask" . [(null)]
2017-04-11 17:59:11,482 [72] BntWeb.Task.BackgroundService - (null) - 开始执行后台任务 "BntWeb.Wallet.Services.WalletTask" . [(null)]
2017-04-11 17:59:11,482 [74] BntWeb.Task.BackgroundService - (null) - 开始执行后台任务 "BntWeb.Activity.Services.ActivityOperateTask" . [(null)]
2017-04-11 17:59:11,482 [71] BntWeb.Task.BackgroundService - (null) - 开始执行后台任务 "BntWeb.Core.SystemSettings.Services.ClearFilesTask" . [(null)]
2017-04-11 17:59:11,482 [76] BntWeb.Task.BackgroundService - (null) - 开始执行后台任务 "BntWeb.Core.SystemSettings.Services.ClearLogsTask" . [(null)]
2017-04-11 17:59:11,505 [72] BntWeb.Task.BackgroundService - (null) - 后台任务执行完成 "BntWeb.Wallet.Services.WalletTask" . [(null)]
2017-04-11 17:59:11,511 [76] BntWeb.Task.BackgroundService - (null) - 后台任务执行完成 "BntWeb.Core.SystemSettings.Services.ClearLogsTask" . [(null)]
2017-04-11 17:59:11,528 [71] BntWeb.Task.BackgroundService - (null) - 后台任务执行完成 "BntWeb.Core.SystemSettings.Services.ClearFilesTask" . [(null)]
2017-04-11 17:59:11,538 [74] BntWeb.Task.BackgroundService - (null) - 后台任务执行完成 "BntWeb.Activity.Services.ActivityOperateTask" . [(null)]
2017-04-11 18:00:11,495 [59] BntWeb.Task.BackgroundService - (null) - 开始执行后台任务 "BntWeb.Core.SystemSettings.Services.ClearFilesTask" . [(null)]
2017-04-11 18:00:11,495 [75] BntWeb.Task.BackgroundService - (null) - 开始执行后台任务 "BntWeb.Activity.Services.ActivityOperateTask" . [(null)]
2017-04-11 18:00:11,495 [71] BntWeb.Task.BackgroundService - (null) - 开始执行后台任务 "BntWeb.Wallet.Services.WalletTask" . [(null)]
2017-04-11 18:00:11,495 [74] BntWeb.Task.BackgroundService - (null) - 开始执行后台任务 "BntWeb.Core.SystemSettings.Services.ClearLogsTask" . [(null)]
2017-04-11 18:00:11,546 [74] BntWeb.Task.BackgroundService - (null) - 后台任务执行完成 "BntWeb.Core.SystemSettings.Services.ClearLogsTask" . [(null)]
2017-04-11 18:00:11,559 [59] BntWeb.Task.BackgroundService - (null) - 后台任务执行完成 "BntWeb.Core.SystemSettings.Services.ClearFilesTask" . [(null)]
2017-04-11 18:00:11,589 [75] BntWeb.Task.BackgroundService - (null) - 后台任务执行完成 "BntWeb.Activity.Services.ActivityOperateTask" . [(null)]
2017-04-11 18:00:11,840 [71] BntWeb.Task.BackgroundService - (null) - 后台任务执行完成 "BntWeb.Wallet.Services.WalletTask" . [(null)]
2017-04-11 18:01:11,496 [59] BntWeb.Task.BackgroundService - (null) - 开始执行后台任务 "BntWeb.Core.SystemSettings.Services.ClearFilesTask" . [(null)]
2017-04-11 18:01:11,496 [77] BntWeb.Task.BackgroundService - (null) - 开始执行后台任务 "BntWeb.Wallet.Services.WalletTask" . [(null)]
2017-04-11 18:01:11,496 [71] BntWeb.Task.BackgroundService - (null) - 开始执行后台任务 "BntWeb.Core.SystemSettings.Services.ClearLogsTask" . [(null)]
2017-04-11 18:01:11,496 [73] BntWeb.Task.BackgroundService - (null) - 开始执行后台任务 "BntWeb.Activity.Services.ActivityOperateTask" . [(null)]
2017-04-11 18:01:11,551 [77] BntWeb.Task.BackgroundService - (null) - 后台任务执行完成 "BntWeb.Wallet.Services.WalletTask" . [(null)]
2017-04-11 18:01:11,553 [71] BntWeb.Task.BackgroundService - (null) - 后台任务执行完成 "BntWeb.Core.SystemSettings.Services.ClearLogsTask" . [(null)]
2017-04-11 18:01:11,569 [59] BntWeb.Task.BackgroundService - (null) - 后台任务执行完成 "BntWeb.Core.SystemSettings.Services.ClearFilesTask" . [(null)]
2017-04-11 18:01:11,598 [73] BntWeb.Task.BackgroundService - (null) - 后台任务执行完成 "BntWeb.Activity.Services.ActivityOperateTask" . [(null)]
2017-04-11 18:02:11,497 [59] BntWeb.Task.BackgroundService - (null) - 开始执行后台任务 "BntWeb.Core.SystemSettings.Services.ClearFilesTask" . [(null)]
2017-04-11 18:02:11,497 [54] BntWeb.Task.BackgroundService - (null) - 开始执行后台任务 "BntWeb.Wallet.Services.WalletTask" . [(null)]
2017-04-11 18:02:11,497 [76] BntWeb.Task.BackgroundService - (null) - 开始执行后台任务 "BntWeb.Core.SystemSettings.Services.ClearLogsTask" . [(null)]
2017-04-11 18:02:11,499 [78] BntWeb.Task.BackgroundService - (null) - 开始执行后台任务 "BntWeb.Activity.Services.ActivityOperateTask" . [(null)]
2017-04-11 18:02:11,549 [54] BntWeb.Task.BackgroundService - (null) - 后台任务执行完成 "BntWeb.Wallet.Services.WalletTask" . [(null)]
2017-04-11 18:02:11,570 [76] BntWeb.Task.BackgroundService - (null) - 后台任务执行完成 "BntWeb.Core.SystemSettings.Services.ClearLogsTask" . [(null)]
2017-04-11 18:02:11,570 [59] BntWeb.Task.BackgroundService - (null) - 后台任务执行完成 "BntWeb.Core.SystemSettings.Services.ClearFilesTask" . [(null)]
2017-04-11 18:02:11,607 [78] BntWeb.Task.BackgroundService - (null) - 后台任务执行完成 "BntWeb.Activity.Services.ActivityOperateTask" . [(null)]
2017-04-11 18:03:11,500 [73] BntWeb.Task.BackgroundService - (null) - 开始执行后台任务 "BntWeb.Core.SystemSettings.Services.ClearFilesTask" . [(null)]
2017-04-11 18:03:11,500 [59] BntWeb.Task.BackgroundService - (null) - 开始执行后台任务 "BntWeb.Activity.Services.ActivityOperateTask" . [(null)]
2017-04-11 18:03:11,500 [77] BntWeb.Task.BackgroundService - (null) - 开始执行后台任务 "BntWeb.Core.SystemSettings.Services.ClearLogsTask" . [(null)]
2017-04-11 18:03:11,500 [72] BntWeb.Task.BackgroundService - (null) - 开始执行后台任务 "BntWeb.Wallet.Services.WalletTask" . [(null)]
2017-04-11 18:03:11,549 [72] BntWeb.Task.BackgroundService - (null) - 后台任务执行完成 "BntWeb.Wallet.Services.WalletTask" . [(null)]
2017-04-11 18:03:11,568 [73] BntWeb.Task.BackgroundService - (null) - 后台任务执行完成 "BntWeb.Core.SystemSettings.Services.ClearFilesTask" . [(null)]
2017-04-11 18:03:11,846 [77] BntWeb.Task.BackgroundService - (null) - 后台任务执行完成 "BntWeb.Core.SystemSettings.Services.ClearLogsTask" . [(null)]
2017-04-11 18:03:12,784 [59] BntWeb.Task.BackgroundService - (null) - 后台任务执行完成 "BntWeb.Activity.Services.ActivityOperateTask" . [(null)]
2017-04-11 18:04:11,512 [71] BntWeb.Task.BackgroundService - (null) - 开始执行后台任务 "BntWeb.Wallet.Services.WalletTask" . [(null)]
2017-04-11 18:04:11,512 [76] BntWeb.Task.BackgroundService - (null) - 开始执行后台任务 "BntWeb.Core.SystemSettings.Services.ClearLogsTask" . [(null)]
2017-04-11 18:04:11,512 [78] BntWeb.Task.BackgroundService - (null) - 开始执行后台任务 "BntWeb.Activity.Services.ActivityOperateTask" . [(null)]
2017-04-11 18:04:11,512 [73] BntWeb.Task.BackgroundService - (null) - 开始执行后台任务 "BntWeb.Core.SystemSettings.Services.ClearFilesTask" . [(null)]
2017-04-11 18:04:11,559 [76] BntWeb.Task.BackgroundService - (null) - 后台任务执行完成 "BntWeb.Core.SystemSettings.Services.ClearLogsTask" . [(null)]
2017-04-11 18:04:11,559 [71] BntWeb.Task.BackgroundService - (null) - 后台任务执行完成 "BntWeb.Wallet.Services.WalletTask" . [(null)]
2017-04-11 18:04:11,576 [73] BntWeb.Task.BackgroundService - (null) - 后台任务执行完成 "BntWeb.Core.SystemSettings.Services.ClearFilesTask" . [(null)]
2017-04-11 18:04:11,588 [78] BntWeb.Task.BackgroundService - (null) - 后台任务执行完成 "BntWeb.Activity.Services.ActivityOperateTask" . [(null)]
2017-04-11 18:05:11,512 [77] BntWeb.Task.BackgroundService - (null) - 开始执行后台任务 "BntWeb.Core.SystemSettings.Services.ClearLogsTask" . [(null)]
2017-04-11 18:05:11,512 [78] BntWeb.Task.BackgroundService - (null) - 开始执行后台任务 "BntWeb.Activity.Services.ActivityOperateTask" . [(null)]
2017-04-11 18:05:11,512 [71] BntWeb.Task.BackgroundService - (null) - 开始执行后台任务 "BntWeb.Wallet.Services.WalletTask" . [(null)]
2017-04-11 18:05:11,512 [54] BntWeb.Task.BackgroundService - (null) - 开始执行后台任务 "BntWeb.Core.SystemSettings.Services.ClearFilesTask" . [(null)]
2017-04-11 18:05:11,542 [71] BntWeb.Task.BackgroundService - (null) - 后台任务执行完成 "BntWeb.Wallet.Services.WalletTask" . [(null)]
2017-04-11 18:05:11,545 [77] BntWeb.Task.BackgroundService - (null) - 后台任务执行完成 "BntWeb.Core.SystemSettings.Services.ClearLogsTask" . [(null)]
2017-04-11 18:05:11,557 [54] BntWeb.Task.BackgroundService - (null) - 后台任务执行完成 "BntWeb.Core.SystemSettings.Services.ClearFilesTask" . [(null)]
2017-04-11 18:05:11,566 [78] BntWeb.Task.BackgroundService - (null) - 后台任务执行完成 "BntWeb.Activity.Services.ActivityOperateTask" . [(null)]
2017-04-11 18:06:11,514 [77] BntWeb.Task.BackgroundService - (null) - 开始执行后台任务 "BntWeb.Core.SystemSettings.Services.ClearFilesTask" . [(null)]
2017-04-11 18:06:11,514 [74] BntWeb.Task.BackgroundService - (null) - 开始执行后台任务 "BntWeb.Wallet.Services.WalletTask" . [(null)]
2017-04-11 18:06:11,514 [75] BntWeb.Task.BackgroundService - (null) - 开始执行后台任务 "BntWeb.Core.SystemSettings.Services.ClearLogsTask" . [(null)]
2017-04-11 18:06:11,514 [73] BntWeb.Task.BackgroundService - (null) - 开始执行后台任务 "BntWeb.Activity.Services.ActivityOperateTask" . [(null)]
2017-04-11 18:06:11,544 [74] BntWeb.Task.BackgroundService - (null) - 后台任务执行完成 "BntWeb.Wallet.Services.WalletTask" . [(null)]
2017-04-11 18:06:11,546 [75] BntWeb.Task.BackgroundService - (null) - 后台任务执行完成 "BntWeb.Core.SystemSettings.Services.ClearLogsTask" . [(null)]
2017-04-11 18:06:11,563 [77] BntWeb.Task.BackgroundService - (null) - 后台任务执行完成 "BntWeb.Core.SystemSettings.Services.ClearFilesTask" . [(null)]
2017-04-11 18:06:11,572 [73] BntWeb.Task.BackgroundService - (null) - 后台任务执行完成 "BntWeb.Activity.Services.ActivityOperateTask" . [(null)]
2017-04-11 18:07:11,519 [74] BntWeb.Task.BackgroundService - (null) - 开始执行后台任务 "BntWeb.Core.SystemSettings.Services.ClearLogsTask" . [(null)]
2017-04-11 18:07:11,519 [71] BntWeb.Task.BackgroundService - (null) - 开始执行后台任务 "BntWeb.Core.SystemSettings.Services.ClearFilesTask" . [(null)]
2017-04-11 18:07:11,519 [76] BntWeb.Task.BackgroundService - (null) - 开始执行后台任务 "BntWeb.Activity.Services.ActivityOperateTask" . [(null)]
2017-04-11 18:07:11,519 [54] BntWeb.Task.BackgroundService - (null) - 开始执行后台任务 "BntWeb.Wallet.Services.WalletTask" . [(null)]
2017-04-11 18:07:11,551 [74] BntWeb.Task.BackgroundService - (null) - 后台任务执行完成 "BntWeb.Core.SystemSettings.Services.ClearLogsTask" . [(null)]
2017-04-11 18:07:11,556 [54] BntWeb.Task.BackgroundService - (null) - 后台任务执行完成 "BntWeb.Wallet.Services.WalletTask" . [(null)]
2017-04-11 18:07:11,564 [71] BntWeb.Task.BackgroundService - (null) - 后台任务执行完成 "BntWeb.Core.SystemSettings.Services.ClearFilesTask" . [(null)]
2017-04-11 18:07:11,578 [76] BntWeb.Task.BackgroundService - (null) - 后台任务执行完成 "BntWeb.Activity.Services.ActivityOperateTask" . [(null)]
2017-04-11 18:08:11,531 [54] BntWeb.Task.BackgroundService - (null) - 开始执行后台任务 "BntWeb.Core.SystemSettings.Services.ClearFilesTask" . [(null)]
2017-04-11 18:08:11,531 [76] BntWeb.Task.BackgroundService - (null) - 开始执行后台任务 "BntWeb.Activity.Services.ActivityOperateTask" . [(null)]
2017-04-11 18:08:11,531 [71] BntWeb.Task.BackgroundService - (null) - 开始执行后台任务 "BntWeb.Core.SystemSettings.Services.ClearLogsTask" . [(null)]
2017-04-11 18:08:11,531 [59] BntWeb.Task.BackgroundService - (null) - 开始执行后台任务 "BntWeb.Wallet.Services.WalletTask" . [(null)]
2017-04-11 18:08:11,564 [71] BntWeb.Task.BackgroundService - (null) - 后台任务执行完成 "BntWeb.Core.SystemSettings.Services.ClearLogsTask" . [(null)]
2017-04-11 18:08:11,576 [59] BntWeb.Task.BackgroundService - (null) - 后台任务执行完成 "BntWeb.Wallet.Services.WalletTask" . [(null)]
2017-04-11 18:08:11,594 [76] BntWeb.Task.BackgroundService - (null) - 后台任务执行完成 "BntWeb.Activity.Services.ActivityOperateTask" . [(null)]
2017-04-11 18:08:11,596 [54] BntWeb.Task.BackgroundService - (null) - 后台任务执行完成 "BntWeb.Core.SystemSettings.Services.ClearFilesTask" . [(null)]
2017-04-11 18:09:11,543 [75] BntWeb.Task.BackgroundService - (null) - 开始执行后台任务 "BntWeb.Core.SystemSettings.Services.ClearLogsTask" . [(null)]
2017-04-11 18:09:11,543 [73] BntWeb.Task.BackgroundService - (null) - 开始执行后台任务 "BntWeb.Core.SystemSettings.Services.ClearFilesTask" . [(null)]
2017-04-11 18:09:11,543 [71] BntWeb.Task.BackgroundService - (null) - 开始执行后台任务 "BntWeb.Activity.Services.ActivityOperateTask" . [(null)]
2017-04-11 18:09:11,543 [78] BntWeb.Task.BackgroundService - (null) - 开始执行后台任务 "BntWeb.Wallet.Services.WalletTask" . [(null)]
2017-04-11 18:09:11,573 [78] BntWeb.Task.BackgroundService - (null) - 后台任务执行完成 "BntWeb.Wallet.Services.WalletTask" . [(null)]
2017-04-11 18:09:11,575 [75] BntWeb.Task.BackgroundService - (null) - 后台任务执行完成 "BntWeb.Core.SystemSettings.Services.ClearLogsTask" . [(null)]
2017-04-11 18:09:11,590 [73] BntWeb.Task.BackgroundService - (null) - 后台任务执行完成 "BntWeb.Core.SystemSettings.Services.ClearFilesTask" . [(null)]
2017-04-11 18:09:11,596 [71] BntWeb.Task.BackgroundService - (null) - 后台任务执行完成 "BntWeb.Activity.Services.ActivityOperateTask" . [(null)]
2017-04-11 18:10:11,557 [75] BntWeb.Task.BackgroundService - (null) - 开始执行后台任务 "BntWeb.Core.SystemSettings.Services.ClearLogsTask" . [(null)]
2017-04-11 18:10:11,557 [74] BntWeb.Task.BackgroundService - (null) - 开始执行后台任务 "BntWeb.Activity.Services.ActivityOperateTask" . [(null)]
2017-04-11 18:10:11,557 [76] BntWeb.Task.BackgroundService - (null) - 开始执行后台任务 "BntWeb.Wallet.Services.WalletTask" . [(null)]
2017-04-11 18:10:11,557 [77] BntWeb.Task.BackgroundService - (null) - 开始执行后台任务 "BntWeb.Core.SystemSettings.Services.ClearFilesTask" . [(null)]
2017-04-11 18:10:11,585 [76] BntWeb.Task.BackgroundService - (null) - 后台任务执行完成 "BntWeb.Wallet.Services.WalletTask" . [(null)]
2017-04-11 18:10:11,587 [75] BntWeb.Task.BackgroundService - (null) - 后台任务执行完成 "BntWeb.Core.SystemSettings.Services.ClearLogsTask" . [(null)]
2017-04-11 18:10:11,599 [77] BntWeb.Task.BackgroundService - (null) - 后台任务执行完成 "BntWeb.Core.SystemSettings.Services.ClearFilesTask" . [(null)]
2017-04-11 18:10:11,607 [74] BntWeb.Task.BackgroundService - (null) - 后台任务执行完成 "BntWeb.Activity.Services.ActivityOperateTask" . [(null)]
2017-04-11 18:11:11,564 [72] BntWeb.Task.BackgroundService - (null) - 开始执行后台任务 "BntWeb.Core.SystemSettings.Services.ClearFilesTask" . [(null)]
2017-04-11 18:11:11,564 [78] BntWeb.Task.BackgroundService - (null) - 开始执行后台任务 "BntWeb.Activity.Services.ActivityOperateTask" . [(null)]
2017-04-11 18:11:11,564 [76] BntWeb.Task.BackgroundService - (null) - 开始执行后台任务 "BntWeb.Wallet.Services.WalletTask" . [(null)]
2017-04-11 18:11:11,564 [71] BntWeb.Task.BackgroundService - (null) - 开始执行后台任务 "BntWeb.Core.SystemSettings.Services.ClearLogsTask" . [(null)]
2017-04-11 18:11:11,593 [76] BntWeb.Task.BackgroundService - (null) - 后台任务执行完成 "BntWeb.Wallet.Services.WalletTask" . [(null)]
2017-04-11 18:11:11,594 [71] BntWeb.Task.BackgroundService - (null) - 后台任务执行完成 "BntWeb.Core.SystemSettings.Services.ClearLogsTask" . [(null)]
2017-04-11 18:11:11,612 [72] BntWeb.Task.BackgroundService - (null) - 后台任务执行完成 "BntWeb.Core.SystemSettings.Services.ClearFilesTask" . [(null)]
2017-04-11 18:11:11,617 [78] BntWeb.Task.BackgroundService - (null) - 后台任务执行完成 "BntWeb.Activity.Services.ActivityOperateTask" . [(null)]
2017-04-11 18:12:11,577 [73] BntWeb.Task.BackgroundService - (null) - 开始执行后台任务 "BntWeb.Core.SystemSettings.Services.ClearLogsTask" . [(null)]
2017-04-11 18:12:11,577 [71] BntWeb.Task.BackgroundService - (null) - 开始执行后台任务 "BntWeb.Wallet.Services.WalletTask" . [(null)]
2017-04-11 18:12:11,577 [59] BntWeb.Task.BackgroundService - (null) - 开始执行后台任务 "BntWeb.Activity.Services.ActivityOperateTask" . [(null)]
2017-04-11 18:12:11,577 [74] BntWeb.Task.BackgroundService - (null) - 开始执行后台任务 "BntWeb.Core.SystemSettings.Services.ClearFilesTask" . [(null)]
2017-04-11 18:12:11,605 [71] BntWeb.Task.BackgroundService - (null) - 后台任务执行完成 "BntWeb.Wallet.Services.WalletTask" . [(null)]
2017-04-11 18:12:11,608 [73] BntWeb.Task.BackgroundService - (null) - 后台任务执行完成 "BntWeb.Core.SystemSettings.Services.ClearLogsTask" . [(null)]
2017-04-11 18:12:11,622 [74] BntWeb.Task.BackgroundService - (null) - 后台任务执行完成 "BntWeb.Core.SystemSettings.Services.ClearFilesTask" . [(null)]
2017-04-11 18:12:11,640 [59] BntWeb.Task.BackgroundService - (null) - 后台任务执行完成 "BntWeb.Activity.Services.ActivityOperateTask" . [(null)]
2017-04-11 18:13:11,592 [78] BntWeb.Task.BackgroundService - (null) - 开始执行后台任务 "BntWeb.Core.SystemSettings.Services.ClearLogsTask" . [(null)]
2017-04-11 18:13:11,592 [54] BntWeb.Task.BackgroundService - (null) - 开始执行后台任务 "BntWeb.Core.SystemSettings.Services.ClearFilesTask" . [(null)]
2017-04-11 18:13:11,592 [73] BntWeb.Task.BackgroundService - (null) - 开始执行后台任务 "BntWeb.Wallet.Services.WalletTask" . [(null)]
2017-04-11 18:13:11,592 [75] BntWeb.Task.BackgroundService - (null) - 开始执行后台任务 "BntWeb.Activity.Services.ActivityOperateTask" . [(null)]
2017-04-11 18:13:11,622 [73] BntWeb.Task.BackgroundService - (null) - 后台任务执行完成 "BntWeb.Wallet.Services.WalletTask" . [(null)]
2017-04-11 18:13:11,623 [78] BntWeb.Task.BackgroundService - (null) - 后台任务执行完成 "BntWeb.Core.SystemSettings.Services.ClearLogsTask" . [(null)]
2017-04-11 18:13:11,637 [54] BntWeb.Task.BackgroundService - (null) - 后台任务执行完成 "BntWeb.Core.SystemSettings.Services.ClearFilesTask" . [(null)]
2017-04-11 18:13:11,645 [75] BntWeb.Task.BackgroundService - (null) - 后台任务执行完成 "BntWeb.Activity.Services.ActivityOperateTask" . [(null)]
2017-04-11 18:14:11,606 [78] BntWeb.Task.BackgroundService - (null) - 开始执行后台任务 "BntWeb.Core.SystemSettings.Services.ClearFilesTask" . [(null)]
2017-04-11 18:14:11,606 [54] BntWeb.Task.BackgroundService - (null) - 开始执行后台任务 "BntWeb.Core.SystemSettings.Services.ClearLogsTask" . [(null)]
2017-04-11 18:14:11,606 [71] BntWeb.Task.BackgroundService - (null) - 开始执行后台任务 "BntWeb.Activity.Services.ActivityOperateTask" . [(null)]
2017-04-11 18:14:11,606 [77] BntWeb.Task.BackgroundService - (null) - 开始执行后台任务 "BntWeb.Wallet.Services.WalletTask" . [(null)]
2017-04-11 18:14:11,634 [54] BntWeb.Task.BackgroundService - (null) - 后台任务执行完成 "BntWeb.Core.SystemSettings.Services.ClearLogsTask" . [(null)]
2017-04-11 18:14:11,637 [77] BntWeb.Task.BackgroundService - (null) - 后台任务执行完成 "BntWeb.Wallet.Services.WalletTask" . [(null)]
2017-04-11 18:14:11,652 [78] BntWeb.Task.BackgroundService - (null) - 后台任务执行完成 "BntWeb.Core.SystemSettings.Services.ClearFilesTask" . [(null)]
2017-04-11 18:14:11,661 [71] BntWeb.Task.BackgroundService - (null) - 后台任务执行完成 "BntWeb.Activity.Services.ActivityOperateTask" . [(null)]
2017-04-11 18:15:11,606 [72] BntWeb.Task.BackgroundService - (null) - 开始执行后台任务 "BntWeb.Wallet.Services.WalletTask" . [(null)]
2017-04-11 18:15:11,607 [71] BntWeb.Task.BackgroundService - (null) - 开始执行后台任务 "BntWeb.Core.SystemSettings.Services.ClearFilesTask" . [(null)]
2017-04-11 18:15:11,608 [54] BntWeb.Task.BackgroundService - (null) - 开始执行后台任务 "BntWeb.Core.SystemSettings.Services.ClearLogsTask" . [(null)]
2017-04-11 18:15:11,608 [77] BntWeb.Task.BackgroundService - (null) - 开始执行后台任务 "BntWeb.Activity.Services.ActivityOperateTask" . [(null)]
2017-04-11 18:15:11,636 [72] BntWeb.Task.BackgroundService - (null) - 后台任务执行完成 "BntWeb.Wallet.Services.WalletTask" . [(null)]
2017-04-11 18:15:11,641 [54] BntWeb.Task.BackgroundService - (null) - 后台任务执行完成 "BntWeb.Core.SystemSettings.Services.ClearLogsTask" . [(null)]
2017-04-11 18:15:11,664 [71] BntWeb.Task.BackgroundService - (null) - 后台任务执行完成 "BntWeb.Core.SystemSettings.Services.ClearFilesTask" . [(null)]
2017-04-11 18:15:11,671 [77] BntWeb.Task.BackgroundService - (null) - 后台任务执行完成 "BntWeb.Activity.Services.ActivityOperateTask" . [(null)]
2017-04-11 18:16:11,614 [74] BntWeb.Task.BackgroundService - (null) - 开始执行后台任务 "BntWeb.Core.SystemSettings.Services.ClearLogsTask" . [(null)]
2017-04-11 18:16:11,614 [78] BntWeb.Task.BackgroundService - (null) - 开始执行后台任务 "BntWeb.Wallet.Services.WalletTask" . [(null)]
2017-04-11 18:16:11,614 [54] BntWeb.Task.BackgroundService - (null) - 开始执行后台任务 "BntWeb.Core.SystemSettings.Services.ClearFilesTask" . [(null)]
2017-04-11 18:16:11,614 [59] BntWeb.Task.BackgroundService - (null) - 开始执行后台任务 "BntWeb.Activity.Services.ActivityOperateTask" . [(null)]
2017-04-11 18:16:11,642 [78] BntWeb.Task.BackgroundService - (null) - 后台任务执行完成 "BntWeb.Wallet.Services.WalletTask" . [(null)]
2017-04-11 18:16:11,644 [74] BntWeb.Task.BackgroundService - (null) - 后台任务执行完成 "BntWeb.Core.SystemSettings.Services.ClearLogsTask" . [(null)]
2017-04-11 18:16:11,663 [54] BntWeb.Task.BackgroundService - (null) - 后台任务执行完成 "BntWeb.Core.SystemSettings.Services.ClearFilesTask" . [(null)]
2017-04-11 18:16:11,675 [59] BntWeb.Task.BackgroundService - (null) - 后台任务执行完成 "BntWeb.Activity.Services.ActivityOperateTask" . [(null)]
2017-04-11 18:17:11,625 [74] BntWeb.Task.BackgroundService - (null) - 开始执行后台任务 "BntWeb.Core.SystemSettings.Services.ClearLogsTask" . [(null)]
2017-04-11 18:17:11,625 [59] BntWeb.Task.BackgroundService - (null) - 开始执行后台任务 "BntWeb.Core.SystemSettings.Services.ClearFilesTask" . [(null)]
2017-04-11 18:17:11,625 [75] BntWeb.Task.BackgroundService - (null) - 开始执行后台任务 "BntWeb.Activity.Services.ActivityOperateTask" . [(null)]
2017-04-11 18:17:11,625 [72] BntWeb.Task.BackgroundService - (null) - 开始执行后台任务 "BntWeb.Wallet.Services.WalletTask" . [(null)]
2017-04-11 18:17:11,655 [72] BntWeb.Task.BackgroundService - (null) - 后台任务执行完成 "BntWeb.Wallet.Services.WalletTask" . [(null)]
2017-04-11 18:17:11,656 [74] BntWeb.Task.BackgroundService - (null) - 后台任务执行完成 "BntWeb.Core.SystemSettings.Services.ClearLogsTask" . [(null)]
2017-04-11 18:17:11,679 [59] BntWeb.Task.BackgroundService - (null) - 后台任务执行完成 "BntWeb.Core.SystemSettings.Services.ClearFilesTask" . [(null)]
2017-04-11 18:17:11,691 [75] BntWeb.Task.BackgroundService - (null) - 后台任务执行完成 "BntWeb.Activity.Services.ActivityOperateTask" . [(null)]
2017-04-11 18:18:11,636 [75] BntWeb.Task.BackgroundService - (null) - 开始执行后台任务 "BntWeb.Core.SystemSettings.Services.ClearFilesTask" . [(null)]
2017-04-11 18:18:11,636 [71] BntWeb.Task.BackgroundService - (null) - 开始执行后台任务 "BntWeb.Core.SystemSettings.Services.ClearLogsTask" . [(null)]
2017-04-11 18:18:11,636 [73] BntWeb.Task.BackgroundService - (null) - 开始执行后台任务 "BntWeb.Activity.Services.ActivityOperateTask" . [(null)]
2017-04-11 18:18:11,636 [54] BntWeb.Task.BackgroundService - (null) - 开始执行后台任务 "BntWeb.Wallet.Services.WalletTask" . [(null)]
2017-04-11 18:18:11,676 [54] BntWeb.Task.BackgroundService - (null) - 后台任务执行完成 "BntWeb.Wallet.Services.WalletTask" . [(null)]
2017-04-11 18:18:11,677 [71] BntWeb.Task.BackgroundService - (null) - 后台任务执行完成 "BntWeb.Core.SystemSettings.Services.ClearLogsTask" . [(null)]
2017-04-11 18:18:11,687 [75] BntWeb.Task.BackgroundService - (null) - 后台任务执行完成 "BntWeb.Core.SystemSettings.Services.ClearFilesTask" . [(null)]
2017-04-11 18:18:11,702 [73] BntWeb.Task.BackgroundService - (null) - 后台任务执行完成 "BntWeb.Activity.Services.ActivityOperateTask" . [(null)]
2017-04-11 18:19:11,649 [76] BntWeb.Task.BackgroundService - (null) - 开始执行后台任务 "BntWeb.Core.SystemSettings.Services.ClearFilesTask" . [(null)]
2017-04-11 18:19:11,649 [75] BntWeb.Task.BackgroundService - (null) - 开始执行后台任务 "BntWeb.Activity.Services.ActivityOperateTask" . [(null)]
2017-04-11 18:19:11,649 [74] BntWeb.Task.BackgroundService - (null) - 开始执行后台任务 "BntWeb.Wallet.Services.WalletTask" . [(null)]
2017-04-11 18:19:11,649 [78] BntWeb.Task.BackgroundService - (null) - 开始执行后台任务 "BntWeb.Core.SystemSettings.Services.ClearLogsTask" . [(null)]
2017-04-11 18:19:11,679 [74] BntWeb.Task.BackgroundService - (null) - 后台任务执行完成 "BntWeb.Wallet.Services.WalletTask" . [(null)]
2017-04-11 18:19:11,680 [78] BntWeb.Task.BackgroundService - (null) - 后台任务执行完成 "BntWeb.Core.SystemSettings.Services.ClearLogsTask" . [(null)]
2017-04-11 18:19:11,696 [76] BntWeb.Task.BackgroundService - (null) - 后台任务执行完成 "BntWeb.Core.SystemSettings.Services.ClearFilesTask" . [(null)]
2017-04-11 18:19:11,707 [75] BntWeb.Task.BackgroundService - (null) - 后台任务执行完成 "BntWeb.Activity.Services.ActivityOperateTask" . [(null)]
2017-04-11 18:20:11,662 [77] BntWeb.Task.BackgroundService - (null) - 开始执行后台任务 "BntWeb.Activity.Services.ActivityOperateTask" . [(null)]
2017-04-11 18:20:11,662 [75] BntWeb.Task.BackgroundService - (null) - 开始执行后台任务 "BntWeb.Core.SystemSettings.Services.ClearLogsTask" . [(null)]
2017-04-11 18:20:11,662 [72] BntWeb.Task.BackgroundService - (null) - 开始执行后台任务 "BntWeb.Wallet.Services.WalletTask" . [(null)]
2017-04-11 18:20:11,662 [54] BntWeb.Task.BackgroundService - (null) - 开始执行后台任务 "BntWeb.Core.SystemSettings.Services.ClearFilesTask" . [(null)]
2017-04-11 18:20:11,694 [72] BntWeb.Task.BackgroundService - (null) - 后台任务执行完成 "BntWeb.Wallet.Services.WalletTask" . [(null)]
2017-04-11 18:20:11,695 [75] BntWeb.Task.BackgroundService - (null) - 后台任务执行完成 "BntWeb.Core.SystemSettings.Services.ClearLogsTask" . [(null)]
2017-04-11 18:20:11,707 [54] BntWeb.Task.BackgroundService - (null) - 后台任务执行完成 "BntWeb.Core.SystemSettings.Services.ClearFilesTask" . [(null)]
2017-04-11 18:20:11,718 [77] BntWeb.Task.BackgroundService - (null) - 后台任务执行完成 "BntWeb.Activity.Services.ActivityOperateTask" . [(null)]
2017-04-11 18:21:11,670 [59] BntWeb.Task.BackgroundService - (null) - 开始执行后台任务 "BntWeb.Wallet.Services.WalletTask" . [(null)]
2017-04-11 18:21:11,670 [72] BntWeb.Task.BackgroundService - (null) - 开始执行后台任务 "BntWeb.Core.SystemSettings.Services.ClearFilesTask" . [(null)]
2017-04-11 18:21:11,670 [76] BntWeb.Task.BackgroundService - (null) - 开始执行后台任务 "BntWeb.Core.SystemSettings.Services.ClearLogsTask" . [(null)]
2017-04-11 18:21:11,670 [78] BntWeb.Task.BackgroundService - (null) - 开始执行后台任务 "BntWeb.Activity.Services.ActivityOperateTask" . [(null)]
2017-04-11 18:21:11,699 [59] BntWeb.Task.BackgroundService - (null) - 后台任务执行完成 "BntWeb.Wallet.Services.WalletTask" . [(null)]
2017-04-11 18:21:11,719 [76] BntWeb.Task.BackgroundService - (null) - 后台任务执行完成 "BntWeb.Core.SystemSettings.Services.ClearLogsTask" . [(null)]
2017-04-11 18:21:11,728 [72] BntWeb.Task.BackgroundService - (null) - 后台任务执行完成 "BntWeb.Core.SystemSettings.Services.ClearFilesTask" . [(null)]
2017-04-11 18:21:11,751 [78] BntWeb.Task.BackgroundService - (null) - 后台任务执行完成 "BntWeb.Activity.Services.ActivityOperateTask" . [(null)]
2017-04-11 18:22:11,686 [71] BntWeb.Task.BackgroundService - (null) - 开始执行后台任务 "BntWeb.Wallet.Services.WalletTask" . [(null)]
2017-04-11 18:22:11,687 [73] BntWeb.Task.BackgroundService - (null) - 开始执行后台任务 "BntWeb.Activity.Services.ActivityOperateTask" . [(null)]
2017-04-11 18:22:11,686 [54] BntWeb.Task.BackgroundService - (null) - 开始执行后台任务 "BntWeb.Core.SystemSettings.Services.ClearFilesTask" . [(null)]
2017-04-11 18:22:11,686 [76] BntWeb.Task.BackgroundService - (null) - 开始执行后台任务 "BntWeb.Core.SystemSettings.Services.ClearLogsTask" . [(null)]
2017-04-11 18:22:11,715 [71] BntWeb.Task.BackgroundService - (null) - 后台任务执行完成 "BntWeb.Wallet.Services.WalletTask" . [(null)]
2017-04-11 18:22:11,719 [76] BntWeb.Task.BackgroundService - (null) - 后台任务执行完成 "BntWeb.Core.SystemSettings.Services.ClearLogsTask" . [(null)]
2017-04-11 18:22:11,734 [54] BntWeb.Task.BackgroundService - (null) - 后台任务执行完成 "BntWeb.Core.SystemSettings.Services.ClearFilesTask" . [(null)]
2017-04-11 18:22:11,744 [73] BntWeb.Task.BackgroundService - (null) - 后台任务执行完成 "BntWeb.Activity.Services.ActivityOperateTask" . [(null)]
2017-04-11 18:23:11,700 [71] BntWeb.Task.BackgroundService - (null) - 开始执行后台任务 "BntWeb.Activity.Services.ActivityOperateTask" . [(null)]
2017-04-11 18:23:11,700 [59] BntWeb.Task.BackgroundService - (null) - 开始执行后台任务 "BntWeb.Core.SystemSettings.Services.ClearLogsTask" . [(null)]
2017-04-11 18:23:11,700 [76] BntWeb.Task.BackgroundService - (null) - 开始执行后台任务 "BntWeb.Core.SystemSettings.Services.ClearFilesTask" . [(null)]
2017-04-11 18:23:11,700 [78] BntWeb.Task.BackgroundService - (null) - 开始执行后台任务 "BntWeb.Wallet.Services.WalletTask" . [(null)]
2017-04-11 18:23:11,752 [78] BntWeb.Task.BackgroundService - (null) - 后台任务执行完成 "BntWeb.Wallet.Services.WalletTask" . [(null)]
2017-04-11 18:23:11,756 [59] BntWeb.Task.BackgroundService - (null) - 后台任务执行完成 "BntWeb.Core.SystemSettings.Services.ClearLogsTask" . [(null)]
2017-04-11 18:23:11,767 [76] BntWeb.Task.BackgroundService - (null) - 后台任务执行完成 "BntWeb.Core.SystemSettings.Services.ClearFilesTask" . [(null)]
2017-04-11 18:23:11,791 [71] BntWeb.Task.BackgroundService - (null) - 后台任务执行完成 "BntWeb.Activity.Services.ActivityOperateTask" . [(null)]
2017-04-11 18:24:11,702 [74] BntWeb.Task.BackgroundService - (null) - 开始执行后台任务 "BntWeb.Core.SystemSettings.Services.ClearLogsTask" . [(null)]
2017-04-11 18:24:11,702 [77] BntWeb.Task.BackgroundService - (null) - 开始执行后台任务 "BntWeb.Core.SystemSettings.Services.ClearFilesTask" . [(null)]
2017-04-11 18:24:11,702 [54] BntWeb.Task.BackgroundService - (null) - 开始执行后台任务 "BntWeb.Wallet.Services.WalletTask" . [(null)]
2017-04-11 18:24:11,702 [72] BntWeb.Task.BackgroundService - (null) - 开始执行后台任务 "BntWeb.Activity.Services.ActivityOperateTask" . [(null)]
2017-04-11 18:24:11,746 [54] BntWeb.Task.BackgroundService - (null) - 后台任务执行完成 "BntWeb.Wallet.Services.WalletTask" . [(null)]
2017-04-11 18:24:11,746 [74] BntWeb.Task.BackgroundService - (null) - 后台任务执行完成 "BntWeb.Core.SystemSettings.Services.ClearLogsTask" . [(null)]
2017-04-11 18:24:11,786 [77] BntWeb.Task.BackgroundService - (null) - 后台任务执行完成 "BntWeb.Core.SystemSettings.Services.ClearFilesTask" . [(null)]
2017-04-11 18:24:11,817 [72] BntWeb.Task.BackgroundService - (null) - 后台任务执行完成 "BntWeb.Activity.Services.ActivityOperateTask" . [(null)]
2017-04-11 18:25:11,714 [76] BntWeb.Task.BackgroundService - (null) - 开始执行后台任务 "BntWeb.Core.SystemSettings.Services.ClearLogsTask" . [(null)]
2017-04-11 18:25:11,714 [78] BntWeb.Task.BackgroundService - (null) - 开始执行后台任务 "BntWeb.Core.SystemSettings.Services.ClearFilesTask" . [(null)]
2017-04-11 18:25:11,714 [72] BntWeb.Task.BackgroundService - (null) - 开始执行后台任务 "BntWeb.Wallet.Services.WalletTask" . [(null)]
2017-04-11 18:25:11,714 [73] BntWeb.Task.BackgroundService - (null) - 开始执行后台任务 "BntWeb.Activity.Services.ActivityOperateTask" . [(null)]
2017-04-11 18:25:11,742 [76] BntWeb.Task.BackgroundService - (null) - 后台任务执行完成 "BntWeb.Core.SystemSettings.Services.ClearLogsTask" . [(null)]
2017-04-11 18:25:11,745 [72] BntWeb.Task.BackgroundService - (null) - 后台任务执行完成 "BntWeb.Wallet.Services.WalletTask" . [(null)]
2017-04-11 18:25:11,792 [78] BntWeb.Task.BackgroundService - (null) - 后台任务执行完成 "BntWeb.Core.SystemSettings.Services.ClearFilesTask" . [(null)]
2017-04-11 18:25:11,803 [73] BntWeb.Task.BackgroundService - (null) - 后台任务执行完成 "BntWeb.Activity.Services.ActivityOperateTask" . [(null)]
2017-04-11 18:26:11,727 [71] BntWeb.Task.BackgroundService - (null) - 开始执行后台任务 "BntWeb.Activity.Services.ActivityOperateTask" . [(null)]
2017-04-11 18:26:11,727 [73] BntWeb.Task.BackgroundService - (null) - 开始执行后台任务 "BntWeb.Wallet.Services.WalletTask" . [(null)]
2017-04-11 18:26:11,727 [54] BntWeb.Task.BackgroundService - (null) - 开始执行后台任务 "BntWeb.Core.SystemSettings.Services.ClearLogsTask" . [(null)]
2017-04-11 18:26:11,727 [76] BntWeb.Task.BackgroundService - (null) - 开始执行后台任务 "BntWeb.Core.SystemSettings.Services.ClearFilesTask" . [(null)]
2017-04-11 18:26:11,754 [73] BntWeb.Task.BackgroundService - (null) - 后台任务执行完成 "BntWeb.Wallet.Services.WalletTask" . [(null)]
2017-04-11 18:26:11,756 [54] BntWeb.Task.BackgroundService - (null) - 后台任务执行完成 "BntWeb.Core.SystemSettings.Services.ClearLogsTask" . [(null)]
2017-04-11 18:26:11,769 [76] BntWeb.Task.BackgroundService - (null) - 后台任务执行完成 "BntWeb.Core.SystemSettings.Services.ClearFilesTask" . [(null)]
2017-04-11 18:26:11,784 [71] BntWeb.Task.BackgroundService - (null) - 后台任务执行完成 "BntWeb.Activity.Services.ActivityOperateTask" . [(null)]
