2017-05-09 09:17:10,841 [8] BntWeb.Environment.DefaultBntWebHost - (null) - Initializing [(null)]
2017-05-09 09:17:10,924 [8] BntWeb.Environment.DefaultBntWebHost - (null) - Start creation of shells [(null)]
2017-05-09 09:17:10,927 [8] BntWeb.Environment.DefaultBntWebShell - (null) - 成功加载模块系统:System [(null)]
2017-05-09 09:17:10,928 [8] BntWeb.Environment.DefaultBntWebShell - (null) - 成功加载模块后台用户:Core-SystemUsers [(null)]
2017-05-09 09:17:10,929 [8] BntWeb.Environment.DefaultBntWebShell - (null) - 成功加载模块系统管理:Core-SystemSettings [(null)]
2017-05-09 09:17:10,929 [8] BntWeb.Environment.DefaultBntWebShell - (null) - 成功加载模块系统错误:Core-Error [(null)]
2017-05-09 09:17:10,931 [8] BntWeb.Environment.DefaultBntWebShell - (null) - 成功加载模块活动管理:BntWeb-Activity [(null)]
2017-05-09 09:17:10,932 [8] BntWeb.Environment.DefaultBntWebShell - (null) - 成功加载模块评论:BntWeb-Comment [(null)]
2017-05-09 09:17:10,932 [8] BntWeb.Environment.DefaultBntWebShell - (null) - 成功加载模块配置管理:BntWeb-Config [(null)]
2017-05-09 09:17:10,933 [8] BntWeb.Environment.DefaultBntWebShell - (null) - 成功加载模块内容标记:BntWeb-ContentMarkup [(null)]
2017-05-09 09:17:10,934 [8] BntWeb.Environment.DefaultBntWebShell - (null) - 成功加载模块评价管理:BntWeb-Evaluate [(null)]
2017-05-09 09:17:10,935 [8] BntWeb.Environment.DefaultBntWebShell - (null) - 成功加载模块反馈管理:BntWeb-Feedback [(null)]
2017-05-09 09:17:10,935 [8] BntWeb.Environment.DefaultBntWebShell - (null) - 成功加载模块会员基础:BntWeb-MemberBase [(null)]
2017-05-09 09:17:10,936 [8] BntWeb.Environment.DefaultBntWebShell - (null) - 成功加载模块会员管理:BntWeb-MemberCenter [(null)]
2017-05-09 09:17:10,937 [8] BntWeb.Environment.DefaultBntWebShell - (null) - 成功加载模块支付管理:BntWeb-PaymentProcess [(null)]
2017-05-09 09:17:10,937 [8] BntWeb.Environment.DefaultBntWebShell - (null) - 成功加载模块单页管理:BntWeb-SinglePage [(null)]
2017-05-09 09:17:10,938 [8] BntWeb.Environment.DefaultBntWebShell - (null) - 成功加载模块消息中心:BntWeb-SystemMessage [(null)]
2017-05-09 09:17:10,938 [8] BntWeb.Environment.DefaultBntWebShell - (null) - 成功加载模块标签管理:BntWeb-Tag [(null)]
2017-05-09 09:17:10,939 [8] BntWeb.Environment.DefaultBntWebShell - (null) - 成功加载模块钱包管理:BntWeb-Wallet [(null)]
2017-05-09 09:17:10,940 [8] BntWeb.Environment.DefaultBntWebShell - (null) - 加载17项IRouteProvider [(null)]
2017-05-09 09:17:10,940 [8] BntWeb.Environment.DefaultBntWebShell - (null) - 加载12项IHttpRouteProvider [(null)]
2017-05-09 09:17:11,168 [8] BntWeb.Mvc.Routes.RoutePublisher - (null) - 共加载159条路由 [(null)]
2017-05-09 09:17:12,069 [8] BntWeb.Environment.DefaultBntWebHost - (null) - Initialized [(null)]
2017-05-09 09:18:11,842 [11] BntWeb.Task.BackgroundService - (null) - 开始执行后台任务 "BntWeb.Activity.Services.ActivityOperateTask" . [(null)]
2017-05-09 09:18:11,842 [7] BntWeb.Task.BackgroundService - (null) - 开始执行后台任务 "BntWeb.Wallet.Services.WalletTask" . [(null)]
2017-05-09 09:18:11,842 [18] BntWeb.Task.BackgroundService - (null) - 开始执行后台任务 "BntWeb.Core.SystemSettings.Services.ClearFilesTask" . [(null)]
2017-05-09 09:18:11,842 [17] BntWeb.Task.BackgroundService - (null) - 开始执行后台任务 "BntWeb.Core.SystemSettings.Services.ClearLogsTask" . [(null)]
2017-05-09 09:18:12,076 [7] BntWeb.Task.BackgroundService - (null) - 后台任务执行完成 "BntWeb.Wallet.Services.WalletTask" . [(null)]
2017-05-09 09:18:12,514 [18] BntWeb.Task.BackgroundService - (null) - 后台任务执行完成 "BntWeb.Core.SystemSettings.Services.ClearFilesTask" . [(null)]
2017-05-09 09:18:12,561 [11] BntWeb.Task.BackgroundService - (null) - 后台任务执行完成 "BntWeb.Activity.Services.ActivityOperateTask" . [(null)]
2017-05-09 09:18:12,576 [17] BntWeb.Task.BackgroundService - (null) - 后台任务执行完成 "BntWeb.Core.SystemSettings.Services.ClearLogsTask" . [(null)]
2017-05-09 09:19:11,849 [18] BntWeb.Task.BackgroundService - (null) - 开始执行后台任务 "BntWeb.Core.SystemSettings.Services.ClearLogsTask" . [(null)]
2017-05-09 09:19:11,849 [19] BntWeb.Task.BackgroundService - (null) - 开始执行后台任务 "BntWeb.Core.SystemSettings.Services.ClearFilesTask" . [(null)]
2017-05-09 09:19:11,849 [8] BntWeb.Task.BackgroundService - (null) - 开始执行后台任务 "BntWeb.Activity.Services.ActivityOperateTask" . [(null)]
2017-05-09 09:19:11,849 [7] BntWeb.Task.BackgroundService - (null) - 开始执行后台任务 "BntWeb.Wallet.Services.WalletTask" . [(null)]
2017-05-09 09:19:11,865 [18] BntWeb.Task.BackgroundService - (null) - 后台任务执行完成 "BntWeb.Core.SystemSettings.Services.ClearLogsTask" . [(null)]
2017-05-09 09:19:11,880 [7] BntWeb.Task.BackgroundService - (null) - 后台任务执行完成 "BntWeb.Wallet.Services.WalletTask" . [(null)]
2017-05-09 09:19:11,896 [8] BntWeb.Task.BackgroundService - (null) - 后台任务执行完成 "BntWeb.Activity.Services.ActivityOperateTask" . [(null)]
2017-05-09 09:19:11,943 [19] BntWeb.Task.BackgroundService - (null) - 后台任务执行完成 "BntWeb.Core.SystemSettings.Services.ClearFilesTask" . [(null)]
2017-05-09 09:20:11,851 [11] BntWeb.Task.BackgroundService - (null) - 开始执行后台任务 "BntWeb.Core.SystemSettings.Services.ClearFilesTask" . [(null)]
2017-05-09 09:20:11,851 [6] BntWeb.Task.BackgroundService - (null) - 开始执行后台任务 "BntWeb.Core.SystemSettings.Services.ClearLogsTask" . [(null)]
2017-05-09 09:20:11,851 [18] BntWeb.Task.BackgroundService - (null) - 开始执行后台任务 "BntWeb.Wallet.Services.WalletTask" . [(null)]
2017-05-09 09:20:11,851 [19] BntWeb.Task.BackgroundService - (null) - 开始执行后台任务 "BntWeb.Activity.Services.ActivityOperateTask" . [(null)]
2017-05-09 09:20:11,885 [6] BntWeb.Task.BackgroundService - (null) - 后台任务执行完成 "BntWeb.Core.SystemSettings.Services.ClearLogsTask" . [(null)]
2017-05-09 09:20:11,916 [19] BntWeb.Task.BackgroundService - (null) - 后台任务执行完成 "BntWeb.Activity.Services.ActivityOperateTask" . [(null)]
2017-05-09 09:20:11,932 [11] BntWeb.Task.BackgroundService - (null) - 后台任务执行完成 "BntWeb.Core.SystemSettings.Services.ClearFilesTask" . [(null)]
2017-05-09 09:20:12,885 [18] BntWeb.Task.BackgroundService - (null) - 后台任务执行完成 "BntWeb.Wallet.Services.WalletTask" . [(null)]
2017-05-09 09:21:11,858 [8] BntWeb.Task.BackgroundService - (null) - 开始执行后台任务 "BntWeb.Core.SystemSettings.Services.ClearFilesTask" . [(null)]
2017-05-09 09:21:11,858 [19] BntWeb.Task.BackgroundService - (null) - 开始执行后台任务 "BntWeb.Wallet.Services.WalletTask" . [(null)]
2017-05-09 09:21:11,858 [18] BntWeb.Task.BackgroundService - (null) - 开始执行后台任务 "BntWeb.Core.SystemSettings.Services.ClearLogsTask" . [(null)]
2017-05-09 09:21:11,859 [11] BntWeb.Task.BackgroundService - (null) - 开始执行后台任务 "BntWeb.Activity.Services.ActivityOperateTask" . [(null)]
2017-05-09 09:21:11,899 [19] BntWeb.Task.BackgroundService - (null) - 后台任务执行完成 "BntWeb.Wallet.Services.WalletTask" . [(null)]
2017-05-09 09:21:11,901 [18] BntWeb.Task.BackgroundService - (null) - 后台任务执行完成 "BntWeb.Core.SystemSettings.Services.ClearLogsTask" . [(null)]
2017-05-09 09:21:11,934 [11] BntWeb.Task.BackgroundService - (null) - 后台任务执行完成 "BntWeb.Activity.Services.ActivityOperateTask" . [(null)]
2017-05-09 09:21:11,938 [8] BntWeb.Task.BackgroundService - (null) - 后台任务执行完成 "BntWeb.Core.SystemSettings.Services.ClearFilesTask" . [(null)]
2017-05-09 09:22:11,885 [14] BntWeb.Task.BackgroundService - (null) - 开始执行后台任务 "BntWeb.Wallet.Services.WalletTask" . [(null)]
2017-05-09 09:22:11,885 [18] BntWeb.Task.BackgroundService - (null) - 开始执行后台任务 "BntWeb.Core.SystemSettings.Services.ClearLogsTask" . [(null)]
2017-05-09 09:22:11,885 [19] BntWeb.Task.BackgroundService - (null) - 开始执行后台任务 "BntWeb.Activity.Services.ActivityOperateTask" . [(null)]
2017-05-09 09:22:11,885 [5] BntWeb.Task.BackgroundService - (null) - 开始执行后台任务 "BntWeb.Core.SystemSettings.Services.ClearFilesTask" . [(null)]
2017-05-09 09:22:11,917 [14] BntWeb.Task.BackgroundService - (null) - 后台任务执行完成 "BntWeb.Wallet.Services.WalletTask" . [(null)]
2017-05-09 09:22:11,917 [18] BntWeb.Task.BackgroundService - (null) - 后台任务执行完成 "BntWeb.Core.SystemSettings.Services.ClearLogsTask" . [(null)]
2017-05-09 09:22:11,948 [19] BntWeb.Task.BackgroundService - (null) - 后台任务执行完成 "BntWeb.Activity.Services.ActivityOperateTask" . [(null)]
2017-05-09 09:22:11,948 [5] BntWeb.Task.BackgroundService - (null) - 后台任务执行完成 "BntWeb.Core.SystemSettings.Services.ClearFilesTask" . [(null)]
2017-05-09 09:23:11,893 [5] BntWeb.Task.BackgroundService - (null) - 开始执行后台任务 "BntWeb.Wallet.Services.WalletTask" . [(null)]
2017-05-09 09:23:11,893 [11] BntWeb.Task.BackgroundService - (null) - 开始执行后台任务 "BntWeb.Core.SystemSettings.Services.ClearLogsTask" . [(null)]
2017-05-09 09:23:11,893 [20] BntWeb.Task.BackgroundService - (null) - 开始执行后台任务 "BntWeb.Core.SystemSettings.Services.ClearFilesTask" . [(null)]
2017-05-09 09:23:11,893 [18] BntWeb.Task.BackgroundService - (null) - 开始执行后台任务 "BntWeb.Activity.Services.ActivityOperateTask" . [(null)]
2017-05-09 09:23:11,939 [11] BntWeb.Task.BackgroundService - (null) - 后台任务执行完成 "BntWeb.Core.SystemSettings.Services.ClearLogsTask" . [(null)]
2017-05-09 09:23:11,971 [20] BntWeb.Task.BackgroundService - (null) - 后台任务执行完成 "BntWeb.Core.SystemSettings.Services.ClearFilesTask" . [(null)]
2017-05-09 09:23:11,971 [18] BntWeb.Task.BackgroundService - (null) - 后台任务执行完成 "BntWeb.Activity.Services.ActivityOperateTask" . [(null)]
2017-05-09 09:23:12,221 [5] BntWeb.Task.BackgroundService - (null) - 后台任务执行完成 "BntWeb.Wallet.Services.WalletTask" . [(null)]
2017-05-09 09:24:11,905 [18] BntWeb.Task.BackgroundService - (null) - 开始执行后台任务 "BntWeb.Wallet.Services.WalletTask" . [(null)]
2017-05-09 09:24:11,905 [6] BntWeb.Task.BackgroundService - (null) - 开始执行后台任务 "BntWeb.Activity.Services.ActivityOperateTask" . [(null)]
2017-05-09 09:24:11,905 [14] BntWeb.Task.BackgroundService - (null) - 开始执行后台任务 "BntWeb.Core.SystemSettings.Services.ClearFilesTask" . [(null)]
2017-05-09 09:24:11,905 [5] BntWeb.Task.BackgroundService - (null) - 开始执行后台任务 "BntWeb.Core.SystemSettings.Services.ClearLogsTask" . [(null)]
2017-05-09 09:24:11,921 [18] BntWeb.Task.BackgroundService - (null) - 后台任务执行完成 "BntWeb.Wallet.Services.WalletTask" . [(null)]
2017-05-09 09:24:11,937 [5] BntWeb.Task.BackgroundService - (null) - 后台任务执行完成 "BntWeb.Core.SystemSettings.Services.ClearLogsTask" . [(null)]
2017-05-09 09:24:11,952 [6] BntWeb.Task.BackgroundService - (null) - 后台任务执行完成 "BntWeb.Activity.Services.ActivityOperateTask" . [(null)]
2017-05-09 09:24:11,968 [14] BntWeb.Task.BackgroundService - (null) - 后台任务执行完成 "BntWeb.Core.SystemSettings.Services.ClearFilesTask" . [(null)]
2017-05-09 09:25:11,905 [11] BntWeb.Task.BackgroundService - (null) - 开始执行后台任务 "BntWeb.Activity.Services.ActivityOperateTask" . [(null)]
2017-05-09 09:25:11,905 [23] BntWeb.Task.BackgroundService - (null) - 开始执行后台任务 "BntWeb.Wallet.Services.WalletTask" . [(null)]
2017-05-09 09:25:11,905 [14] BntWeb.Task.BackgroundService - (null) - 开始执行后台任务 "BntWeb.Core.SystemSettings.Services.ClearFilesTask" . [(null)]
2017-05-09 09:25:11,905 [6] BntWeb.Task.BackgroundService - (null) - 开始执行后台任务 "BntWeb.Core.SystemSettings.Services.ClearLogsTask" . [(null)]
2017-05-09 09:25:11,933 [23] BntWeb.Task.BackgroundService - (null) - 后台任务执行完成 "BntWeb.Wallet.Services.WalletTask" . [(null)]
2017-05-09 09:25:11,943 [6] BntWeb.Task.BackgroundService - (null) - 后台任务执行完成 "BntWeb.Core.SystemSettings.Services.ClearLogsTask" . [(null)]
2017-05-09 09:25:11,958 [11] BntWeb.Task.BackgroundService - (null) - 后台任务执行完成 "BntWeb.Activity.Services.ActivityOperateTask" . [(null)]
2017-05-09 09:25:12,002 [14] BntWeb.Task.BackgroundService - (null) - 后台任务执行完成 "BntWeb.Core.SystemSettings.Services.ClearFilesTask" . [(null)]
2017-05-09 09:26:11,907 [7] BntWeb.Task.BackgroundService - (null) - 开始执行后台任务 "BntWeb.Core.SystemSettings.Services.ClearFilesTask" . [(null)]
2017-05-09 09:26:11,907 [23] BntWeb.Task.BackgroundService - (null) - 开始执行后台任务 "BntWeb.Wallet.Services.WalletTask" . [(null)]
2017-05-09 09:26:11,907 [18] BntWeb.Task.BackgroundService - (null) - 开始执行后台任务 "BntWeb.Core.SystemSettings.Services.ClearLogsTask" . [(null)]
2017-05-09 09:26:11,907 [20] BntWeb.Task.BackgroundService - (null) - 开始执行后台任务 "BntWeb.Activity.Services.ActivityOperateTask" . [(null)]
2017-05-09 09:26:11,923 [23] BntWeb.Task.BackgroundService - (null) - 后台任务执行完成 "BntWeb.Wallet.Services.WalletTask" . [(null)]
2017-05-09 09:26:11,938 [18] BntWeb.Task.BackgroundService - (null) - 后台任务执行完成 "BntWeb.Core.SystemSettings.Services.ClearLogsTask" . [(null)]
2017-05-09 09:26:11,954 [20] BntWeb.Task.BackgroundService - (null) - 后台任务执行完成 "BntWeb.Activity.Services.ActivityOperateTask" . [(null)]
2017-05-09 09:26:11,969 [7] BntWeb.Task.BackgroundService - (null) - 后台任务执行完成 "BntWeb.Core.SystemSettings.Services.ClearFilesTask" . [(null)]
2017-05-09 09:27:11,918 [14] BntWeb.Task.BackgroundService - (null) - 开始执行后台任务 "BntWeb.Wallet.Services.WalletTask" . [(null)]
2017-05-09 09:27:11,918 [7] BntWeb.Task.BackgroundService - (null) - 开始执行后台任务 "BntWeb.Core.SystemSettings.Services.ClearFilesTask" . [(null)]
2017-05-09 09:27:11,918 [5] BntWeb.Task.BackgroundService - (null) - 开始执行后台任务 "BntWeb.Activity.Services.ActivityOperateTask" . [(null)]
2017-05-09 09:27:11,918 [11] BntWeb.Task.BackgroundService - (null) - 开始执行后台任务 "BntWeb.Core.SystemSettings.Services.ClearLogsTask" . [(null)]
2017-05-09 09:27:11,934 [14] BntWeb.Task.BackgroundService - (null) - 后台任务执行完成 "BntWeb.Wallet.Services.WalletTask" . [(null)]
2017-05-09 09:27:11,934 [11] BntWeb.Task.BackgroundService - (null) - 后台任务执行完成 "BntWeb.Core.SystemSettings.Services.ClearLogsTask" . [(null)]
2017-05-09 09:27:11,965 [5] BntWeb.Task.BackgroundService - (null) - 后台任务执行完成 "BntWeb.Activity.Services.ActivityOperateTask" . [(null)]
2017-05-09 09:27:11,981 [7] BntWeb.Task.BackgroundService - (null) - 后台任务执行完成 "BntWeb.Core.SystemSettings.Services.ClearFilesTask" . [(null)]
2017-05-09 09:28:11,930 [11] BntWeb.Task.BackgroundService - (null) - 开始执行后台任务 "BntWeb.Wallet.Services.WalletTask" . [(null)]
2017-05-09 09:28:11,930 [27] BntWeb.Task.BackgroundService - (null) - 开始执行后台任务 "BntWeb.Activity.Services.ActivityOperateTask" . [(null)]
2017-05-09 09:28:11,930 [26] BntWeb.Task.BackgroundService - (null) - 开始执行后台任务 "BntWeb.Core.SystemSettings.Services.ClearLogsTask" . [(null)]
2017-05-09 09:28:11,930 [28] BntWeb.Task.BackgroundService - (null) - 开始执行后台任务 "BntWeb.Core.SystemSettings.Services.ClearFilesTask" . [(null)]
2017-05-09 09:28:11,961 [11] BntWeb.Task.BackgroundService - (null) - 后台任务执行完成 "BntWeb.Wallet.Services.WalletTask" . [(null)]
2017-05-09 09:28:11,961 [26] BntWeb.Task.BackgroundService - (null) - 后台任务执行完成 "BntWeb.Core.SystemSettings.Services.ClearLogsTask" . [(null)]
2017-05-09 09:28:11,982 [27] BntWeb.Task.BackgroundService - (null) - 后台任务执行完成 "BntWeb.Activity.Services.ActivityOperateTask" . [(null)]
2017-05-09 09:28:11,995 [28] BntWeb.Task.BackgroundService - (null) - 后台任务执行完成 "BntWeb.Core.SystemSettings.Services.ClearFilesTask" . [(null)]
2017-05-09 09:29:11,936 [25] BntWeb.Task.BackgroundService - (null) - 开始执行后台任务 "BntWeb.Core.SystemSettings.Services.ClearLogsTask" . [(null)]
2017-05-09 09:29:11,937 [27] BntWeb.Task.BackgroundService - (null) - 开始执行后台任务 "BntWeb.Wallet.Services.WalletTask" . [(null)]
2017-05-09 09:29:11,936 [6] BntWeb.Task.BackgroundService - (null) - 开始执行后台任务 "BntWeb.Activity.Services.ActivityOperateTask" . [(null)]
2017-05-09 09:29:11,936 [5] BntWeb.Task.BackgroundService - (null) - 开始执行后台任务 "BntWeb.Core.SystemSettings.Services.ClearFilesTask" . [(null)]
2017-05-09 09:29:11,966 [25] BntWeb.Task.BackgroundService - (null) - 后台任务执行完成 "BntWeb.Core.SystemSettings.Services.ClearLogsTask" . [(null)]
2017-05-09 09:29:11,966 [27] BntWeb.Task.BackgroundService - (null) - 后台任务执行完成 "BntWeb.Wallet.Services.WalletTask" . [(null)]
2017-05-09 09:29:11,995 [6] BntWeb.Task.BackgroundService - (null) - 后台任务执行完成 "BntWeb.Activity.Services.ActivityOperateTask" . [(null)]
2017-05-09 09:29:12,001 [5] BntWeb.Task.BackgroundService - (null) - 后台任务执行完成 "BntWeb.Core.SystemSettings.Services.ClearFilesTask" . [(null)]
2017-05-09 09:30:11,942 [30] BntWeb.Task.BackgroundService - (null) - 开始执行后台任务 "BntWeb.Core.SystemSettings.Services.ClearFilesTask" . [(null)]
2017-05-09 09:30:11,942 [32] BntWeb.Task.BackgroundService - (null) - 开始执行后台任务 "BntWeb.Core.SystemSettings.Services.ClearLogsTask" . [(null)]
2017-05-09 09:30:11,942 [27] BntWeb.Task.BackgroundService - (null) - 开始执行后台任务 "BntWeb.Wallet.Services.WalletTask" . [(null)]
2017-05-09 09:30:11,942 [31] BntWeb.Task.BackgroundService - (null) - 开始执行后台任务 "BntWeb.Activity.Services.ActivityOperateTask" . [(null)]
2017-05-09 09:30:11,957 [27] BntWeb.Task.BackgroundService - (null) - 后台任务执行完成 "BntWeb.Wallet.Services.WalletTask" . [(null)]
2017-05-09 09:30:11,957 [32] BntWeb.Task.BackgroundService - (null) - 后台任务执行完成 "BntWeb.Core.SystemSettings.Services.ClearLogsTask" . [(null)]
2017-05-09 09:30:11,989 [31] BntWeb.Task.BackgroundService - (null) - 后台任务执行完成 "BntWeb.Activity.Services.ActivityOperateTask" . [(null)]
2017-05-09 09:30:12,004 [30] BntWeb.Task.BackgroundService - (null) - 后台任务执行完成 "BntWeb.Core.SystemSettings.Services.ClearFilesTask" . [(null)]
2017-05-09 09:31:11,955 [30] BntWeb.Task.BackgroundService - (null) - 开始执行后台任务 "BntWeb.Wallet.Services.WalletTask" . [(null)]
2017-05-09 09:31:11,955 [29] BntWeb.Task.BackgroundService - (null) - 开始执行后台任务 "BntWeb.Activity.Services.ActivityOperateTask" . [(null)]
2017-05-09 09:31:11,955 [6] BntWeb.Task.BackgroundService - (null) - 开始执行后台任务 "BntWeb.Core.SystemSettings.Services.ClearFilesTask" . [(null)]
2017-05-09 09:31:11,955 [27] BntWeb.Task.BackgroundService - (null) - 开始执行后台任务 "BntWeb.Core.SystemSettings.Services.ClearLogsTask" . [(null)]
2017-05-09 09:31:11,992 [30] BntWeb.Task.BackgroundService - (null) - 后台任务执行完成 "BntWeb.Wallet.Services.WalletTask" . [(null)]
2017-05-09 09:31:11,996 [27] BntWeb.Task.BackgroundService - (null) - 后台任务执行完成 "BntWeb.Core.SystemSettings.Services.ClearLogsTask" . [(null)]
2017-05-09 09:31:12,027 [6] BntWeb.Task.BackgroundService - (null) - 后台任务执行完成 "BntWeb.Core.SystemSettings.Services.ClearFilesTask" . [(null)]
2017-05-09 09:31:12,027 [29] BntWeb.Task.BackgroundService - (null) - 后台任务执行完成 "BntWeb.Activity.Services.ActivityOperateTask" . [(null)]
2017-05-09 09:32:11,964 [25] BntWeb.Task.BackgroundService - (null) - 开始执行后台任务 "BntWeb.Core.SystemSettings.Services.ClearFilesTask" . [(null)]
2017-05-09 09:32:11,964 [33] BntWeb.Task.BackgroundService - (null) - 开始执行后台任务 "BntWeb.Core.SystemSettings.Services.ClearLogsTask" . [(null)]
2017-05-09 09:32:11,964 [30] BntWeb.Task.BackgroundService - (null) - 开始执行后台任务 "BntWeb.Wallet.Services.WalletTask" . [(null)]
2017-05-09 09:32:11,964 [27] BntWeb.Task.BackgroundService - (null) - 开始执行后台任务 "BntWeb.Activity.Services.ActivityOperateTask" . [(null)]
2017-05-09 09:32:11,980 [30] BntWeb.Task.BackgroundService - (null) - 后台任务执行完成 "BntWeb.Wallet.Services.WalletTask" . [(null)]
2017-05-09 09:32:11,995 [33] BntWeb.Task.BackgroundService - (null) - 后台任务执行完成 "BntWeb.Core.SystemSettings.Services.ClearLogsTask" . [(null)]
2017-05-09 09:32:12,011 [27] BntWeb.Task.BackgroundService - (null) - 后台任务执行完成 "BntWeb.Activity.Services.ActivityOperateTask" . [(null)]
2017-05-09 09:32:12,027 [25] BntWeb.Task.BackgroundService - (null) - 后台任务执行完成 "BntWeb.Core.SystemSettings.Services.ClearFilesTask" . [(null)]
2017-05-09 09:33:11,968 [33] BntWeb.Task.BackgroundService - (null) - 开始执行后台任务 "BntWeb.Wallet.Services.WalletTask" . [(null)]
2017-05-09 09:33:11,968 [5] BntWeb.Task.BackgroundService - (null) - 开始执行后台任务 "BntWeb.Core.SystemSettings.Services.ClearFilesTask" . [(null)]
2017-05-09 09:33:11,968 [6] BntWeb.Task.BackgroundService - (null) - 开始执行后台任务 "BntWeb.Core.SystemSettings.Services.ClearLogsTask" . [(null)]
2017-05-09 09:33:11,968 [25] BntWeb.Task.BackgroundService - (null) - 开始执行后台任务 "BntWeb.Activity.Services.ActivityOperateTask" . [(null)]
2017-05-09 09:33:11,999 [33] BntWeb.Task.BackgroundService - (null) - 后台任务执行完成 "BntWeb.Wallet.Services.WalletTask" . [(null)]
2017-05-09 09:33:11,999 [6] BntWeb.Task.BackgroundService - (null) - 后台任务执行完成 "BntWeb.Core.SystemSettings.Services.ClearLogsTask" . [(null)]
2017-05-09 09:33:12,030 [25] BntWeb.Task.BackgroundService - (null) - 后台任务执行完成 "BntWeb.Activity.Services.ActivityOperateTask" . [(null)]
2017-05-09 09:33:12,046 [5] BntWeb.Task.BackgroundService - (null) - 后台任务执行完成 "BntWeb.Core.SystemSettings.Services.ClearFilesTask" . [(null)]
2017-05-09 09:34:11,969 [30] BntWeb.Task.BackgroundService - (null) - 开始执行后台任务 "BntWeb.Wallet.Services.WalletTask" . [(null)]
2017-05-09 09:34:11,969 [27] BntWeb.Task.BackgroundService - (null) - 开始执行后台任务 "BntWeb.Activity.Services.ActivityOperateTask" . [(null)]
2017-05-09 09:34:11,969 [29] BntWeb.Task.BackgroundService - (null) - 开始执行后台任务 "BntWeb.Core.SystemSettings.Services.ClearLogsTask" . [(null)]
2017-05-09 09:34:11,969 [31] BntWeb.Task.BackgroundService - (null) - 开始执行后台任务 "BntWeb.Core.SystemSettings.Services.ClearFilesTask" . [(null)]
2017-05-09 09:34:12,000 [30] BntWeb.Task.BackgroundService - (null) - 后台任务执行完成 "BntWeb.Wallet.Services.WalletTask" . [(null)]
2017-05-09 09:34:12,000 [29] BntWeb.Task.BackgroundService - (null) - 后台任务执行完成 "BntWeb.Core.SystemSettings.Services.ClearLogsTask" . [(null)]
2017-05-09 09:34:12,031 [27] BntWeb.Task.BackgroundService - (null) - 后台任务执行完成 "BntWeb.Activity.Services.ActivityOperateTask" . [(null)]
2017-05-09 09:34:12,031 [31] BntWeb.Task.BackgroundService - (null) - 后台任务执行完成 "BntWeb.Core.SystemSettings.Services.ClearFilesTask" . [(null)]
2017-05-09 09:35:11,970 [29] BntWeb.Task.BackgroundService - (null) - 开始执行后台任务 "BntWeb.Wallet.Services.WalletTask" . [(null)]
2017-05-09 09:35:11,970 [31] BntWeb.Task.BackgroundService - (null) - 开始执行后台任务 "BntWeb.Core.SystemSettings.Services.ClearLogsTask" . [(null)]
2017-05-09 09:35:11,970 [33] BntWeb.Task.BackgroundService - (null) - 开始执行后台任务 "BntWeb.Core.SystemSettings.Services.ClearFilesTask" . [(null)]
2017-05-09 09:35:11,970 [25] BntWeb.Task.BackgroundService - (null) - 开始执行后台任务 "BntWeb.Activity.Services.ActivityOperateTask" . [(null)]
2017-05-09 09:35:12,317 [29] BntWeb.Task.BackgroundService - (null) - 后台任务执行完成 "BntWeb.Wallet.Services.WalletTask" . [(null)]
2017-05-09 09:35:12,324 [31] BntWeb.Task.BackgroundService - (null) - 后台任务执行完成 "BntWeb.Core.SystemSettings.Services.ClearLogsTask" . [(null)]
2017-05-09 09:35:12,359 [33] BntWeb.Task.BackgroundService - (null) - 后台任务执行完成 "BntWeb.Core.SystemSettings.Services.ClearFilesTask" . [(null)]
2017-05-09 09:35:13,039 [25] BntWeb.Task.BackgroundService - (null) - 后台任务执行完成 "BntWeb.Activity.Services.ActivityOperateTask" . [(null)]
2017-05-09 09:36:11,982 [6] BntWeb.Task.BackgroundService - (null) - 开始执行后台任务 "BntWeb.Core.SystemSettings.Services.ClearFilesTask" . [(null)]
2017-05-09 09:36:11,982 [5] BntWeb.Task.BackgroundService - (null) - 开始执行后台任务 "BntWeb.Core.SystemSettings.Services.ClearLogsTask" . [(null)]
2017-05-09 09:36:11,982 [27] BntWeb.Task.BackgroundService - (null) - 开始执行后台任务 "BntWeb.Wallet.Services.WalletTask" . [(null)]
2017-05-09 09:36:11,982 [25] BntWeb.Task.BackgroundService - (null) - 开始执行后台任务 "BntWeb.Activity.Services.ActivityOperateTask" . [(null)]
2017-05-09 09:36:12,013 [27] BntWeb.Task.BackgroundService - (null) - 后台任务执行完成 "BntWeb.Wallet.Services.WalletTask" . [(null)]
2017-05-09 09:36:12,013 [5] BntWeb.Task.BackgroundService - (null) - 后台任务执行完成 "BntWeb.Core.SystemSettings.Services.ClearLogsTask" . [(null)]
2017-05-09 09:36:12,029 [25] BntWeb.Task.BackgroundService - (null) - 后台任务执行完成 "BntWeb.Activity.Services.ActivityOperateTask" . [(null)]
2017-05-09 09:36:12,076 [6] BntWeb.Task.BackgroundService - (null) - 后台任务执行完成 "BntWeb.Core.SystemSettings.Services.ClearFilesTask" . [(null)]
2017-05-09 09:37:11,987 [25] BntWeb.Task.BackgroundService - (null) - 开始执行后台任务 "BntWeb.Core.SystemSettings.Services.ClearLogsTask" . [(null)]
2017-05-09 09:37:11,987 [27] BntWeb.Task.BackgroundService - (null) - 开始执行后台任务 "BntWeb.Core.SystemSettings.Services.ClearFilesTask" . [(null)]
2017-05-09 09:37:11,987 [33] BntWeb.Task.BackgroundService - (null) - 开始执行后台任务 "BntWeb.Wallet.Services.WalletTask" . [(null)]
2017-05-09 09:37:11,987 [30] BntWeb.Task.BackgroundService - (null) - 开始执行后台任务 "BntWeb.Activity.Services.ActivityOperateTask" . [(null)]
2017-05-09 09:37:12,019 [33] BntWeb.Task.BackgroundService - (null) - 后台任务执行完成 "BntWeb.Wallet.Services.WalletTask" . [(null)]
2017-05-09 09:37:12,019 [25] BntWeb.Task.BackgroundService - (null) - 后台任务执行完成 "BntWeb.Core.SystemSettings.Services.ClearLogsTask" . [(null)]
2017-05-09 09:37:12,050 [27] BntWeb.Task.BackgroundService - (null) - 后台任务执行完成 "BntWeb.Core.SystemSettings.Services.ClearFilesTask" . [(null)]
2017-05-09 09:37:12,050 [30] BntWeb.Task.BackgroundService - (null) - 后台任务执行完成 "BntWeb.Activity.Services.ActivityOperateTask" . [(null)]
