2017-04-26 09:58:58,972 [7] BntWeb.Environment.DefaultBntWebHost - (null) - Initializing [(null)]
2017-04-26 09:58:59,037 [7] BntWeb.Environment.DefaultBntWebHost - (null) - Start creation of shells [(null)]
2017-04-26 09:58:59,041 [7] BntWeb.Environment.DefaultBntWebShell - (null) - 成功加载模块系统:System [(null)]
2017-04-26 09:58:59,042 [7] BntWeb.Environment.DefaultBntWebShell - (null) - 成功加载模块后台用户:Core-SystemUsers [(null)]
2017-04-26 09:58:59,043 [7] BntWeb.Environment.DefaultBntWebShell - (null) - 成功加载模块系统管理:Core-SystemSettings [(null)]
2017-04-26 09:58:59,044 [7] BntWeb.Environment.DefaultBntWebShell - (null) - 成功加载模块系统错误:Core-Error [(null)]
2017-04-26 09:58:59,045 [7] BntWeb.Environment.DefaultBntWebShell - (null) - 成功加载模块活动管理:BntWeb-Activity [(null)]
2017-04-26 09:58:59,046 [7] BntWeb.Environment.DefaultBntWebShell - (null) - 成功加载模块评论:BntWeb-Comment [(null)]
2017-04-26 09:58:59,047 [7] BntWeb.Environment.DefaultBntWebShell - (null) - 成功加载模块配置管理:BntWeb-Config [(null)]
2017-04-26 09:58:59,048 [7] BntWeb.Environment.DefaultBntWebShell - (null) - 成功加载模块内容标记:BntWeb-ContentMarkup [(null)]
2017-04-26 09:58:59,049 [7] BntWeb.Environment.DefaultBntWebShell - (null) - 成功加载模块评价管理:BntWeb-Evaluate [(null)]
2017-04-26 09:58:59,049 [7] BntWeb.Environment.DefaultBntWebShell - (null) - 成功加载模块反馈管理:BntWeb-Feedback [(null)]
2017-04-26 09:58:59,050 [7] BntWeb.Environment.DefaultBntWebShell - (null) - 成功加载模块会员基础:BntWeb-MemberBase [(null)]
2017-04-26 09:58:59,052 [7] BntWeb.Environment.DefaultBntWebShell - (null) - 成功加载模块会员管理:BntWeb-MemberCenter [(null)]
2017-04-26 09:58:59,053 [7] BntWeb.Environment.DefaultBntWebShell - (null) - 成功加载模块支付管理:BntWeb-PaymentProcess [(null)]
2017-04-26 09:58:59,054 [7] BntWeb.Environment.DefaultBntWebShell - (null) - 成功加载模块单页管理:BntWeb-SinglePage [(null)]
2017-04-26 09:58:59,054 [7] BntWeb.Environment.DefaultBntWebShell - (null) - 成功加载模块消息中心:BntWeb-SystemMessage [(null)]
2017-04-26 09:58:59,055 [7] BntWeb.Environment.DefaultBntWebShell - (null) - 成功加载模块标签管理:BntWeb-Tag [(null)]
2017-04-26 09:58:59,056 [7] BntWeb.Environment.DefaultBntWebShell - (null) - 成功加载模块钱包管理:BntWeb-Wallet [(null)]
2017-04-26 09:58:59,056 [7] BntWeb.Environment.DefaultBntWebShell - (null) - 加载17项IRouteProvider [(null)]
2017-04-26 09:58:59,057 [7] BntWeb.Environment.DefaultBntWebShell - (null) - 加载12项IHttpRouteProvider [(null)]
2017-04-26 09:58:59,149 [7] BntWeb.Mvc.Routes.RoutePublisher - (null) - 共加载159条路由 [(null)]
2017-04-26 09:58:59,228 [7] BntWeb.Environment.DefaultBntWebHost - (null) - Initialized [(null)]
2017-04-26 09:59:59,207 [10] BntWeb.Task.BackgroundService - (null) - 开始执行后台任务 "BntWeb.Wallet.Services.WalletTask" . [(null)]
2017-04-26 09:59:59,207 [9] BntWeb.Task.BackgroundService - (null) - 开始执行后台任务 "BntWeb.Core.SystemSettings.Services.ClearLogsTask" . [(null)]
2017-04-26 09:59:59,207 [14] BntWeb.Task.BackgroundService - (null) - 开始执行后台任务 "BntWeb.Activity.Services.ActivityOperateTask" . [(null)]
2017-04-26 09:59:59,207 [7] BntWeb.Task.BackgroundService - (null) - 开始执行后台任务 "BntWeb.Core.SystemSettings.Services.ClearFilesTask" . [(null)]
2017-04-26 09:59:59,260 [7] BntWeb.Task.BackgroundService - (null) - 后台任务执行完成 "BntWeb.Core.SystemSettings.Services.ClearFilesTask" . [(null)]
2017-04-26 09:59:59,366 [9] BntWeb.Task.BackgroundService - (null) - 后台任务执行完成 "BntWeb.Core.SystemSettings.Services.ClearLogsTask" . [(null)]
2017-04-26 09:59:59,621 [10] BntWeb.Task.BackgroundService - (null) - 后台任务执行完成 "BntWeb.Wallet.Services.WalletTask" . [(null)]
2017-04-26 09:59:59,631 [14] BntWeb.Task.BackgroundService - (null) - 后台任务执行完成 "BntWeb.Activity.Services.ActivityOperateTask" . [(null)]
2017-04-26 10:00:59,185 [8] BntWeb.Task.BackgroundService - (null) - 开始执行后台任务 "BntWeb.Core.SystemSettings.Services.ClearLogsTask" . [(null)]
2017-04-26 10:00:59,185 [7] BntWeb.Task.BackgroundService - (null) - 开始执行后台任务 "BntWeb.Core.SystemSettings.Services.ClearFilesTask" . [(null)]
2017-04-26 10:00:59,185 [14] BntWeb.Task.BackgroundService - (null) - 开始执行后台任务 "BntWeb.Activity.Services.ActivityOperateTask" . [(null)]
2017-04-26 10:00:59,185 [9] BntWeb.Task.BackgroundService - (null) - 开始执行后台任务 "BntWeb.Wallet.Services.WalletTask" . [(null)]
2017-04-26 10:00:59,212 [8] BntWeb.Task.BackgroundService - (null) - 后台任务执行完成 "BntWeb.Core.SystemSettings.Services.ClearLogsTask" . [(null)]
2017-04-26 10:00:59,229 [7] BntWeb.Task.BackgroundService - (null) - 后台任务执行完成 "BntWeb.Core.SystemSettings.Services.ClearFilesTask" . [(null)]
2017-04-26 10:00:59,368 [9] BntWeb.Task.BackgroundService - (null) - 后台任务执行完成 "BntWeb.Wallet.Services.WalletTask" . [(null)]
2017-04-26 10:00:59,451 [14] BntWeb.Task.BackgroundService - (null) - 后台任务执行完成 "BntWeb.Activity.Services.ActivityOperateTask" . [(null)]
2017-04-26 10:01:59,196 [7] BntWeb.Task.BackgroundService - (null) - 开始执行后台任务 "BntWeb.Wallet.Services.WalletTask" . [(null)]
2017-04-26 10:01:59,196 [16] BntWeb.Task.BackgroundService - (null) - 开始执行后台任务 "BntWeb.Core.SystemSettings.Services.ClearLogsTask" . [(null)]
2017-04-26 10:01:59,196 [8] BntWeb.Task.BackgroundService - (null) - 开始执行后台任务 "BntWeb.Core.SystemSettings.Services.ClearFilesTask" . [(null)]
2017-04-26 10:01:59,196 [9] BntWeb.Task.BackgroundService - (null) - 开始执行后台任务 "BntWeb.Activity.Services.ActivityOperateTask" . [(null)]
2017-04-26 10:01:59,212 [7] BntWeb.Task.BackgroundService - (null) - 后台任务执行完成 "BntWeb.Wallet.Services.WalletTask" . [(null)]
2017-04-26 10:01:59,228 [16] BntWeb.Task.BackgroundService - (null) - 后台任务执行完成 "BntWeb.Core.SystemSettings.Services.ClearLogsTask" . [(null)]
2017-04-26 10:01:59,228 [8] BntWeb.Task.BackgroundService - (null) - 后台任务执行完成 "BntWeb.Core.SystemSettings.Services.ClearFilesTask" . [(null)]
2017-04-26 10:01:59,243 [9] BntWeb.Task.BackgroundService - (null) - 后台任务执行完成 "BntWeb.Activity.Services.ActivityOperateTask" . [(null)]
2017-04-26 10:02:59,201 [7] BntWeb.Task.BackgroundService - (null) - 开始执行后台任务 "BntWeb.Core.SystemSettings.Services.ClearFilesTask" . [(null)]
2017-04-26 10:02:59,201 [19] BntWeb.Task.BackgroundService - (null) - 开始执行后台任务 "BntWeb.Core.SystemSettings.Services.ClearLogsTask" . [(null)]
2017-04-26 10:02:59,201 [16] BntWeb.Task.BackgroundService - (null) - 开始执行后台任务 "BntWeb.Wallet.Services.WalletTask" . [(null)]
2017-04-26 10:02:59,201 [9] BntWeb.Task.BackgroundService - (null) - 开始执行后台任务 "BntWeb.Activity.Services.ActivityOperateTask" . [(null)]
2017-04-26 10:02:59,232 [16] BntWeb.Task.BackgroundService - (null) - 后台任务执行完成 "BntWeb.Wallet.Services.WalletTask" . [(null)]
2017-04-26 10:02:59,232 [19] BntWeb.Task.BackgroundService - (null) - 后台任务执行完成 "BntWeb.Core.SystemSettings.Services.ClearLogsTask" . [(null)]
2017-04-26 10:02:59,266 [9] BntWeb.Task.BackgroundService - (null) - 后台任务执行完成 "BntWeb.Activity.Services.ActivityOperateTask" . [(null)]
2017-04-26 10:02:59,267 [7] BntWeb.Task.BackgroundService - (null) - 后台任务执行完成 "BntWeb.Core.SystemSettings.Services.ClearFilesTask" . [(null)]
2017-04-26 10:03:59,206 [19] BntWeb.Task.BackgroundService - (null) - 开始执行后台任务 "BntWeb.Core.SystemSettings.Services.ClearFilesTask" . [(null)]
2017-04-26 10:03:59,206 [14] BntWeb.Task.BackgroundService - (null) - 开始执行后台任务 "BntWeb.Activity.Services.ActivityOperateTask" . [(null)]
2017-04-26 10:03:59,206 [16] BntWeb.Task.BackgroundService - (null) - 开始执行后台任务 "BntWeb.Core.SystemSettings.Services.ClearLogsTask" . [(null)]
2017-04-26 10:03:59,206 [7] BntWeb.Task.BackgroundService - (null) - 开始执行后台任务 "BntWeb.Wallet.Services.WalletTask" . [(null)]
2017-04-26 10:03:59,238 [7] BntWeb.Task.BackgroundService - (null) - 后台任务执行完成 "BntWeb.Wallet.Services.WalletTask" . [(null)]
2017-04-26 10:03:59,238 [16] BntWeb.Task.BackgroundService - (null) - 后台任务执行完成 "BntWeb.Core.SystemSettings.Services.ClearLogsTask" . [(null)]
2017-04-26 10:03:59,253 [19] BntWeb.Task.BackgroundService - (null) - 后台任务执行完成 "BntWeb.Core.SystemSettings.Services.ClearFilesTask" . [(null)]
2017-04-26 10:03:59,253 [14] BntWeb.Task.BackgroundService - (null) - 后台任务执行完成 "BntWeb.Activity.Services.ActivityOperateTask" . [(null)]
2017-04-26 10:04:59,209 [16] BntWeb.Task.BackgroundService - (null) - 开始执行后台任务 "BntWeb.Core.SystemSettings.Services.ClearFilesTask" . [(null)]
2017-04-26 10:04:59,209 [7] BntWeb.Task.BackgroundService - (null) - 开始执行后台任务 "BntWeb.Activity.Services.ActivityOperateTask" . [(null)]
2017-04-26 10:04:59,209 [5] BntWeb.Task.BackgroundService - (null) - 开始执行后台任务 "BntWeb.Wallet.Services.WalletTask" . [(null)]
2017-04-26 10:04:59,209 [21] BntWeb.Task.BackgroundService - (null) - 开始执行后台任务 "BntWeb.Core.SystemSettings.Services.ClearLogsTask" . [(null)]
2017-04-26 10:04:59,240 [5] BntWeb.Task.BackgroundService - (null) - 后台任务执行完成 "BntWeb.Wallet.Services.WalletTask" . [(null)]
2017-04-26 10:04:59,240 [21] BntWeb.Task.BackgroundService - (null) - 后台任务执行完成 "BntWeb.Core.SystemSettings.Services.ClearLogsTask" . [(null)]
2017-04-26 10:04:59,256 [16] BntWeb.Task.BackgroundService - (null) - 后台任务执行完成 "BntWeb.Core.SystemSettings.Services.ClearFilesTask" . [(null)]
2017-04-26 10:04:59,256 [7] BntWeb.Task.BackgroundService - (null) - 后台任务执行完成 "BntWeb.Activity.Services.ActivityOperateTask" . [(null)]
2017-04-26 10:05:59,209 [5] BntWeb.Task.BackgroundService - (null) - 开始执行后台任务 "BntWeb.Wallet.Services.WalletTask" . [(null)]
2017-04-26 10:05:59,209 [11] BntWeb.Task.BackgroundService - (null) - 开始执行后台任务 "BntWeb.Core.SystemSettings.Services.ClearFilesTask" . [(null)]
2017-04-26 10:05:59,209 [16] BntWeb.Task.BackgroundService - (null) - 开始执行后台任务 "BntWeb.Core.SystemSettings.Services.ClearLogsTask" . [(null)]
2017-04-26 10:05:59,209 [7] BntWeb.Task.BackgroundService - (null) - 开始执行后台任务 "BntWeb.Activity.Services.ActivityOperateTask" . [(null)]
2017-04-26 10:05:59,240 [5] BntWeb.Task.BackgroundService - (null) - 后台任务执行完成 "BntWeb.Wallet.Services.WalletTask" . [(null)]
2017-04-26 10:05:59,240 [16] BntWeb.Task.BackgroundService - (null) - 后台任务执行完成 "BntWeb.Core.SystemSettings.Services.ClearLogsTask" . [(null)]
2017-04-26 10:05:59,256 [11] BntWeb.Task.BackgroundService - (null) - 后台任务执行完成 "BntWeb.Core.SystemSettings.Services.ClearFilesTask" . [(null)]
2017-04-26 10:05:59,256 [7] BntWeb.Task.BackgroundService - (null) - 后台任务执行完成 "BntWeb.Activity.Services.ActivityOperateTask" . [(null)]
2017-04-26 10:06:59,219 [18] BntWeb.Task.BackgroundService - (null) - 开始执行后台任务 "BntWeb.Activity.Services.ActivityOperateTask" . [(null)]
2017-04-26 10:06:59,219 [14] BntWeb.Task.BackgroundService - (null) - 开始执行后台任务 "BntWeb.Wallet.Services.WalletTask" . [(null)]
2017-04-26 10:06:59,219 [5] BntWeb.Task.BackgroundService - (null) - 开始执行后台任务 "BntWeb.Core.SystemSettings.Services.ClearLogsTask" . [(null)]
2017-04-26 10:06:59,219 [21] BntWeb.Task.BackgroundService - (null) - 开始执行后台任务 "BntWeb.Core.SystemSettings.Services.ClearFilesTask" . [(null)]
2017-04-26 10:06:59,250 [14] BntWeb.Task.BackgroundService - (null) - 后台任务执行完成 "BntWeb.Wallet.Services.WalletTask" . [(null)]
2017-04-26 10:06:59,250 [5] BntWeb.Task.BackgroundService - (null) - 后台任务执行完成 "BntWeb.Core.SystemSettings.Services.ClearLogsTask" . [(null)]
2017-04-26 10:06:59,266 [21] BntWeb.Task.BackgroundService - (null) - 后台任务执行完成 "BntWeb.Core.SystemSettings.Services.ClearFilesTask" . [(null)]
2017-04-26 10:06:59,266 [18] BntWeb.Task.BackgroundService - (null) - 后台任务执行完成 "BntWeb.Activity.Services.ActivityOperateTask" . [(null)]
2017-04-26 10:07:59,225 [14] BntWeb.Task.BackgroundService - (null) - 开始执行后台任务 "BntWeb.Wallet.Services.WalletTask" . [(null)]
2017-04-26 10:07:59,225 [15] BntWeb.Task.BackgroundService - (null) - 开始执行后台任务 "BntWeb.Core.SystemSettings.Services.ClearFilesTask" . [(null)]
2017-04-26 10:07:59,225 [18] BntWeb.Task.BackgroundService - (null) - 开始执行后台任务 "BntWeb.Activity.Services.ActivityOperateTask" . [(null)]
2017-04-26 10:07:59,225 [22] BntWeb.Task.BackgroundService - (null) - 开始执行后台任务 "BntWeb.Core.SystemSettings.Services.ClearLogsTask" . [(null)]
2017-04-26 10:07:59,251 [14] BntWeb.Task.BackgroundService - (null) - 后台任务执行完成 "BntWeb.Wallet.Services.WalletTask" . [(null)]
2017-04-26 10:07:59,251 [22] BntWeb.Task.BackgroundService - (null) - 后台任务执行完成 "BntWeb.Core.SystemSettings.Services.ClearLogsTask" . [(null)]
2017-04-26 10:07:59,264 [18] BntWeb.Task.BackgroundService - (null) - 后台任务执行完成 "BntWeb.Activity.Services.ActivityOperateTask" . [(null)]
2017-04-26 10:07:59,277 [15] BntWeb.Task.BackgroundService - (null) - 后台任务执行完成 "BntWeb.Core.SystemSettings.Services.ClearFilesTask" . [(null)]
2017-04-26 10:08:59,240 [24] BntWeb.Task.BackgroundService - (null) - 开始执行后台任务 "BntWeb.Core.SystemSettings.Services.ClearFilesTask" . [(null)]
2017-04-26 10:08:59,240 [15] BntWeb.Task.BackgroundService - (null) - 开始执行后台任务 "BntWeb.Wallet.Services.WalletTask" . [(null)]
2017-04-26 10:08:59,240 [22] BntWeb.Task.BackgroundService - (null) - 开始执行后台任务 "BntWeb.Core.SystemSettings.Services.ClearLogsTask" . [(null)]
2017-04-26 10:08:59,240 [18] BntWeb.Task.BackgroundService - (null) - 开始执行后台任务 "BntWeb.Activity.Services.ActivityOperateTask" . [(null)]
2017-04-26 10:08:59,256 [15] BntWeb.Task.BackgroundService - (null) - 后台任务执行完成 "BntWeb.Wallet.Services.WalletTask" . [(null)]
2017-04-26 10:08:59,272 [22] BntWeb.Task.BackgroundService - (null) - 后台任务执行完成 "BntWeb.Core.SystemSettings.Services.ClearLogsTask" . [(null)]
2017-04-26 10:08:59,287 [24] BntWeb.Task.BackgroundService - (null) - 后台任务执行完成 "BntWeb.Core.SystemSettings.Services.ClearFilesTask" . [(null)]
2017-04-26 10:08:59,287 [18] BntWeb.Task.BackgroundService - (null) - 后台任务执行完成 "BntWeb.Activity.Services.ActivityOperateTask" . [(null)]
2017-04-26 10:09:59,253 [28] BntWeb.Task.BackgroundService - (null) - 开始执行后台任务 "BntWeb.Core.SystemSettings.Services.ClearFilesTask" . [(null)]
2017-04-26 10:09:59,253 [18] BntWeb.Task.BackgroundService - (null) - 开始执行后台任务 "BntWeb.Wallet.Services.WalletTask" . [(null)]
2017-04-26 10:09:59,253 [22] BntWeb.Task.BackgroundService - (null) - 开始执行后台任务 "BntWeb.Activity.Services.ActivityOperateTask" . [(null)]
2017-04-26 10:09:59,253 [15] BntWeb.Task.BackgroundService - (null) - 开始执行后台任务 "BntWeb.Core.SystemSettings.Services.ClearLogsTask" . [(null)]
2017-04-26 10:09:59,284 [18] BntWeb.Task.BackgroundService - (null) - 后台任务执行完成 "BntWeb.Wallet.Services.WalletTask" . [(null)]
2017-04-26 10:09:59,284 [15] BntWeb.Task.BackgroundService - (null) - 后台任务执行完成 "BntWeb.Core.SystemSettings.Services.ClearLogsTask" . [(null)]
2017-04-26 10:09:59,300 [28] BntWeb.Task.BackgroundService - (null) - 后台任务执行完成 "BntWeb.Core.SystemSettings.Services.ClearFilesTask" . [(null)]
2017-04-26 10:09:59,300 [22] BntWeb.Task.BackgroundService - (null) - 后台任务执行完成 "BntWeb.Activity.Services.ActivityOperateTask" . [(null)]
2017-04-26 10:10:59,256 [33] BntWeb.Task.BackgroundService - (null) - 开始执行后台任务 "BntWeb.Core.SystemSettings.Services.ClearFilesTask" . [(null)]
2017-04-26 10:10:59,256 [34] BntWeb.Task.BackgroundService - (null) - 开始执行后台任务 "BntWeb.Wallet.Services.WalletTask" . [(null)]
2017-04-26 10:10:59,256 [22] BntWeb.Task.BackgroundService - (null) - 开始执行后台任务 "BntWeb.Core.SystemSettings.Services.ClearLogsTask" . [(null)]
2017-04-26 10:10:59,256 [18] BntWeb.Task.BackgroundService - (null) - 开始执行后台任务 "BntWeb.Activity.Services.ActivityOperateTask" . [(null)]
2017-04-26 10:10:59,287 [34] BntWeb.Task.BackgroundService - (null) - 后台任务执行完成 "BntWeb.Wallet.Services.WalletTask" . [(null)]
2017-04-26 10:10:59,287 [22] BntWeb.Task.BackgroundService - (null) - 后台任务执行完成 "BntWeb.Core.SystemSettings.Services.ClearLogsTask" . [(null)]
2017-04-26 10:10:59,303 [33] BntWeb.Task.BackgroundService - (null) - 后台任务执行完成 "BntWeb.Core.SystemSettings.Services.ClearFilesTask" . [(null)]
2017-04-26 10:10:59,303 [18] BntWeb.Task.BackgroundService - (null) - 后台任务执行完成 "BntWeb.Activity.Services.ActivityOperateTask" . [(null)]
2017-04-26 10:11:09,178 [22] BntWeb.MemberBase.Services.MemberService - (null) - 添加会员-15558052050:d04ee783-751e-4286-8f53-55e47acbfb41     会员基础  Warning [http://localhost:8003/Api/v1/Member]
2017-04-26 10:11:59,268 [22] BntWeb.Task.BackgroundService - (null) - 开始执行后台任务 "BntWeb.Core.SystemSettings.Services.ClearFilesTask" . [(null)]
2017-04-26 10:11:59,268 [34] BntWeb.Task.BackgroundService - (null) - 开始执行后台任务 "BntWeb.Core.SystemSettings.Services.ClearLogsTask" . [(null)]
2017-04-26 10:11:59,268 [35] BntWeb.Task.BackgroundService - (null) - 开始执行后台任务 "BntWeb.Wallet.Services.WalletTask" . [(null)]
2017-04-26 10:11:59,268 [33] BntWeb.Task.BackgroundService - (null) - 开始执行后台任务 "BntWeb.Activity.Services.ActivityOperateTask" . [(null)]
2017-04-26 10:11:59,283 [34] BntWeb.Task.BackgroundService - (null) - 后台任务执行完成 "BntWeb.Core.SystemSettings.Services.ClearLogsTask" . [(null)]
2017-04-26 10:11:59,283 [35] BntWeb.Task.BackgroundService - (null) - 后台任务执行完成 "BntWeb.Wallet.Services.WalletTask" . [(null)]
2017-04-26 10:11:59,283 [22] BntWeb.Task.BackgroundService - (null) - 后台任务执行完成 "BntWeb.Core.SystemSettings.Services.ClearFilesTask" . [(null)]
2017-04-26 10:11:59,461 [33] BntWeb.Task.BackgroundService - (null) - 后台任务执行完成 "BntWeb.Activity.Services.ActivityOperateTask" . [(null)]
2017-04-26 10:12:59,282 [38] BntWeb.Task.BackgroundService - (null) - 开始执行后台任务 "BntWeb.Core.SystemSettings.Services.ClearFilesTask" . [(null)]
2017-04-26 10:12:59,283 [35] BntWeb.Task.BackgroundService - (null) - 开始执行后台任务 "BntWeb.Core.SystemSettings.Services.ClearLogsTask" . [(null)]
2017-04-26 10:12:59,283 [22] BntWeb.Task.BackgroundService - (null) - 开始执行后台任务 "BntWeb.Wallet.Services.WalletTask" . [(null)]
2017-04-26 10:12:59,283 [33] BntWeb.Task.BackgroundService - (null) - 开始执行后台任务 "BntWeb.Activity.Services.ActivityOperateTask" . [(null)]
2017-04-26 10:12:59,316 [35] BntWeb.Task.BackgroundService - (null) - 后台任务执行完成 "BntWeb.Core.SystemSettings.Services.ClearLogsTask" . [(null)]
2017-04-26 10:12:59,319 [38] BntWeb.Task.BackgroundService - (null) - 后台任务执行完成 "BntWeb.Core.SystemSettings.Services.ClearFilesTask" . [(null)]
2017-04-26 10:12:59,319 [22] BntWeb.Task.BackgroundService - (null) - 后台任务执行完成 "BntWeb.Wallet.Services.WalletTask" . [(null)]
2017-04-26 10:12:59,349 [33] BntWeb.Task.BackgroundService - (null) - 后台任务执行完成 "BntWeb.Activity.Services.ActivityOperateTask" . [(null)]
2017-04-26 10:13:59,297 [33] BntWeb.Task.BackgroundService - (null) - 开始执行后台任务 "BntWeb.Wallet.Services.WalletTask" . [(null)]
2017-04-26 10:13:59,297 [35] BntWeb.Task.BackgroundService - (null) - 开始执行后台任务 "BntWeb.Core.SystemSettings.Services.ClearLogsTask" . [(null)]
2017-04-26 10:13:59,297 [40] BntWeb.Task.BackgroundService - (null) - 开始执行后台任务 "BntWeb.Core.SystemSettings.Services.ClearFilesTask" . [(null)]
2017-04-26 10:13:59,297 [39] BntWeb.Task.BackgroundService - (null) - 开始执行后台任务 "BntWeb.Activity.Services.ActivityOperateTask" . [(null)]
2017-04-26 10:13:59,312 [35] BntWeb.Task.BackgroundService - (null) - 后台任务执行完成 "BntWeb.Core.SystemSettings.Services.ClearLogsTask" . [(null)]
2017-04-26 10:13:59,328 [33] BntWeb.Task.BackgroundService - (null) - 后台任务执行完成 "BntWeb.Wallet.Services.WalletTask" . [(null)]
2017-04-26 10:13:59,344 [39] BntWeb.Task.BackgroundService - (null) - 后台任务执行完成 "BntWeb.Activity.Services.ActivityOperateTask" . [(null)]
2017-04-26 10:13:59,344 [40] BntWeb.Task.BackgroundService - (null) - 后台任务执行完成 "BntWeb.Core.SystemSettings.Services.ClearFilesTask" . [(null)]
2017-04-26 10:14:59,311 [29] BntWeb.Task.BackgroundService - (null) - 开始执行后台任务 "BntWeb.Activity.Services.ActivityOperateTask" . [(null)]
2017-04-26 10:14:59,311 [40] BntWeb.Task.BackgroundService - (null) - 开始执行后台任务 "BntWeb.Wallet.Services.WalletTask" . [(null)]
2017-04-26 10:14:59,311 [33] BntWeb.Task.BackgroundService - (null) - 开始执行后台任务 "BntWeb.Core.SystemSettings.Services.ClearLogsTask" . [(null)]
2017-04-26 10:14:59,311 [39] BntWeb.Task.BackgroundService - (null) - 开始执行后台任务 "BntWeb.Core.SystemSettings.Services.ClearFilesTask" . [(null)]
2017-04-26 10:14:59,342 [40] BntWeb.Task.BackgroundService - (null) - 后台任务执行完成 "BntWeb.Wallet.Services.WalletTask" . [(null)]
2017-04-26 10:14:59,342 [33] BntWeb.Task.BackgroundService - (null) - 后台任务执行完成 "BntWeb.Core.SystemSettings.Services.ClearLogsTask" . [(null)]
2017-04-26 10:14:59,342 [39] BntWeb.Task.BackgroundService - (null) - 后台任务执行完成 "BntWeb.Core.SystemSettings.Services.ClearFilesTask" . [(null)]
2017-04-26 10:14:59,373 [29] BntWeb.Task.BackgroundService - (null) - 后台任务执行完成 "BntWeb.Activity.Services.ActivityOperateTask" . [(null)]
2017-04-26 10:15:59,310 [33] BntWeb.Task.BackgroundService - (null) - 开始执行后台任务 "BntWeb.Core.SystemSettings.Services.ClearFilesTask" . [(null)]
2017-04-26 10:15:59,310 [29] BntWeb.Task.BackgroundService - (null) - 开始执行后台任务 "BntWeb.Activity.Services.ActivityOperateTask" . [(null)]
2017-04-26 10:15:59,310 [39] BntWeb.Task.BackgroundService - (null) - 开始执行后台任务 "BntWeb.Core.SystemSettings.Services.ClearLogsTask" . [(null)]
2017-04-26 10:15:59,310 [35] BntWeb.Task.BackgroundService - (null) - 开始执行后台任务 "BntWeb.Wallet.Services.WalletTask" . [(null)]
2017-04-26 10:15:59,342 [39] BntWeb.Task.BackgroundService - (null) - 后台任务执行完成 "BntWeb.Core.SystemSettings.Services.ClearLogsTask" . [(null)]
2017-04-26 10:15:59,342 [35] BntWeb.Task.BackgroundService - (null) - 后台任务执行完成 "BntWeb.Wallet.Services.WalletTask" . [(null)]
2017-04-26 10:15:59,357 [33] BntWeb.Task.BackgroundService - (null) - 后台任务执行完成 "BntWeb.Core.SystemSettings.Services.ClearFilesTask" . [(null)]
2017-04-26 10:15:59,727 [29] BntWeb.Task.BackgroundService - (null) - 后台任务执行完成 "BntWeb.Activity.Services.ActivityOperateTask" . [(null)]
2017-04-26 10:16:59,319 [29] BntWeb.Task.BackgroundService - (null) - 开始执行后台任务 "BntWeb.Core.SystemSettings.Services.ClearLogsTask" . [(null)]
2017-04-26 10:16:59,319 [35] BntWeb.Task.BackgroundService - (null) - 开始执行后台任务 "BntWeb.Core.SystemSettings.Services.ClearFilesTask" . [(null)]
2017-04-26 10:16:59,319 [33] BntWeb.Task.BackgroundService - (null) - 开始执行后台任务 "BntWeb.Activity.Services.ActivityOperateTask" . [(null)]
2017-04-26 10:16:59,319 [39] BntWeb.Task.BackgroundService - (null) - 开始执行后台任务 "BntWeb.Wallet.Services.WalletTask" . [(null)]
2017-04-26 10:16:59,335 [29] BntWeb.Task.BackgroundService - (null) - 后台任务执行完成 "BntWeb.Core.SystemSettings.Services.ClearLogsTask" . [(null)]
2017-04-26 10:16:59,335 [39] BntWeb.Task.BackgroundService - (null) - 后台任务执行完成 "BntWeb.Wallet.Services.WalletTask" . [(null)]
2017-04-26 10:16:59,350 [35] BntWeb.Task.BackgroundService - (null) - 后台任务执行完成 "BntWeb.Core.SystemSettings.Services.ClearFilesTask" . [(null)]
2017-04-26 10:16:59,372 [33] BntWeb.Task.BackgroundService - (null) - 后台任务执行完成 "BntWeb.Activity.Services.ActivityOperateTask" . [(null)]
2017-04-26 10:17:59,333 [33] BntWeb.Task.BackgroundService - (null) - 开始执行后台任务 "BntWeb.Core.SystemSettings.Services.ClearFilesTask" . [(null)]
2017-04-26 10:17:59,334 [35] BntWeb.Task.BackgroundService - (null) - 开始执行后台任务 "BntWeb.Core.SystemSettings.Services.ClearLogsTask" . [(null)]
2017-04-26 10:17:59,334 [29] BntWeb.Task.BackgroundService - (null) - 开始执行后台任务 "BntWeb.Activity.Services.ActivityOperateTask" . [(null)]
2017-04-26 10:17:59,333 [45] BntWeb.Task.BackgroundService - (null) - 开始执行后台任务 "BntWeb.Wallet.Services.WalletTask" . [(null)]
2017-04-26 10:17:59,379 [35] BntWeb.Task.BackgroundService - (null) - 后台任务执行完成 "BntWeb.Core.SystemSettings.Services.ClearLogsTask" . [(null)]
2017-04-26 10:17:59,383 [33] BntWeb.Task.BackgroundService - (null) - 后台任务执行完成 "BntWeb.Core.SystemSettings.Services.ClearFilesTask" . [(null)]
2017-04-26 10:17:59,383 [45] BntWeb.Task.BackgroundService - (null) - 后台任务执行完成 "BntWeb.Wallet.Services.WalletTask" . [(null)]
2017-04-26 10:17:59,417 [29] BntWeb.Task.BackgroundService - (null) - 后台任务执行完成 "BntWeb.Activity.Services.ActivityOperateTask" . [(null)]
2017-04-26 10:18:59,341 [42] BntWeb.Task.BackgroundService - (null) - 开始执行后台任务 "BntWeb.Core.SystemSettings.Services.ClearLogsTask" . [(null)]
2017-04-26 10:18:59,341 [47] BntWeb.Task.BackgroundService - (null) - 开始执行后台任务 "BntWeb.Core.SystemSettings.Services.ClearFilesTask" . [(null)]
2017-04-26 10:18:59,341 [29] BntWeb.Task.BackgroundService - (null) - 开始执行后台任务 "BntWeb.Wallet.Services.WalletTask" . [(null)]
2017-04-26 10:18:59,341 [35] BntWeb.Task.BackgroundService - (null) - 开始执行后台任务 "BntWeb.Activity.Services.ActivityOperateTask" . [(null)]
2017-04-26 10:18:59,366 [42] BntWeb.Task.BackgroundService - (null) - 后台任务执行完成 "BntWeb.Core.SystemSettings.Services.ClearLogsTask" . [(null)]
2017-04-26 10:18:59,369 [29] BntWeb.Task.BackgroundService - (null) - 后台任务执行完成 "BntWeb.Wallet.Services.WalletTask" . [(null)]
2017-04-26 10:18:59,372 [47] BntWeb.Task.BackgroundService - (null) - 后台任务执行完成 "BntWeb.Core.SystemSettings.Services.ClearFilesTask" . [(null)]
2017-04-26 10:18:59,381 [35] BntWeb.Task.BackgroundService - (null) - 后台任务执行完成 "BntWeb.Activity.Services.ActivityOperateTask" . [(null)]
2017-04-26 10:19:59,356 [47] BntWeb.Task.BackgroundService - (null) - 开始执行后台任务 "BntWeb.Activity.Services.ActivityOperateTask" . [(null)]
2017-04-26 10:19:59,356 [29] BntWeb.Task.BackgroundService - (null) - 开始执行后台任务 "BntWeb.Core.SystemSettings.Services.ClearLogsTask" . [(null)]
2017-04-26 10:19:59,356 [42] BntWeb.Task.BackgroundService - (null) - 开始执行后台任务 "BntWeb.Wallet.Services.WalletTask" . [(null)]
2017-04-26 10:19:59,356 [30] BntWeb.Task.BackgroundService - (null) - 开始执行后台任务 "BntWeb.Core.SystemSettings.Services.ClearFilesTask" . [(null)]
2017-04-26 10:19:59,380 [29] BntWeb.Task.BackgroundService - (null) - 后台任务执行完成 "BntWeb.Core.SystemSettings.Services.ClearLogsTask" . [(null)]
2017-04-26 10:19:59,381 [42] BntWeb.Task.BackgroundService - (null) - 后台任务执行完成 "BntWeb.Wallet.Services.WalletTask" . [(null)]
2017-04-26 10:19:59,383 [30] BntWeb.Task.BackgroundService - (null) - 后台任务执行完成 "BntWeb.Core.SystemSettings.Services.ClearFilesTask" . [(null)]
2017-04-26 10:19:59,383 [47] BntWeb.Task.BackgroundService - (null) - 后台任务执行完成 "BntWeb.Activity.Services.ActivityOperateTask" . [(null)]
2017-04-26 10:20:59,361 [30] BntWeb.Task.BackgroundService - (null) - 开始执行后台任务 "BntWeb.Core.SystemSettings.Services.ClearFilesTask" . [(null)]
2017-04-26 10:20:59,361 [47] BntWeb.Task.BackgroundService - (null) - 开始执行后台任务 "BntWeb.Activity.Services.ActivityOperateTask" . [(null)]
2017-04-26 10:20:59,361 [29] BntWeb.Task.BackgroundService - (null) - 开始执行后台任务 "BntWeb.Wallet.Services.WalletTask" . [(null)]
2017-04-26 10:20:59,361 [42] BntWeb.Task.BackgroundService - (null) - 开始执行后台任务 "BntWeb.Core.SystemSettings.Services.ClearLogsTask" . [(null)]
2017-04-26 10:20:59,383 [29] BntWeb.Task.BackgroundService - (null) - 后台任务执行完成 "BntWeb.Wallet.Services.WalletTask" . [(null)]
2017-04-26 10:20:59,383 [42] BntWeb.Task.BackgroundService - (null) - 后台任务执行完成 "BntWeb.Core.SystemSettings.Services.ClearLogsTask" . [(null)]
2017-04-26 10:20:59,387 [30] BntWeb.Task.BackgroundService - (null) - 后台任务执行完成 "BntWeb.Core.SystemSettings.Services.ClearFilesTask" . [(null)]
2017-04-26 10:20:59,403 [47] BntWeb.Task.BackgroundService - (null) - 后台任务执行完成 "BntWeb.Activity.Services.ActivityOperateTask" . [(null)]
2017-04-26 10:21:59,365 [44] BntWeb.Task.BackgroundService - (null) - 开始执行后台任务 "BntWeb.Core.SystemSettings.Services.ClearFilesTask" . [(null)]
2017-04-26 10:21:59,365 [29] BntWeb.Task.BackgroundService - (null) - 开始执行后台任务 "BntWeb.Core.SystemSettings.Services.ClearLogsTask" . [(null)]
2017-04-26 10:21:59,365 [30] BntWeb.Task.BackgroundService - (null) - 开始执行后台任务 "BntWeb.Activity.Services.ActivityOperateTask" . [(null)]
2017-04-26 10:21:59,365 [47] BntWeb.Task.BackgroundService - (null) - 开始执行后台任务 "BntWeb.Wallet.Services.WalletTask" . [(null)]
2017-04-26 10:21:59,387 [29] BntWeb.Task.BackgroundService - (null) - 后台任务执行完成 "BntWeb.Core.SystemSettings.Services.ClearLogsTask" . [(null)]
2017-04-26 10:21:59,388 [47] BntWeb.Task.BackgroundService - (null) - 后台任务执行完成 "BntWeb.Wallet.Services.WalletTask" . [(null)]
2017-04-26 10:21:59,392 [44] BntWeb.Task.BackgroundService - (null) - 后台任务执行完成 "BntWeb.Core.SystemSettings.Services.ClearFilesTask" . [(null)]
2017-04-26 10:21:59,392 [30] BntWeb.Task.BackgroundService - (null) - 后台任务执行完成 "BntWeb.Activity.Services.ActivityOperateTask" . [(null)]
2017-04-26 10:22:59,389 [54] BntWeb.Task.BackgroundService - (null) - 开始执行后台任务 "BntWeb.Core.SystemSettings.Services.ClearFilesTask" . [(null)]
2017-04-26 10:22:59,389 [47] BntWeb.Task.BackgroundService - (null) - 开始执行后台任务 "BntWeb.Core.SystemSettings.Services.ClearLogsTask" . [(null)]
2017-04-26 10:22:59,389 [30] BntWeb.Task.BackgroundService - (null) - 开始执行后台任务 "BntWeb.Activity.Services.ActivityOperateTask" . [(null)]
2017-04-26 10:22:59,389 [52] BntWeb.Task.BackgroundService - (null) - 开始执行后台任务 "BntWeb.Wallet.Services.WalletTask" . [(null)]
2017-04-26 10:22:59,404 [47] BntWeb.Task.BackgroundService - (null) - 后台任务执行完成 "BntWeb.Core.SystemSettings.Services.ClearLogsTask" . [(null)]
2017-04-26 10:22:59,404 [54] BntWeb.Task.BackgroundService - (null) - 后台任务执行完成 "BntWeb.Core.SystemSettings.Services.ClearFilesTask" . [(null)]
2017-04-26 10:22:59,404 [52] BntWeb.Task.BackgroundService - (null) - 后台任务执行完成 "BntWeb.Wallet.Services.WalletTask" . [(null)]
2017-04-26 10:22:59,435 [30] BntWeb.Task.BackgroundService - (null) - 后台任务执行完成 "BntWeb.Activity.Services.ActivityOperateTask" . [(null)]
2017-04-26 10:23:59,395 [47] BntWeb.Task.BackgroundService - (null) - 开始执行后台任务 "BntWeb.Core.SystemSettings.Services.ClearFilesTask" . [(null)]
2017-04-26 10:23:59,395 [59] BntWeb.Task.BackgroundService - (null) - 开始执行后台任务 "BntWeb.Activity.Services.ActivityOperateTask" . [(null)]
2017-04-26 10:23:59,395 [54] BntWeb.Task.BackgroundService - (null) - 开始执行后台任务 "BntWeb.Wallet.Services.WalletTask" . [(null)]
2017-04-26 10:23:59,395 [52] BntWeb.Task.BackgroundService - (null) - 开始执行后台任务 "BntWeb.Core.SystemSettings.Services.ClearLogsTask" . [(null)]
2017-04-26 10:23:59,411 [54] BntWeb.Task.BackgroundService - (null) - 后台任务执行完成 "BntWeb.Wallet.Services.WalletTask" . [(null)]
2017-04-26 10:23:59,411 [52] BntWeb.Task.BackgroundService - (null) - 后台任务执行完成 "BntWeb.Core.SystemSettings.Services.ClearLogsTask" . [(null)]
2017-04-26 10:23:59,411 [47] BntWeb.Task.BackgroundService - (null) - 后台任务执行完成 "BntWeb.Core.SystemSettings.Services.ClearFilesTask" . [(null)]
2017-04-26 10:23:59,427 [59] BntWeb.Task.BackgroundService - (null) - 后台任务执行完成 "BntWeb.Activity.Services.ActivityOperateTask" . [(null)]
2017-04-26 10:24:59,410 [30] BntWeb.Task.BackgroundService - (null) - 开始执行后台任务 "BntWeb.Core.SystemSettings.Services.ClearFilesTask" . [(null)]
2017-04-26 10:24:59,410 [52] BntWeb.Task.BackgroundService - (null) - 开始执行后台任务 "BntWeb.Wallet.Services.WalletTask" . [(null)]
2017-04-26 10:24:59,410 [54] BntWeb.Task.BackgroundService - (null) - 开始执行后台任务 "BntWeb.Core.SystemSettings.Services.ClearLogsTask" . [(null)]
2017-04-26 10:24:59,410 [59] BntWeb.Task.BackgroundService - (null) - 开始执行后台任务 "BntWeb.Activity.Services.ActivityOperateTask" . [(null)]
2017-04-26 10:24:59,426 [54] BntWeb.Task.BackgroundService - (null) - 后台任务执行完成 "BntWeb.Core.SystemSettings.Services.ClearLogsTask" . [(null)]
2017-04-26 10:24:59,426 [52] BntWeb.Task.BackgroundService - (null) - 后台任务执行完成 "BntWeb.Wallet.Services.WalletTask" . [(null)]
2017-04-26 10:24:59,426 [30] BntWeb.Task.BackgroundService - (null) - 后台任务执行完成 "BntWeb.Core.SystemSettings.Services.ClearFilesTask" . [(null)]
2017-04-26 10:24:59,460 [59] BntWeb.Task.BackgroundService - (null) - 后台任务执行完成 "BntWeb.Activity.Services.ActivityOperateTask" . [(null)]
2017-04-26 10:25:59,421 [59] BntWeb.Task.BackgroundService - (null) - 开始执行后台任务 "BntWeb.Wallet.Services.WalletTask" . [(null)]
2017-04-26 10:25:59,421 [49] BntWeb.Task.BackgroundService - (null) - 开始执行后台任务 "BntWeb.Core.SystemSettings.Services.ClearFilesTask" . [(null)]
2017-04-26 10:25:59,421 [52] BntWeb.Task.BackgroundService - (null) - 开始执行后台任务 "BntWeb.Core.SystemSettings.Services.ClearLogsTask" . [(null)]
2017-04-26 10:25:59,421 [54] BntWeb.Task.BackgroundService - (null) - 开始执行后台任务 "BntWeb.Activity.Services.ActivityOperateTask" . [(null)]
2017-04-26 10:25:59,441 [59] BntWeb.Task.BackgroundService - (null) - 后台任务执行完成 "BntWeb.Wallet.Services.WalletTask" . [(null)]
2017-04-26 10:25:59,451 [49] BntWeb.Task.BackgroundService - (null) - 后台任务执行完成 "BntWeb.Core.SystemSettings.Services.ClearFilesTask" . [(null)]
2017-04-26 10:25:59,452 [52] BntWeb.Task.BackgroundService - (null) - 后台任务执行完成 "BntWeb.Core.SystemSettings.Services.ClearLogsTask" . [(null)]
2017-04-26 10:25:59,467 [54] BntWeb.Task.BackgroundService - (null) - 后台任务执行完成 "BntWeb.Activity.Services.ActivityOperateTask" . [(null)]
2017-04-26 10:26:59,440 [59] BntWeb.Task.BackgroundService - (null) - 开始执行后台任务 "BntWeb.Core.SystemSettings.Services.ClearFilesTask" . [(null)]
2017-04-26 10:26:59,441 [60] BntWeb.Task.BackgroundService - (null) - 开始执行后台任务 "BntWeb.Activity.Services.ActivityOperateTask" . [(null)]
2017-04-26 10:26:59,443 [54] BntWeb.Task.BackgroundService - (null) - 开始执行后台任务 "BntWeb.Wallet.Services.WalletTask" . [(null)]
2017-04-26 10:26:59,441 [30] BntWeb.Task.BackgroundService - (null) - 开始执行后台任务 "BntWeb.Core.SystemSettings.Services.ClearLogsTask" . [(null)]
2017-04-26 10:26:59,465 [30] BntWeb.Task.BackgroundService - (null) - 后台任务执行完成 "BntWeb.Core.SystemSettings.Services.ClearLogsTask" . [(null)]
2017-04-26 10:26:59,465 [59] BntWeb.Task.BackgroundService - (null) - 后台任务执行完成 "BntWeb.Core.SystemSettings.Services.ClearFilesTask" . [(null)]
2017-04-26 10:26:59,465 [54] BntWeb.Task.BackgroundService - (null) - 后台任务执行完成 "BntWeb.Wallet.Services.WalletTask" . [(null)]
2017-04-26 10:26:59,496 [60] BntWeb.Task.BackgroundService - (null) - 后台任务执行完成 "BntWeb.Activity.Services.ActivityOperateTask" . [(null)]
2017-04-26 10:27:11,679 [65] BntWeb.MemberBase.Services.MemberService - (null) - 添加会员-15558052053:882caf53-0584-4e36-84b3-86d8a9ddff1c     会员基础  Warning [http://localhost:8003/Api/v1/Member]
2017-04-26 10:27:59,459 [64] BntWeb.Task.BackgroundService - (null) - 开始执行后台任务 "BntWeb.Wallet.Services.WalletTask" . [(null)]
2017-04-26 10:27:59,459 [30] BntWeb.Task.BackgroundService - (null) - 开始执行后台任务 "BntWeb.Core.SystemSettings.Services.ClearFilesTask" . [(null)]
2017-04-26 10:27:59,459 [59] BntWeb.Task.BackgroundService - (null) - 开始执行后台任务 "BntWeb.Activity.Services.ActivityOperateTask" . [(null)]
2017-04-26 10:27:59,459 [68] BntWeb.Task.BackgroundService - (null) - 开始执行后台任务 "BntWeb.Core.SystemSettings.Services.ClearLogsTask" . [(null)]
2017-04-26 10:27:59,475 [68] BntWeb.Task.BackgroundService - (null) - 后台任务执行完成 "BntWeb.Core.SystemSettings.Services.ClearLogsTask" . [(null)]
2017-04-26 10:27:59,475 [64] BntWeb.Task.BackgroundService - (null) - 后台任务执行完成 "BntWeb.Wallet.Services.WalletTask" . [(null)]
2017-04-26 10:27:59,475 [30] BntWeb.Task.BackgroundService - (null) - 后台任务执行完成 "BntWeb.Core.SystemSettings.Services.ClearFilesTask" . [(null)]
2017-04-26 10:27:59,490 [59] BntWeb.Task.BackgroundService - (null) - 后台任务执行完成 "BntWeb.Activity.Services.ActivityOperateTask" . [(null)]
2017-04-26 10:28:59,476 [67] BntWeb.Task.BackgroundService - (null) - 开始执行后台任务 "BntWeb.Core.SystemSettings.Services.ClearLogsTask" . [(null)]
2017-04-26 10:28:59,476 [60] BntWeb.Task.BackgroundService - (null) - 开始执行后台任务 "BntWeb.Core.SystemSettings.Services.ClearFilesTask" . [(null)]
2017-04-26 10:28:59,476 [59] BntWeb.Task.BackgroundService - (null) - 开始执行后台任务 "BntWeb.Activity.Services.ActivityOperateTask" . [(null)]
2017-04-26 10:28:59,476 [54] BntWeb.Task.BackgroundService - (null) - 开始执行后台任务 "BntWeb.Wallet.Services.WalletTask" . [(null)]
2017-04-26 10:28:59,492 [67] BntWeb.Task.BackgroundService - (null) - 后台任务执行完成 "BntWeb.Core.SystemSettings.Services.ClearLogsTask" . [(null)]
2017-04-26 10:28:59,492 [54] BntWeb.Task.BackgroundService - (null) - 后台任务执行完成 "BntWeb.Wallet.Services.WalletTask" . [(null)]
2017-04-26 10:28:59,492 [60] BntWeb.Task.BackgroundService - (null) - 后台任务执行完成 "BntWeb.Core.SystemSettings.Services.ClearFilesTask" . [(null)]
2017-04-26 10:28:59,507 [59] BntWeb.Task.BackgroundService - (null) - 后台任务执行完成 "BntWeb.Activity.Services.ActivityOperateTask" . [(null)]
2017-04-26 10:29:59,495 [68] BntWeb.Task.BackgroundService - (null) - 开始执行后台任务 "BntWeb.Core.SystemSettings.Services.ClearLogsTask" . [(null)]
2017-04-26 10:29:59,495 [62] BntWeb.Task.BackgroundService - (null) - 开始执行后台任务 "BntWeb.Activity.Services.ActivityOperateTask" . [(null)]
2017-04-26 10:29:59,495 [59] BntWeb.Task.BackgroundService - (null) - 开始执行后台任务 "BntWeb.Wallet.Services.WalletTask" . [(null)]
2017-04-26 10:29:59,495 [67] BntWeb.Task.BackgroundService - (null) - 开始执行后台任务 "BntWeb.Core.SystemSettings.Services.ClearFilesTask" . [(null)]
2017-04-26 10:29:59,510 [68] BntWeb.Task.BackgroundService - (null) - 后台任务执行完成 "BntWeb.Core.SystemSettings.Services.ClearLogsTask" . [(null)]
2017-04-26 10:29:59,510 [59] BntWeb.Task.BackgroundService - (null) - 后台任务执行完成 "BntWeb.Wallet.Services.WalletTask" . [(null)]
2017-04-26 10:29:59,510 [67] BntWeb.Task.BackgroundService - (null) - 后台任务执行完成 "BntWeb.Core.SystemSettings.Services.ClearFilesTask" . [(null)]
2017-04-26 10:29:59,526 [62] BntWeb.Task.BackgroundService - (null) - 后台任务执行完成 "BntWeb.Activity.Services.ActivityOperateTask" . [(null)]
2017-04-26 10:30:59,503 [60] BntWeb.Task.BackgroundService - (null) - 开始执行后台任务 "BntWeb.Core.SystemSettings.Services.ClearFilesTask" . [(null)]
2017-04-26 10:30:59,503 [73] BntWeb.Task.BackgroundService - (null) - 开始执行后台任务 "BntWeb.Activity.Services.ActivityOperateTask" . [(null)]
2017-04-26 10:30:59,503 [67] BntWeb.Task.BackgroundService - (null) - 开始执行后台任务 "BntWeb.Core.SystemSettings.Services.ClearLogsTask" . [(null)]
2017-04-26 10:30:59,503 [72] BntWeb.Task.BackgroundService - (null) - 开始执行后台任务 "BntWeb.Wallet.Services.WalletTask" . [(null)]
2017-04-26 10:30:59,527 [72] BntWeb.Task.BackgroundService - (null) - 后台任务执行完成 "BntWeb.Wallet.Services.WalletTask" . [(null)]
2017-04-26 10:30:59,528 [67] BntWeb.Task.BackgroundService - (null) - 后台任务执行完成 "BntWeb.Core.SystemSettings.Services.ClearLogsTask" . [(null)]
2017-04-26 10:30:59,530 [60] BntWeb.Task.BackgroundService - (null) - 后台任务执行完成 "BntWeb.Core.SystemSettings.Services.ClearFilesTask" . [(null)]
2017-04-26 10:30:59,547 [73] BntWeb.Task.BackgroundService - (null) - 后台任务执行完成 "BntWeb.Activity.Services.ActivityOperateTask" . [(null)]
2017-04-26 10:31:59,521 [77] BntWeb.Task.BackgroundService - (null) - 开始执行后台任务 "BntWeb.Core.SystemSettings.Services.ClearLogsTask" . [(null)]
2017-04-26 10:31:59,521 [78] BntWeb.Task.BackgroundService - (null) - 开始执行后台任务 "BntWeb.Core.SystemSettings.Services.ClearFilesTask" . [(null)]
2017-04-26 10:31:59,521 [66] BntWeb.Task.BackgroundService - (null) - 开始执行后台任务 "BntWeb.Activity.Services.ActivityOperateTask" . [(null)]
2017-04-26 10:31:59,521 [60] BntWeb.Task.BackgroundService - (null) - 开始执行后台任务 "BntWeb.Wallet.Services.WalletTask" . [(null)]
2017-04-26 10:31:59,552 [60] BntWeb.Task.BackgroundService - (null) - 后台任务执行完成 "BntWeb.Wallet.Services.WalletTask" . [(null)]
2017-04-26 10:31:59,552 [77] BntWeb.Task.BackgroundService - (null) - 后台任务执行完成 "BntWeb.Core.SystemSettings.Services.ClearLogsTask" . [(null)]
2017-04-26 10:31:59,583 [66] BntWeb.Task.BackgroundService - (null) - 后台任务执行完成 "BntWeb.Activity.Services.ActivityOperateTask" . [(null)]
2017-04-26 10:31:59,583 [78] BntWeb.Task.BackgroundService - (null) - 后台任务执行完成 "BntWeb.Core.SystemSettings.Services.ClearFilesTask" . [(null)]
2017-04-26 10:32:59,545 [80] BntWeb.Task.BackgroundService - (null) - 开始执行后台任务 "BntWeb.Core.SystemSettings.Services.ClearFilesTask" . [(null)]
2017-04-26 10:32:59,545 [69] BntWeb.Task.BackgroundService - (null) - 开始执行后台任务 "BntWeb.Core.SystemSettings.Services.ClearLogsTask" . [(null)]
2017-04-26 10:32:59,545 [67] BntWeb.Task.BackgroundService - (null) - 开始执行后台任务 "BntWeb.Wallet.Services.WalletTask" . [(null)]
2017-04-26 10:32:59,545 [78] BntWeb.Task.BackgroundService - (null) - 开始执行后台任务 "BntWeb.Activity.Services.ActivityOperateTask" . [(null)]
2017-04-26 10:32:59,577 [67] BntWeb.Task.BackgroundService - (null) - 后台任务执行完成 "BntWeb.Wallet.Services.WalletTask" . [(null)]
2017-04-26 10:32:59,577 [69] BntWeb.Task.BackgroundService - (null) - 后台任务执行完成 "BntWeb.Core.SystemSettings.Services.ClearLogsTask" . [(null)]
2017-04-26 10:32:59,595 [80] BntWeb.Task.BackgroundService - (null) - 后台任务执行完成 "BntWeb.Core.SystemSettings.Services.ClearFilesTask" . [(null)]
2017-04-26 10:32:59,600 [78] BntWeb.Task.BackgroundService - (null) - 后台任务执行完成 "BntWeb.Activity.Services.ActivityOperateTask" . [(null)]
2017-04-26 10:33:59,552 [85] BntWeb.Task.BackgroundService - (null) - 开始执行后台任务 "BntWeb.Activity.Services.ActivityOperateTask" . [(null)]
2017-04-26 10:33:59,552 [84] BntWeb.Task.BackgroundService - (null) - 开始执行后台任务 "BntWeb.Core.SystemSettings.Services.ClearLogsTask" . [(null)]
2017-04-26 10:33:59,552 [81] BntWeb.Task.BackgroundService - (null) - 开始执行后台任务 "BntWeb.Core.SystemSettings.Services.ClearFilesTask" . [(null)]
2017-04-26 10:33:59,552 [78] BntWeb.Task.BackgroundService - (null) - 开始执行后台任务 "BntWeb.Wallet.Services.WalletTask" . [(null)]
2017-04-26 10:33:59,584 [84] BntWeb.Task.BackgroundService - (null) - 后台任务执行完成 "BntWeb.Core.SystemSettings.Services.ClearLogsTask" . [(null)]
2017-04-26 10:33:59,584 [78] BntWeb.Task.BackgroundService - (null) - 后台任务执行完成 "BntWeb.Wallet.Services.WalletTask" . [(null)]
2017-04-26 10:33:59,599 [81] BntWeb.Task.BackgroundService - (null) - 后台任务执行完成 "BntWeb.Core.SystemSettings.Services.ClearFilesTask" . [(null)]
2017-04-26 10:33:59,599 [85] BntWeb.Task.BackgroundService - (null) - 后台任务执行完成 "BntWeb.Activity.Services.ActivityOperateTask" . [(null)]
2017-04-26 10:34:59,563 [84] BntWeb.Task.BackgroundService - (null) - 开始执行后台任务 "BntWeb.Core.SystemSettings.Services.ClearFilesTask" . [(null)]
2017-04-26 10:34:59,563 [86] BntWeb.Task.BackgroundService - (null) - 开始执行后台任务 "BntWeb.Wallet.Services.WalletTask" . [(null)]
2017-04-26 10:34:59,563 [81] BntWeb.Task.BackgroundService - (null) - 开始执行后台任务 "BntWeb.Activity.Services.ActivityOperateTask" . [(null)]
2017-04-26 10:34:59,563 [78] BntWeb.Task.BackgroundService - (null) - 开始执行后台任务 "BntWeb.Core.SystemSettings.Services.ClearLogsTask" . [(null)]
2017-04-26 10:34:59,595 [86] BntWeb.Task.BackgroundService - (null) - 后台任务执行完成 "BntWeb.Wallet.Services.WalletTask" . [(null)]
2017-04-26 10:34:59,595 [78] BntWeb.Task.BackgroundService - (null) - 后台任务执行完成 "BntWeb.Core.SystemSettings.Services.ClearLogsTask" . [(null)]
2017-04-26 10:34:59,610 [84] BntWeb.Task.BackgroundService - (null) - 后台任务执行完成 "BntWeb.Core.SystemSettings.Services.ClearFilesTask" . [(null)]
2017-04-26 10:34:59,626 [81] BntWeb.Task.BackgroundService - (null) - 后台任务执行完成 "BntWeb.Activity.Services.ActivityOperateTask" . [(null)]
2017-04-26 10:35:59,567 [84] BntWeb.Task.BackgroundService - (null) - 开始执行后台任务 "BntWeb.Core.SystemSettings.Services.ClearFilesTask" . [(null)]
2017-04-26 10:35:59,567 [86] BntWeb.Task.BackgroundService - (null) - 开始执行后台任务 "BntWeb.Activity.Services.ActivityOperateTask" . [(null)]
2017-04-26 10:35:59,567 [85] BntWeb.Task.BackgroundService - (null) - 开始执行后台任务 "BntWeb.Wallet.Services.WalletTask" . [(null)]
2017-04-26 10:35:59,567 [81] BntWeb.Task.BackgroundService - (null) - 开始执行后台任务 "BntWeb.Core.SystemSettings.Services.ClearLogsTask" . [(null)]
2017-04-26 10:35:59,614 [85] BntWeb.Task.BackgroundService - (null) - 后台任务执行完成 "BntWeb.Wallet.Services.WalletTask" . [(null)]
2017-04-26 10:35:59,614 [81] BntWeb.Task.BackgroundService - (null) - 后台任务执行完成 "BntWeb.Core.SystemSettings.Services.ClearLogsTask" . [(null)]
2017-04-26 10:35:59,630 [84] BntWeb.Task.BackgroundService - (null) - 后台任务执行完成 "BntWeb.Core.SystemSettings.Services.ClearFilesTask" . [(null)]
2017-04-26 10:36:00,009 [86] BntWeb.Task.BackgroundService - (null) - 后台任务执行完成 "BntWeb.Activity.Services.ActivityOperateTask" . [(null)]
2017-04-26 10:36:59,583 [87] BntWeb.Task.BackgroundService - (null) - 开始执行后台任务 "BntWeb.Core.SystemSettings.Services.ClearFilesTask" . [(null)]
2017-04-26 10:36:59,583 [86] BntWeb.Task.BackgroundService - (null) - 开始执行后台任务 "BntWeb.Wallet.Services.WalletTask" . [(null)]
2017-04-26 10:36:59,583 [84] BntWeb.Task.BackgroundService - (null) - 开始执行后台任务 "BntWeb.Activity.Services.ActivityOperateTask" . [(null)]
2017-04-26 10:36:59,583 [89] BntWeb.Task.BackgroundService - (null) - 开始执行后台任务 "BntWeb.Core.SystemSettings.Services.ClearLogsTask" . [(null)]
2017-04-26 10:36:59,613 [86] BntWeb.Task.BackgroundService - (null) - 后台任务执行完成 "BntWeb.Wallet.Services.WalletTask" . [(null)]
2017-04-26 10:36:59,613 [89] BntWeb.Task.BackgroundService - (null) - 后台任务执行完成 "BntWeb.Core.SystemSettings.Services.ClearLogsTask" . [(null)]
2017-04-26 10:36:59,628 [87] BntWeb.Task.BackgroundService - (null) - 后台任务执行完成 "BntWeb.Core.SystemSettings.Services.ClearFilesTask" . [(null)]
2017-04-26 10:36:59,644 [84] BntWeb.Task.BackgroundService - (null) - 后台任务执行完成 "BntWeb.Activity.Services.ActivityOperateTask" . [(null)]
2017-04-26 10:37:59,602 [92] BntWeb.Task.BackgroundService - (null) - 开始执行后台任务 "BntWeb.Core.SystemSettings.Services.ClearFilesTask" . [(null)]
2017-04-26 10:37:59,602 [94] BntWeb.Task.BackgroundService - (null) - 开始执行后台任务 "BntWeb.Core.SystemSettings.Services.ClearLogsTask" . [(null)]
2017-04-26 10:37:59,602 [93] BntWeb.Task.BackgroundService - (null) - 开始执行后台任务 "BntWeb.Activity.Services.ActivityOperateTask" . [(null)]
2017-04-26 10:37:59,602 [95] BntWeb.Task.BackgroundService - (null) - 开始执行后台任务 "BntWeb.Wallet.Services.WalletTask" . [(null)]
2017-04-26 10:37:59,617 [95] BntWeb.Task.BackgroundService - (null) - 后台任务执行完成 "BntWeb.Wallet.Services.WalletTask" . [(null)]
2017-04-26 10:37:59,617 [94] BntWeb.Task.BackgroundService - (null) - 后台任务执行完成 "BntWeb.Core.SystemSettings.Services.ClearLogsTask" . [(null)]
2017-04-26 10:37:59,617 [92] BntWeb.Task.BackgroundService - (null) - 后台任务执行完成 "BntWeb.Core.SystemSettings.Services.ClearFilesTask" . [(null)]
2017-04-26 10:37:59,633 [93] BntWeb.Task.BackgroundService - (null) - 后台任务执行完成 "BntWeb.Activity.Services.ActivityOperateTask" . [(null)]
2017-04-26 10:38:59,616 [95] BntWeb.Task.BackgroundService - (null) - 开始执行后台任务 "BntWeb.Core.SystemSettings.Services.ClearFilesTask" . [(null)]
2017-04-26 10:38:59,616 [87] BntWeb.Task.BackgroundService - (null) - 开始执行后台任务 "BntWeb.Wallet.Services.WalletTask" . [(null)]
2017-04-26 10:38:59,616 [86] BntWeb.Task.BackgroundService - (null) - 开始执行后台任务 "BntWeb.Core.SystemSettings.Services.ClearLogsTask" . [(null)]
2017-04-26 10:38:59,616 [89] BntWeb.Task.BackgroundService - (null) - 开始执行后台任务 "BntWeb.Activity.Services.ActivityOperateTask" . [(null)]
2017-04-26 10:38:59,632 [86] BntWeb.Task.BackgroundService - (null) - 后台任务执行完成 "BntWeb.Core.SystemSettings.Services.ClearLogsTask" . [(null)]
2017-04-26 10:38:59,632 [87] BntWeb.Task.BackgroundService - (null) - 后台任务执行完成 "BntWeb.Wallet.Services.WalletTask" . [(null)]
2017-04-26 10:38:59,632 [95] BntWeb.Task.BackgroundService - (null) - 后台任务执行完成 "BntWeb.Core.SystemSettings.Services.ClearFilesTask" . [(null)]
2017-04-26 10:38:59,648 [89] BntWeb.Task.BackgroundService - (null) - 后台任务执行完成 "BntWeb.Activity.Services.ActivityOperateTask" . [(null)]
2017-04-26 10:39:59,622 [87] BntWeb.Task.BackgroundService - (null) - 开始执行后台任务 "BntWeb.Core.SystemSettings.Services.ClearFilesTask" . [(null)]
2017-04-26 10:39:59,623 [95] BntWeb.Task.BackgroundService - (null) - 开始执行后台任务 "BntWeb.Core.SystemSettings.Services.ClearLogsTask" . [(null)]
2017-04-26 10:39:59,622 [86] BntWeb.Task.BackgroundService - (null) - 开始执行后台任务 "BntWeb.Wallet.Services.WalletTask" . [(null)]
2017-04-26 10:39:59,623 [99] BntWeb.Task.BackgroundService - (null) - 开始执行后台任务 "BntWeb.Activity.Services.ActivityOperateTask" . [(null)]
2017-04-26 10:39:59,644 [95] BntWeb.Task.BackgroundService - (null) - 后台任务执行完成 "BntWeb.Core.SystemSettings.Services.ClearLogsTask" . [(null)]
2017-04-26 10:39:59,647 [86] BntWeb.Task.BackgroundService - (null) - 后台任务执行完成 "BntWeb.Wallet.Services.WalletTask" . [(null)]
2017-04-26 10:39:59,649 [87] BntWeb.Task.BackgroundService - (null) - 后台任务执行完成 "BntWeb.Core.SystemSettings.Services.ClearFilesTask" . [(null)]
2017-04-26 10:39:59,690 [99] BntWeb.Task.BackgroundService - (null) - 后台任务执行完成 "BntWeb.Activity.Services.ActivityOperateTask" . [(null)]
2017-04-26 10:40:59,629 [97] BntWeb.Task.BackgroundService - (null) - 开始执行后台任务 "BntWeb.Core.SystemSettings.Services.ClearFilesTask" . [(null)]
2017-04-26 10:40:59,629 [95] BntWeb.Task.BackgroundService - (null) - 开始执行后台任务 "BntWeb.Core.SystemSettings.Services.ClearLogsTask" . [(null)]
2017-04-26 10:40:59,629 [87] BntWeb.Task.BackgroundService - (null) - 开始执行后台任务 "BntWeb.Activity.Services.ActivityOperateTask" . [(null)]
2017-04-26 10:40:59,629 [99] BntWeb.Task.BackgroundService - (null) - 开始执行后台任务 "BntWeb.Wallet.Services.WalletTask" . [(null)]
2017-04-26 10:40:59,645 [95] BntWeb.Task.BackgroundService - (null) - 后台任务执行完成 "BntWeb.Core.SystemSettings.Services.ClearLogsTask" . [(null)]
2017-04-26 10:40:59,660 [99] BntWeb.Task.BackgroundService - (null) - 后台任务执行完成 "BntWeb.Wallet.Services.WalletTask" . [(null)]
2017-04-26 10:40:59,660 [97] BntWeb.Task.BackgroundService - (null) - 后台任务执行完成 "BntWeb.Core.SystemSettings.Services.ClearFilesTask" . [(null)]
2017-04-26 10:40:59,685 [87] BntWeb.Task.BackgroundService - (null) - 后台任务执行完成 "BntWeb.Activity.Services.ActivityOperateTask" . [(null)]
2017-04-26 10:41:59,639 [98] BntWeb.Task.BackgroundService - (null) - 开始执行后台任务 "BntWeb.Core.SystemSettings.Services.ClearFilesTask" . [(null)]
2017-04-26 10:41:59,639 [87] BntWeb.Task.BackgroundService - (null) - 开始执行后台任务 "BntWeb.Wallet.Services.WalletTask" . [(null)]
2017-04-26 10:41:59,639 [95] BntWeb.Task.BackgroundService - (null) - 开始执行后台任务 "BntWeb.Activity.Services.ActivityOperateTask" . [(null)]
2017-04-26 10:41:59,639 [100] BntWeb.Task.BackgroundService - (null) - 开始执行后台任务 "BntWeb.Core.SystemSettings.Services.ClearLogsTask" . [(null)]
2017-04-26 10:41:59,654 [100] BntWeb.Task.BackgroundService - (null) - 后台任务执行完成 "BntWeb.Core.SystemSettings.Services.ClearLogsTask" . [(null)]
2017-04-26 10:41:59,654 [87] BntWeb.Task.BackgroundService - (null) - 后台任务执行完成 "BntWeb.Wallet.Services.WalletTask" . [(null)]
2017-04-26 10:41:59,654 [98] BntWeb.Task.BackgroundService - (null) - 后台任务执行完成 "BntWeb.Core.SystemSettings.Services.ClearFilesTask" . [(null)]
2017-04-26 10:41:59,670 [95] BntWeb.Task.BackgroundService - (null) - 后台任务执行完成 "BntWeb.Activity.Services.ActivityOperateTask" . [(null)]
2017-04-26 10:42:59,653 [97] BntWeb.Task.BackgroundService - (null) - 开始执行后台任务 "BntWeb.Core.SystemSettings.Services.ClearLogsTask" . [(null)]
2017-04-26 10:42:59,653 [86] BntWeb.Task.BackgroundService - (null) - 开始执行后台任务 "BntWeb.Wallet.Services.WalletTask" . [(null)]
2017-04-26 10:42:59,653 [98] BntWeb.Task.BackgroundService - (null) - 开始执行后台任务 "BntWeb.Core.SystemSettings.Services.ClearFilesTask" . [(null)]
2017-04-26 10:42:59,653 [100] BntWeb.Task.BackgroundService - (null) - 开始执行后台任务 "BntWeb.Activity.Services.ActivityOperateTask" . [(null)]
2017-04-26 10:42:59,676 [86] BntWeb.Task.BackgroundService - (null) - 后台任务执行完成 "BntWeb.Wallet.Services.WalletTask" . [(null)]
2017-04-26 10:42:59,676 [97] BntWeb.Task.BackgroundService - (null) - 后台任务执行完成 "BntWeb.Core.SystemSettings.Services.ClearLogsTask" . [(null)]
2017-04-26 10:42:59,679 [98] BntWeb.Task.BackgroundService - (null) - 后台任务执行完成 "BntWeb.Core.SystemSettings.Services.ClearFilesTask" . [(null)]
2017-04-26 10:42:59,696 [100] BntWeb.Task.BackgroundService - (null) - 后台任务执行完成 "BntWeb.Activity.Services.ActivityOperateTask" . [(null)]
2017-04-26 10:43:59,676 [87] BntWeb.Task.BackgroundService - (null) - 开始执行后台任务 "BntWeb.Wallet.Services.WalletTask" . [(null)]
2017-04-26 10:43:59,676 [97] BntWeb.Task.BackgroundService - (null) - 开始执行后台任务 "BntWeb.Activity.Services.ActivityOperateTask" . [(null)]
2017-04-26 10:43:59,676 [95] BntWeb.Task.BackgroundService - (null) - 开始执行后台任务 "BntWeb.Core.SystemSettings.Services.ClearFilesTask" . [(null)]
2017-04-26 10:43:59,676 [86] BntWeb.Task.BackgroundService - (null) - 开始执行后台任务 "BntWeb.Core.SystemSettings.Services.ClearLogsTask" . [(null)]
2017-04-26 10:43:59,692 [87] BntWeb.Task.BackgroundService - (null) - 后台任务执行完成 "BntWeb.Wallet.Services.WalletTask" . [(null)]
2017-04-26 10:43:59,707 [86] BntWeb.Task.BackgroundService - (null) - 后台任务执行完成 "BntWeb.Core.SystemSettings.Services.ClearLogsTask" . [(null)]
2017-04-26 10:43:59,723 [97] BntWeb.Task.BackgroundService - (null) - 后台任务执行完成 "BntWeb.Activity.Services.ActivityOperateTask" . [(null)]
2017-04-26 10:43:59,723 [95] BntWeb.Task.BackgroundService - (null) - 后台任务执行完成 "BntWeb.Core.SystemSettings.Services.ClearFilesTask" . [(null)]
2017-04-26 10:44:59,683 [99] BntWeb.Task.BackgroundService - (null) - 开始执行后台任务 "BntWeb.Wallet.Services.WalletTask" . [(null)]
2017-04-26 10:44:59,683 [100] BntWeb.Task.BackgroundService - (null) - 开始执行后台任务 "BntWeb.Activity.Services.ActivityOperateTask" . [(null)]
2017-04-26 10:44:59,683 [101] BntWeb.Task.BackgroundService - (null) - 开始执行后台任务 "BntWeb.Core.SystemSettings.Services.ClearFilesTask" . [(null)]
2017-04-26 10:44:59,683 [97] BntWeb.Task.BackgroundService - (null) - 开始执行后台任务 "BntWeb.Core.SystemSettings.Services.ClearLogsTask" . [(null)]
2017-04-26 10:44:59,728 [99] BntWeb.Task.BackgroundService - (null) - 后台任务执行完成 "BntWeb.Wallet.Services.WalletTask" . [(null)]
2017-04-26 10:44:59,729 [97] BntWeb.Task.BackgroundService - (null) - 后台任务执行完成 "BntWeb.Core.SystemSettings.Services.ClearLogsTask" . [(null)]
2017-04-26 10:44:59,746 [101] BntWeb.Task.BackgroundService - (null) - 后台任务执行完成 "BntWeb.Core.SystemSettings.Services.ClearFilesTask" . [(null)]
2017-04-26 10:44:59,757 [100] BntWeb.Task.BackgroundService - (null) - 后台任务执行完成 "BntWeb.Activity.Services.ActivityOperateTask" . [(null)]
2017-04-26 10:45:59,693 [95] BntWeb.Task.BackgroundService - (null) - 开始执行后台任务 "BntWeb.Core.SystemSettings.Services.ClearFilesTask" . [(null)]
2017-04-26 10:45:59,693 [89] BntWeb.Task.BackgroundService - (null) - 开始执行后台任务 "BntWeb.Core.SystemSettings.Services.ClearLogsTask" . [(null)]
2017-04-26 10:45:59,693 [101] BntWeb.Task.BackgroundService - (null) - 开始执行后台任务 "BntWeb.Wallet.Services.WalletTask" . [(null)]
2017-04-26 10:45:59,693 [100] BntWeb.Task.BackgroundService - (null) - 开始执行后台任务 "BntWeb.Activity.Services.ActivityOperateTask" . [(null)]
2017-04-26 10:45:59,708 [89] BntWeb.Task.BackgroundService - (null) - 后台任务执行完成 "BntWeb.Core.SystemSettings.Services.ClearLogsTask" . [(null)]
2017-04-26 10:45:59,708 [101] BntWeb.Task.BackgroundService - (null) - 后台任务执行完成 "BntWeb.Wallet.Services.WalletTask" . [(null)]
2017-04-26 10:45:59,708 [95] BntWeb.Task.BackgroundService - (null) - 后台任务执行完成 "BntWeb.Core.SystemSettings.Services.ClearFilesTask" . [(null)]
2017-04-26 10:45:59,724 [100] BntWeb.Task.BackgroundService - (null) - 后台任务执行完成 "BntWeb.Activity.Services.ActivityOperateTask" . [(null)]
2017-04-26 10:46:59,694 [95] BntWeb.Task.BackgroundService - (null) - 开始执行后台任务 "BntWeb.Core.SystemSettings.Services.ClearFilesTask" . [(null)]
2017-04-26 10:46:59,694 [100] BntWeb.Task.BackgroundService - (null) - 开始执行后台任务 "BntWeb.Activity.Services.ActivityOperateTask" . [(null)]
2017-04-26 10:46:59,694 [98] BntWeb.Task.BackgroundService - (null) - 开始执行后台任务 "BntWeb.Core.SystemSettings.Services.ClearLogsTask" . [(null)]
2017-04-26 10:46:59,694 [89] BntWeb.Task.BackgroundService - (null) - 开始执行后台任务 "BntWeb.Wallet.Services.WalletTask" . [(null)]
2017-04-26 10:46:59,709 [89] BntWeb.Task.BackgroundService - (null) - 后台任务执行完成 "BntWeb.Wallet.Services.WalletTask" . [(null)]
2017-04-26 10:46:59,709 [98] BntWeb.Task.BackgroundService - (null) - 后台任务执行完成 "BntWeb.Core.SystemSettings.Services.ClearLogsTask" . [(null)]
2017-04-26 10:46:59,709 [95] BntWeb.Task.BackgroundService - (null) - 后台任务执行完成 "BntWeb.Core.SystemSettings.Services.ClearFilesTask" . [(null)]
2017-04-26 10:46:59,725 [100] BntWeb.Task.BackgroundService - (null) - 后台任务执行完成 "BntWeb.Activity.Services.ActivityOperateTask" . [(null)]
2017-04-26 10:47:59,715 [89] BntWeb.Task.BackgroundService - (null) - 开始执行后台任务 "BntWeb.Core.SystemSettings.Services.ClearFilesTask" . [(null)]
2017-04-26 10:47:59,715 [102] BntWeb.Task.BackgroundService - (null) - 开始执行后台任务 "BntWeb.Activity.Services.ActivityOperateTask" . [(null)]
2017-04-26 10:47:59,715 [95] BntWeb.Task.BackgroundService - (null) - 开始执行后台任务 "BntWeb.Wallet.Services.WalletTask" . [(null)]
2017-04-26 10:47:59,715 [101] BntWeb.Task.BackgroundService - (null) - 开始执行后台任务 "BntWeb.Core.SystemSettings.Services.ClearLogsTask" . [(null)]
2017-04-26 10:47:59,730 [95] BntWeb.Task.BackgroundService - (null) - 后台任务执行完成 "BntWeb.Wallet.Services.WalletTask" . [(null)]
2017-04-26 10:47:59,746 [101] BntWeb.Task.BackgroundService - (null) - 后台任务执行完成 "BntWeb.Core.SystemSettings.Services.ClearLogsTask" . [(null)]
2017-04-26 10:47:59,746 [89] BntWeb.Task.BackgroundService - (null) - 后台任务执行完成 "BntWeb.Core.SystemSettings.Services.ClearFilesTask" . [(null)]
2017-04-26 10:47:59,762 [102] BntWeb.Task.BackgroundService - (null) - 后台任务执行完成 "BntWeb.Activity.Services.ActivityOperateTask" . [(null)]
2017-04-26 10:48:59,730 [101] BntWeb.Task.BackgroundService - (null) - 开始执行后台任务 "BntWeb.Core.SystemSettings.Services.ClearLogsTask" . [(null)]
2017-04-26 10:48:59,730 [97] BntWeb.Task.BackgroundService - (null) - 开始执行后台任务 "BntWeb.Wallet.Services.WalletTask" . [(null)]
2017-04-26 10:48:59,730 [100] BntWeb.Task.BackgroundService - (null) - 开始执行后台任务 "BntWeb.Activity.Services.ActivityOperateTask" . [(null)]
2017-04-26 10:48:59,730 [89] BntWeb.Task.BackgroundService - (null) - 开始执行后台任务 "BntWeb.Core.SystemSettings.Services.ClearFilesTask" . [(null)]
2017-04-26 10:48:59,745 [97] BntWeb.Task.BackgroundService - (null) - 后台任务执行完成 "BntWeb.Wallet.Services.WalletTask" . [(null)]
2017-04-26 10:48:59,745 [101] BntWeb.Task.BackgroundService - (null) - 后台任务执行完成 "BntWeb.Core.SystemSettings.Services.ClearLogsTask" . [(null)]
2017-04-26 10:48:59,761 [89] BntWeb.Task.BackgroundService - (null) - 后台任务执行完成 "BntWeb.Core.SystemSettings.Services.ClearFilesTask" . [(null)]
2017-04-26 10:48:59,777 [100] BntWeb.Task.BackgroundService - (null) - 后台任务执行完成 "BntWeb.Activity.Services.ActivityOperateTask" . [(null)]
2017-04-26 10:49:59,730 [98] BntWeb.Task.BackgroundService - (null) - 开始执行后台任务 "BntWeb.Core.SystemSettings.Services.ClearFilesTask" . [(null)]
2017-04-26 10:49:59,730 [102] BntWeb.Task.BackgroundService - (null) - 开始执行后台任务 "BntWeb.Wallet.Services.WalletTask" . [(null)]
2017-04-26 10:49:59,730 [101] BntWeb.Task.BackgroundService - (null) - 开始执行后台任务 "BntWeb.Activity.Services.ActivityOperateTask" . [(null)]
2017-04-26 10:49:59,730 [89] BntWeb.Task.BackgroundService - (null) - 开始执行后台任务 "BntWeb.Core.SystemSettings.Services.ClearLogsTask" . [(null)]
2017-04-26 10:49:59,745 [89] BntWeb.Task.BackgroundService - (null) - 后台任务执行完成 "BntWeb.Core.SystemSettings.Services.ClearLogsTask" . [(null)]
2017-04-26 10:49:59,745 [102] BntWeb.Task.BackgroundService - (null) - 后台任务执行完成 "BntWeb.Wallet.Services.WalletTask" . [(null)]
2017-04-26 10:49:59,777 [98] BntWeb.Task.BackgroundService - (null) - 后台任务执行完成 "BntWeb.Core.SystemSettings.Services.ClearFilesTask" . [(null)]
2017-04-26 10:49:59,777 [101] BntWeb.Task.BackgroundService - (null) - 后台任务执行完成 "BntWeb.Activity.Services.ActivityOperateTask" . [(null)]
2017-04-26 10:50:59,741 [100] BntWeb.Task.BackgroundService - (null) - 开始执行后台任务 "BntWeb.Activity.Services.ActivityOperateTask" . [(null)]
2017-04-26 10:50:59,741 [102] BntWeb.Task.BackgroundService - (null) - 开始执行后台任务 "BntWeb.Core.SystemSettings.Services.ClearLogsTask" . [(null)]
2017-04-26 10:50:59,741 [86] BntWeb.Task.BackgroundService - (null) - 开始执行后台任务 "BntWeb.Core.SystemSettings.Services.ClearFilesTask" . [(null)]
2017-04-26 10:50:59,741 [101] BntWeb.Task.BackgroundService - (null) - 开始执行后台任务 "BntWeb.Wallet.Services.WalletTask" . [(null)]
2017-04-26 10:50:59,757 [101] BntWeb.Task.BackgroundService - (null) - 后台任务执行完成 "BntWeb.Wallet.Services.WalletTask" . [(null)]
2017-04-26 10:50:59,773 [102] BntWeb.Task.BackgroundService - (null) - 后台任务执行完成 "BntWeb.Core.SystemSettings.Services.ClearLogsTask" . [(null)]
2017-04-26 10:50:59,788 [86] BntWeb.Task.BackgroundService - (null) - 后台任务执行完成 "BntWeb.Core.SystemSettings.Services.ClearFilesTask" . [(null)]
2017-04-26 10:50:59,788 [100] BntWeb.Task.BackgroundService - (null) - 后台任务执行完成 "BntWeb.Activity.Services.ActivityOperateTask" . [(null)]
2017-04-26 10:51:59,752 [86] BntWeb.Task.BackgroundService - (null) - 开始执行后台任务 "BntWeb.Core.SystemSettings.Services.ClearLogsTask" . [(null)]
2017-04-26 10:51:59,752 [89] BntWeb.Task.BackgroundService - (null) - 开始执行后台任务 "BntWeb.Core.SystemSettings.Services.ClearFilesTask" . [(null)]
2017-04-26 10:51:59,752 [102] BntWeb.Task.BackgroundService - (null) - 开始执行后台任务 "BntWeb.Activity.Services.ActivityOperateTask" . [(null)]
2017-04-26 10:51:59,752 [99] BntWeb.Task.BackgroundService - (null) - 开始执行后台任务 "BntWeb.Wallet.Services.WalletTask" . [(null)]
2017-04-26 10:51:59,768 [99] BntWeb.Task.BackgroundService - (null) - 后台任务执行完成 "BntWeb.Wallet.Services.WalletTask" . [(null)]
2017-04-26 10:51:59,768 [86] BntWeb.Task.BackgroundService - (null) - 后台任务执行完成 "BntWeb.Core.SystemSettings.Services.ClearLogsTask" . [(null)]
2017-04-26 10:51:59,784 [102] BntWeb.Task.BackgroundService - (null) - 后台任务执行完成 "BntWeb.Activity.Services.ActivityOperateTask" . [(null)]
2017-04-26 10:51:59,784 [89] BntWeb.Task.BackgroundService - (null) - 后台任务执行完成 "BntWeb.Core.SystemSettings.Services.ClearFilesTask" . [(null)]
2017-04-26 10:52:59,767 [98] BntWeb.Task.BackgroundService - (null) - 开始执行后台任务 "BntWeb.Activity.Services.ActivityOperateTask" . [(null)]
2017-04-26 10:52:59,767 [102] BntWeb.Task.BackgroundService - (null) - 开始执行后台任务 "BntWeb.Wallet.Services.WalletTask" . [(null)]
2017-04-26 10:52:59,767 [101] BntWeb.Task.BackgroundService - (null) - 开始执行后台任务 "BntWeb.Core.SystemSettings.Services.ClearLogsTask" . [(null)]
2017-04-26 10:52:59,767 [100] BntWeb.Task.BackgroundService - (null) - 开始执行后台任务 "BntWeb.Core.SystemSettings.Services.ClearFilesTask" . [(null)]
2017-04-26 10:52:59,788 [101] BntWeb.Task.BackgroundService - (null) - 后台任务执行完成 "BntWeb.Core.SystemSettings.Services.ClearLogsTask" . [(null)]
2017-04-26 10:52:59,795 [100] BntWeb.Task.BackgroundService - (null) - 后台任务执行完成 "BntWeb.Core.SystemSettings.Services.ClearFilesTask" . [(null)]
2017-04-26 10:53:00,094 [102] BntWeb.Task.BackgroundService - (null) - 后台任务执行完成 "BntWeb.Wallet.Services.WalletTask" . [(null)]
2017-04-26 10:53:00,110 [98] BntWeb.Task.BackgroundService - (null) - 后台任务执行完成 "BntWeb.Activity.Services.ActivityOperateTask" . [(null)]
2017-04-26 10:53:59,790 [87] BntWeb.Task.BackgroundService - (null) - 开始执行后台任务 "BntWeb.Core.SystemSettings.Services.ClearFilesTask" . [(null)]
2017-04-26 10:53:59,790 [101] BntWeb.Task.BackgroundService - (null) - 开始执行后台任务 "BntWeb.Activity.Services.ActivityOperateTask" . [(null)]
2017-04-26 10:53:59,790 [99] BntWeb.Task.BackgroundService - (null) - 开始执行后台任务 "BntWeb.Core.SystemSettings.Services.ClearLogsTask" . [(null)]
2017-04-26 10:53:59,790 [95] BntWeb.Task.BackgroundService - (null) - 开始执行后台任务 "BntWeb.Wallet.Services.WalletTask" . [(null)]
2017-04-26 10:53:59,806 [95] BntWeb.Task.BackgroundService - (null) - 后台任务执行完成 "BntWeb.Wallet.Services.WalletTask" . [(null)]
2017-04-26 10:53:59,821 [99] BntWeb.Task.BackgroundService - (null) - 后台任务执行完成 "BntWeb.Core.SystemSettings.Services.ClearLogsTask" . [(null)]
2017-04-26 10:53:59,837 [87] BntWeb.Task.BackgroundService - (null) - 后台任务执行完成 "BntWeb.Core.SystemSettings.Services.ClearFilesTask" . [(null)]
2017-04-26 10:53:59,837 [101] BntWeb.Task.BackgroundService - (null) - 后台任务执行完成 "BntWeb.Activity.Services.ActivityOperateTask" . [(null)]
2017-04-26 10:54:59,800 [102] BntWeb.Task.BackgroundService - (null) - 开始执行后台任务 "BntWeb.Core.SystemSettings.Services.ClearLogsTask" . [(null)]
2017-04-26 10:54:59,800 [100] BntWeb.Task.BackgroundService - (null) - 开始执行后台任务 "BntWeb.Core.SystemSettings.Services.ClearFilesTask" . [(null)]
2017-04-26 10:54:59,800 [101] BntWeb.Task.BackgroundService - (null) - 开始执行后台任务 "BntWeb.Activity.Services.ActivityOperateTask" . [(null)]
2017-04-26 10:54:59,800 [95] BntWeb.Task.BackgroundService - (null) - 开始执行后台任务 "BntWeb.Wallet.Services.WalletTask" . [(null)]
2017-04-26 10:54:59,815 [102] BntWeb.Task.BackgroundService - (null) - 后台任务执行完成 "BntWeb.Core.SystemSettings.Services.ClearLogsTask" . [(null)]
2017-04-26 10:54:59,815 [95] BntWeb.Task.BackgroundService - (null) - 后台任务执行完成 "BntWeb.Wallet.Services.WalletTask" . [(null)]
2017-04-26 10:54:59,815 [100] BntWeb.Task.BackgroundService - (null) - 后台任务执行完成 "BntWeb.Core.SystemSettings.Services.ClearFilesTask" . [(null)]
2017-04-26 10:54:59,831 [101] BntWeb.Task.BackgroundService - (null) - 后台任务执行完成 "BntWeb.Activity.Services.ActivityOperateTask" . [(null)]
2017-04-26 10:55:59,809 [98] BntWeb.Task.BackgroundService - (null) - 开始执行后台任务 "BntWeb.Core.SystemSettings.Services.ClearFilesTask" . [(null)]
2017-04-26 10:55:59,809 [95] BntWeb.Task.BackgroundService - (null) - 开始执行后台任务 "BntWeb.Wallet.Services.WalletTask" . [(null)]
2017-04-26 10:55:59,809 [87] BntWeb.Task.BackgroundService - (null) - 开始执行后台任务 "BntWeb.Core.SystemSettings.Services.ClearLogsTask" . [(null)]
2017-04-26 10:55:59,809 [89] BntWeb.Task.BackgroundService - (null) - 开始执行后台任务 "BntWeb.Activity.Services.ActivityOperateTask" . [(null)]
2017-04-26 10:55:59,832 [87] BntWeb.Task.BackgroundService - (null) - 后台任务执行完成 "BntWeb.Core.SystemSettings.Services.ClearLogsTask" . [(null)]
2017-04-26 10:55:59,835 [95] BntWeb.Task.BackgroundService - (null) - 后台任务执行完成 "BntWeb.Wallet.Services.WalletTask" . [(null)]
2017-04-26 10:55:59,835 [98] BntWeb.Task.BackgroundService - (null) - 后台任务执行完成 "BntWeb.Core.SystemSettings.Services.ClearFilesTask" . [(null)]
2017-04-26 10:55:59,853 [89] BntWeb.Task.BackgroundService - (null) - 后台任务执行完成 "BntWeb.Activity.Services.ActivityOperateTask" . [(null)]
2017-04-26 17:35:34,368 [7] BntWeb.Environment.DefaultBntWebHost - (null) - Initializing [(null)]
2017-04-26 17:35:34,753 [7] BntWeb.Environment.DefaultBntWebHost - (null) - Start creation of shells [(null)]
2017-04-26 17:35:34,759 [7] BntWeb.Environment.DefaultBntWebShell - (null) - 成功加载模块系统:System [(null)]
2017-04-26 17:35:34,760 [7] BntWeb.Environment.DefaultBntWebShell - (null) - 成功加载模块后台用户:Core-SystemUsers [(null)]
2017-04-26 17:35:34,820 [7] BntWeb.Environment.DefaultBntWebShell - (null) - 成功加载模块系统管理:Core-SystemSettings [(null)]
2017-04-26 17:35:34,824 [7] BntWeb.Environment.DefaultBntWebShell - (null) - 成功加载模块系统错误:Core-Error [(null)]
2017-04-26 17:35:34,825 [7] BntWeb.Environment.DefaultBntWebShell - (null) - 成功加载模块活动管理:BntWeb-Activity [(null)]
2017-04-26 17:35:34,826 [7] BntWeb.Environment.DefaultBntWebShell - (null) - 成功加载模块评论:BntWeb-Comment [(null)]
2017-04-26 17:35:34,826 [7] BntWeb.Environment.DefaultBntWebShell - (null) - 成功加载模块配置管理:BntWeb-Config [(null)]
2017-04-26 17:35:34,827 [7] BntWeb.Environment.DefaultBntWebShell - (null) - 成功加载模块内容标记:BntWeb-ContentMarkup [(null)]
2017-04-26 17:35:34,827 [7] BntWeb.Environment.DefaultBntWebShell - (null) - 成功加载模块评价管理:BntWeb-Evaluate [(null)]
2017-04-26 17:35:34,828 [7] BntWeb.Environment.DefaultBntWebShell - (null) - 成功加载模块反馈管理:BntWeb-Feedback [(null)]
2017-04-26 17:35:34,829 [7] BntWeb.Environment.DefaultBntWebShell - (null) - 成功加载模块会员基础:BntWeb-MemberBase [(null)]
2017-04-26 17:35:34,837 [7] BntWeb.Environment.DefaultBntWebShell - (null) - 成功加载模块会员管理:BntWeb-MemberCenter [(null)]
2017-04-26 17:35:34,838 [7] BntWeb.Environment.DefaultBntWebShell - (null) - 成功加载模块支付管理:BntWeb-PaymentProcess [(null)]
2017-04-26 17:35:34,839 [7] BntWeb.Environment.DefaultBntWebShell - (null) - 成功加载模块单页管理:BntWeb-SinglePage [(null)]
2017-04-26 17:35:34,839 [7] BntWeb.Environment.DefaultBntWebShell - (null) - 成功加载模块消息中心:BntWeb-SystemMessage [(null)]
2017-04-26 17:35:34,840 [7] BntWeb.Environment.DefaultBntWebShell - (null) - 成功加载模块标签管理:BntWeb-Tag [(null)]
2017-04-26 17:35:34,859 [7] BntWeb.Environment.DefaultBntWebShell - (null) - 成功加载模块钱包管理:BntWeb-Wallet [(null)]
2017-04-26 17:35:34,860 [7] BntWeb.Environment.DefaultBntWebShell - (null) - 加载17项IRouteProvider [(null)]
2017-04-26 17:35:34,861 [7] BntWeb.Environment.DefaultBntWebShell - (null) - 加载12项IHttpRouteProvider [(null)]
2017-04-26 17:35:35,095 [7] BntWeb.Mvc.Routes.RoutePublisher - (null) - 共加载159条路由 [(null)]
2017-04-26 17:35:35,412 [7] BntWeb.Environment.DefaultBntWebHost - (null) - Initialized [(null)]
2017-04-26 17:36:35,264 [8] BntWeb.Task.BackgroundService - (null) - 开始执行后台任务 "BntWeb.Wallet.Services.WalletTask" . [(null)]
2017-04-26 17:36:35,264 [10] BntWeb.Task.BackgroundService - (null) - 开始执行后台任务 "BntWeb.Core.SystemSettings.Services.ClearFilesTask" . [(null)]
2017-04-26 17:36:35,264 [11] BntWeb.Task.BackgroundService - (null) - 开始执行后台任务 "BntWeb.Activity.Services.ActivityOperateTask" . [(null)]
2017-04-26 17:36:35,264 [13] BntWeb.Task.BackgroundService - (null) - 开始执行后台任务 "BntWeb.Core.SystemSettings.Services.ClearLogsTask" . [(null)]
2017-04-26 17:36:35,317 [10] BntWeb.Task.BackgroundService - (null) - 后台任务执行完成 "BntWeb.Core.SystemSettings.Services.ClearFilesTask" . [(null)]
2017-04-26 17:36:35,608 [13] BntWeb.Task.BackgroundService - (null) - 后台任务执行完成 "BntWeb.Core.SystemSettings.Services.ClearLogsTask" . [(null)]
2017-04-26 17:36:35,710 [8] BntWeb.Task.BackgroundService - (null) - 后台任务执行完成 "BntWeb.Wallet.Services.WalletTask" . [(null)]
2017-04-26 17:37:35,186 [11] BntWeb.Task.BackgroundService - (null) - 开始执行后台任务 "BntWeb.Core.SystemSettings.Services.ClearFilesTask" . [(null)]
2017-04-26 17:37:35,186 [13] BntWeb.Task.BackgroundService - (null) - 开始执行后台任务 "BntWeb.Core.SystemSettings.Services.ClearLogsTask" . [(null)]
2017-04-26 17:37:35,186 [7] BntWeb.Task.BackgroundService - (null) - 开始执行后台任务 "BntWeb.Wallet.Services.WalletTask" . [(null)]
2017-04-26 17:37:35,186 [10] BntWeb.Task.BackgroundService - (null) - 开始执行后台任务 "BntWeb.Activity.Services.ActivityOperateTask" . [(null)]
2017-04-26 17:37:35,230 [13] BntWeb.Task.BackgroundService - (null) - 后台任务执行完成 "BntWeb.Core.SystemSettings.Services.ClearLogsTask" . [(null)]
2017-04-26 17:37:35,244 [11] BntWeb.Task.BackgroundService - (null) - 后台任务执行完成 "BntWeb.Core.SystemSettings.Services.ClearFilesTask" . [(null)]
2017-04-26 17:37:35,405 [7] BntWeb.Task.BackgroundService - (null) - 后台任务执行完成 "BntWeb.Wallet.Services.WalletTask" . [(null)]
2017-04-26 17:38:35,200 [7] BntWeb.Task.BackgroundService - (null) - 开始执行后台任务 "BntWeb.Core.SystemSettings.Services.ClearFilesTask" . [(null)]
2017-04-26 17:38:35,200 [17] BntWeb.Task.BackgroundService - (null) - 开始执行后台任务 "BntWeb.Activity.Services.ActivityOperateTask" . [(null)]
2017-04-26 17:38:35,200 [10] BntWeb.Task.BackgroundService - (null) - 开始执行后台任务 "BntWeb.Core.SystemSettings.Services.ClearLogsTask" . [(null)]
2017-04-26 17:38:35,201 [5] BntWeb.Task.BackgroundService - (null) - 开始执行后台任务 "BntWeb.Wallet.Services.WalletTask" . [(null)]
2017-04-26 17:38:35,229 [5] BntWeb.Task.BackgroundService - (null) - 后台任务执行完成 "BntWeb.Wallet.Services.WalletTask" . [(null)]
2017-04-26 17:38:35,231 [10] BntWeb.Task.BackgroundService - (null) - 后台任务执行完成 "BntWeb.Core.SystemSettings.Services.ClearLogsTask" . [(null)]
2017-04-26 17:38:35,270 [7] BntWeb.Task.BackgroundService - (null) - 后台任务执行完成 "BntWeb.Core.SystemSettings.Services.ClearFilesTask" . [(null)]
2017-04-26 17:39:35,200 [11] BntWeb.Task.BackgroundService - (null) - 开始执行后台任务 "BntWeb.Core.SystemSettings.Services.ClearFilesTask" . [(null)]
2017-04-26 17:39:35,200 [20] BntWeb.Task.BackgroundService - (null) - 开始执行后台任务 "BntWeb.Wallet.Services.WalletTask" . [(null)]
2017-04-26 17:39:35,200 [5] BntWeb.Task.BackgroundService - (null) - 开始执行后台任务 "BntWeb.Core.SystemSettings.Services.ClearLogsTask" . [(null)]
2017-04-26 17:39:35,200 [21] BntWeb.Task.BackgroundService - (null) - 开始执行后台任务 "BntWeb.Activity.Services.ActivityOperateTask" . [(null)]
2017-04-26 17:39:35,233 [20] BntWeb.Task.BackgroundService - (null) - 后台任务执行完成 "BntWeb.Wallet.Services.WalletTask" . [(null)]
2017-04-26 17:39:35,240 [5] BntWeb.Task.BackgroundService - (null) - 后台任务执行完成 "BntWeb.Core.SystemSettings.Services.ClearLogsTask" . [(null)]
2017-04-26 17:39:35,256 [11] BntWeb.Task.BackgroundService - (null) - 后台任务执行完成 "BntWeb.Core.SystemSettings.Services.ClearFilesTask" . [(null)]
2017-04-26 17:40:35,202 [17] BntWeb.Task.BackgroundService - (null) - 开始执行后台任务 "BntWeb.Wallet.Services.WalletTask" . [(null)]
2017-04-26 17:40:35,202 [11] BntWeb.Task.BackgroundService - (null) - 开始执行后台任务 "BntWeb.Core.SystemSettings.Services.ClearLogsTask" . [(null)]
2017-04-26 17:40:35,202 [21] BntWeb.Task.BackgroundService - (null) - 开始执行后台任务 "BntWeb.Activity.Services.ActivityOperateTask" . [(null)]
2017-04-26 17:40:35,202 [5] BntWeb.Task.BackgroundService - (null) - 开始执行后台任务 "BntWeb.Core.SystemSettings.Services.ClearFilesTask" . [(null)]
2017-04-26 17:40:35,236 [17] BntWeb.Task.BackgroundService - (null) - 后台任务执行完成 "BntWeb.Wallet.Services.WalletTask" . [(null)]
2017-04-26 17:40:35,239 [11] BntWeb.Task.BackgroundService - (null) - 后台任务执行完成 "BntWeb.Core.SystemSettings.Services.ClearLogsTask" . [(null)]
2017-04-26 17:40:35,263 [5] BntWeb.Task.BackgroundService - (null) - 后台任务执行完成 "BntWeb.Core.SystemSettings.Services.ClearFilesTask" . [(null)]
2017-04-26 17:41:35,202 [17] BntWeb.Task.BackgroundService - (null) - 开始执行后台任务 "BntWeb.Core.SystemSettings.Services.ClearLogsTask" . [(null)]
2017-04-26 17:41:35,202 [19] BntWeb.Task.BackgroundService - (null) - 开始执行后台任务 "BntWeb.Activity.Services.ActivityOperateTask" . [(null)]
2017-04-26 17:41:35,202 [11] BntWeb.Task.BackgroundService - (null) - 开始执行后台任务 "BntWeb.Wallet.Services.WalletTask" . [(null)]
2017-04-26 17:41:35,202 [24] BntWeb.Task.BackgroundService - (null) - 开始执行后台任务 "BntWeb.Core.SystemSettings.Services.ClearFilesTask" . [(null)]
2017-04-26 17:41:35,237 [17] BntWeb.Task.BackgroundService - (null) - 后台任务执行完成 "BntWeb.Core.SystemSettings.Services.ClearLogsTask" . [(null)]
2017-04-26 17:41:35,237 [11] BntWeb.Task.BackgroundService - (null) - 后台任务执行完成 "BntWeb.Wallet.Services.WalletTask" . [(null)]
2017-04-26 17:41:35,257 [24] BntWeb.Task.BackgroundService - (null) - 后台任务执行完成 "BntWeb.Core.SystemSettings.Services.ClearFilesTask" . [(null)]
2017-04-26 17:42:35,215 [24] BntWeb.Task.BackgroundService - (null) - 开始执行后台任务 "BntWeb.Activity.Services.ActivityOperateTask" . [(null)]
2017-04-26 17:42:35,215 [23] BntWeb.Task.BackgroundService - (null) - 开始执行后台任务 "BntWeb.Core.SystemSettings.Services.ClearFilesTask" . [(null)]
2017-04-26 17:42:35,215 [11] BntWeb.Task.BackgroundService - (null) - 开始执行后台任务 "BntWeb.Core.SystemSettings.Services.ClearLogsTask" . [(null)]
2017-04-26 17:42:35,215 [27] BntWeb.Task.BackgroundService - (null) - 开始执行后台任务 "BntWeb.Wallet.Services.WalletTask" . [(null)]
2017-04-26 17:42:35,253 [27] BntWeb.Task.BackgroundService - (null) - 后台任务执行完成 "BntWeb.Wallet.Services.WalletTask" . [(null)]
2017-04-26 17:42:35,547 [11] BntWeb.Task.BackgroundService - (null) - 后台任务执行完成 "BntWeb.Core.SystemSettings.Services.ClearLogsTask" . [(null)]
2017-04-26 17:42:35,565 [23] BntWeb.Task.BackgroundService - (null) - 后台任务执行完成 "BntWeb.Core.SystemSettings.Services.ClearFilesTask" . [(null)]
2017-04-26 17:43:35,215 [23] BntWeb.Task.BackgroundService - (null) - 开始执行后台任务 "BntWeb.Wallet.Services.WalletTask" . [(null)]
2017-04-26 17:43:35,215 [28] BntWeb.Task.BackgroundService - (null) - 开始执行后台任务 "BntWeb.Core.SystemSettings.Services.ClearFilesTask" . [(null)]
2017-04-26 17:43:35,215 [24] BntWeb.Task.BackgroundService - (null) - 开始执行后台任务 "BntWeb.Activity.Services.ActivityOperateTask" . [(null)]
2017-04-26 17:43:35,215 [27] BntWeb.Task.BackgroundService - (null) - 开始执行后台任务 "BntWeb.Core.SystemSettings.Services.ClearLogsTask" . [(null)]
2017-04-26 17:43:35,241 [23] BntWeb.Task.BackgroundService - (null) - 后台任务执行完成 "BntWeb.Wallet.Services.WalletTask" . [(null)]
2017-04-26 17:43:35,249 [27] BntWeb.Task.BackgroundService - (null) - 后台任务执行完成 "BntWeb.Core.SystemSettings.Services.ClearLogsTask" . [(null)]
2017-04-26 17:43:35,254 [28] BntWeb.Task.BackgroundService - (null) - 后台任务执行完成 "BntWeb.Core.SystemSettings.Services.ClearFilesTask" . [(null)]
2017-04-26 17:44:35,216 [23] BntWeb.Task.BackgroundService - (null) - 开始执行后台任务 "BntWeb.Core.SystemSettings.Services.ClearLogsTask" . [(null)]
2017-04-26 17:44:35,216 [27] BntWeb.Task.BackgroundService - (null) - 开始执行后台任务 "BntWeb.Activity.Services.ActivityOperateTask" . [(null)]
2017-04-26 17:44:35,216 [11] BntWeb.Task.BackgroundService - (null) - 开始执行后台任务 "BntWeb.Wallet.Services.WalletTask" . [(null)]
2017-04-26 17:44:35,216 [28] BntWeb.Task.BackgroundService - (null) - 开始执行后台任务 "BntWeb.Core.SystemSettings.Services.ClearFilesTask" . [(null)]
2017-04-26 17:44:35,243 [23] BntWeb.Task.BackgroundService - (null) - 后台任务执行完成 "BntWeb.Core.SystemSettings.Services.ClearLogsTask" . [(null)]
2017-04-26 17:44:35,245 [11] BntWeb.Task.BackgroundService - (null) - 后台任务执行完成 "BntWeb.Wallet.Services.WalletTask" . [(null)]
2017-04-26 17:44:35,262 [28] BntWeb.Task.BackgroundService - (null) - 后台任务执行完成 "BntWeb.Core.SystemSettings.Services.ClearFilesTask" . [(null)]
2017-04-26 17:45:35,216 [28] BntWeb.Task.BackgroundService - (null) - 开始执行后台任务 "BntWeb.Wallet.Services.WalletTask" . [(null)]
2017-04-26 17:45:35,216 [30] BntWeb.Task.BackgroundService - (null) - 开始执行后台任务 "BntWeb.Core.SystemSettings.Services.ClearLogsTask" . [(null)]
2017-04-26 17:45:35,216 [31] BntWeb.Task.BackgroundService - (null) - 开始执行后台任务 "BntWeb.Activity.Services.ActivityOperateTask" . [(null)]
2017-04-26 17:45:35,216 [33] BntWeb.Task.BackgroundService - (null) - 开始执行后台任务 "BntWeb.Core.SystemSettings.Services.ClearFilesTask" . [(null)]
2017-04-26 17:45:35,247 [28] BntWeb.Task.BackgroundService - (null) - 后台任务执行完成 "BntWeb.Wallet.Services.WalletTask" . [(null)]
2017-04-26 17:45:35,249 [30] BntWeb.Task.BackgroundService - (null) - 后台任务执行完成 "BntWeb.Core.SystemSettings.Services.ClearLogsTask" . [(null)]
2017-04-26 17:45:35,267 [33] BntWeb.Task.BackgroundService - (null) - 后台任务执行完成 "BntWeb.Core.SystemSettings.Services.ClearFilesTask" . [(null)]
2017-04-26 17:46:35,216 [28] BntWeb.Task.BackgroundService - (null) - 开始执行后台任务 "BntWeb.Core.SystemSettings.Services.ClearFilesTask" . [(null)]
2017-04-26 17:46:35,216 [23] BntWeb.Task.BackgroundService - (null) - 开始执行后台任务 "BntWeb.Core.SystemSettings.Services.ClearLogsTask" . [(null)]
2017-04-26 17:46:35,216 [19] BntWeb.Task.BackgroundService - (null) - 开始执行后台任务 "BntWeb.Wallet.Services.WalletTask" . [(null)]
2017-04-26 17:46:35,216 [24] BntWeb.Task.BackgroundService - (null) - 开始执行后台任务 "BntWeb.Activity.Services.ActivityOperateTask" . [(null)]
2017-04-26 17:46:35,256 [19] BntWeb.Task.BackgroundService - (null) - 后台任务执行完成 "BntWeb.Wallet.Services.WalletTask" . [(null)]
2017-04-26 17:46:35,256 [23] BntWeb.Task.BackgroundService - (null) - 后台任务执行完成 "BntWeb.Core.SystemSettings.Services.ClearLogsTask" . [(null)]
2017-04-26 17:46:35,274 [28] BntWeb.Task.BackgroundService - (null) - 后台任务执行完成 "BntWeb.Core.SystemSettings.Services.ClearFilesTask" . [(null)]
2017-04-26 17:47:35,217 [28] BntWeb.Task.BackgroundService - (null) - 开始执行后台任务 "BntWeb.Wallet.Services.WalletTask" . [(null)]
2017-04-26 17:47:35,217 [35] BntWeb.Task.BackgroundService - (null) - 开始执行后台任务 "BntWeb.Activity.Services.ActivityOperateTask" . [(null)]
2017-04-26 17:47:35,217 [22] BntWeb.Task.BackgroundService - (null) - 开始执行后台任务 "BntWeb.Core.SystemSettings.Services.ClearLogsTask" . [(null)]
2017-04-26 17:47:35,217 [24] BntWeb.Task.BackgroundService - (null) - 开始执行后台任务 "BntWeb.Core.SystemSettings.Services.ClearFilesTask" . [(null)]
2017-04-26 17:47:35,254 [28] BntWeb.Task.BackgroundService - (null) - 后台任务执行完成 "BntWeb.Wallet.Services.WalletTask" . [(null)]
2017-04-26 17:47:35,254 [22] BntWeb.Task.BackgroundService - (null) - 后台任务执行完成 "BntWeb.Core.SystemSettings.Services.ClearLogsTask" . [(null)]
2017-04-26 17:47:35,268 [24] BntWeb.Task.BackgroundService - (null) - 后台任务执行完成 "BntWeb.Core.SystemSettings.Services.ClearFilesTask" . [(null)]
2017-04-26 17:48:35,230 [35] BntWeb.Task.BackgroundService - (null) - 开始执行后台任务 "BntWeb.Wallet.Services.WalletTask" . [(null)]
2017-04-26 17:48:35,230 [25] BntWeb.Task.BackgroundService - (null) - 开始执行后台任务 "BntWeb.Activity.Services.ActivityOperateTask" . [(null)]
2017-04-26 17:48:35,230 [28] BntWeb.Task.BackgroundService - (null) - 开始执行后台任务 "BntWeb.Core.SystemSettings.Services.ClearLogsTask" . [(null)]
2017-04-26 17:48:35,230 [24] BntWeb.Task.BackgroundService - (null) - 开始执行后台任务 "BntWeb.Core.SystemSettings.Services.ClearFilesTask" . [(null)]
2017-04-26 17:48:35,259 [35] BntWeb.Task.BackgroundService - (null) - 后台任务执行完成 "BntWeb.Wallet.Services.WalletTask" . [(null)]
2017-04-26 17:48:35,259 [28] BntWeb.Task.BackgroundService - (null) - 后台任务执行完成 "BntWeb.Core.SystemSettings.Services.ClearLogsTask" . [(null)]
2017-04-26 17:48:35,276 [24] BntWeb.Task.BackgroundService - (null) - 后台任务执行完成 "BntWeb.Core.SystemSettings.Services.ClearFilesTask" . [(null)]
2017-04-26 17:49:35,230 [22] BntWeb.Task.BackgroundService - (null) - 开始执行后台任务 "BntWeb.Wallet.Services.WalletTask" . [(null)]
2017-04-26 17:49:35,230 [21] BntWeb.Task.BackgroundService - (null) - 开始执行后台任务 "BntWeb.Core.SystemSettings.Services.ClearFilesTask" . [(null)]
2017-04-26 17:49:35,230 [32] BntWeb.Task.BackgroundService - (null) - 开始执行后台任务 "BntWeb.Core.SystemSettings.Services.ClearLogsTask" . [(null)]
2017-04-26 17:49:35,230 [28] BntWeb.Task.BackgroundService - (null) - 开始执行后台任务 "BntWeb.Activity.Services.ActivityOperateTask" . [(null)]
2017-04-26 17:49:35,259 [22] BntWeb.Task.BackgroundService - (null) - 后台任务执行完成 "BntWeb.Wallet.Services.WalletTask" . [(null)]
2017-04-26 17:49:35,259 [32] BntWeb.Task.BackgroundService - (null) - 后台任务执行完成 "BntWeb.Core.SystemSettings.Services.ClearLogsTask" . [(null)]
2017-04-26 17:49:35,274 [21] BntWeb.Task.BackgroundService - (null) - 后台任务执行完成 "BntWeb.Core.SystemSettings.Services.ClearFilesTask" . [(null)]
2017-04-26 17:50:35,231 [28] BntWeb.Task.BackgroundService - (null) - 开始执行后台任务 "BntWeb.Core.SystemSettings.Services.ClearFilesTask" . [(null)]
2017-04-26 17:50:35,231 [26] BntWeb.Task.BackgroundService - (null) - 开始执行后台任务 "BntWeb.Activity.Services.ActivityOperateTask" . [(null)]
2017-04-26 17:50:35,231 [32] BntWeb.Task.BackgroundService - (null) - 开始执行后台任务 "BntWeb.Wallet.Services.WalletTask" . [(null)]
2017-04-26 17:50:35,231 [31] BntWeb.Task.BackgroundService - (null) - 开始执行后台任务 "BntWeb.Core.SystemSettings.Services.ClearLogsTask" . [(null)]
2017-04-26 17:50:35,281 [32] BntWeb.Task.BackgroundService - (null) - 后台任务执行完成 "BntWeb.Wallet.Services.WalletTask" . [(null)]
2017-04-26 17:50:35,283 [31] BntWeb.Task.BackgroundService - (null) - 后台任务执行完成 "BntWeb.Core.SystemSettings.Services.ClearLogsTask" . [(null)]
2017-04-26 17:50:35,596 [28] BntWeb.Task.BackgroundService - (null) - 后台任务执行完成 "BntWeb.Core.SystemSettings.Services.ClearFilesTask" . [(null)]
2017-04-26 17:51:35,232 [28] BntWeb.Task.BackgroundService - (null) - 开始执行后台任务 "BntWeb.Wallet.Services.WalletTask" . [(null)]
2017-04-26 17:51:35,232 [34] BntWeb.Task.BackgroundService - (null) - 开始执行后台任务 "BntWeb.Activity.Services.ActivityOperateTask" . [(null)]
2017-04-26 17:51:35,232 [31] BntWeb.Task.BackgroundService - (null) - 开始执行后台任务 "BntWeb.Core.SystemSettings.Services.ClearFilesTask" . [(null)]
2017-04-26 17:51:35,232 [21] BntWeb.Task.BackgroundService - (null) - 开始执行后台任务 "BntWeb.Core.SystemSettings.Services.ClearLogsTask" . [(null)]
2017-04-26 17:51:35,260 [28] BntWeb.Task.BackgroundService - (null) - 后台任务执行完成 "BntWeb.Wallet.Services.WalletTask" . [(null)]
2017-04-26 17:51:35,263 [21] BntWeb.Task.BackgroundService - (null) - 后台任务执行完成 "BntWeb.Core.SystemSettings.Services.ClearLogsTask" . [(null)]
2017-04-26 17:51:35,277 [31] BntWeb.Task.BackgroundService - (null) - 后台任务执行完成 "BntWeb.Core.SystemSettings.Services.ClearFilesTask" . [(null)]
2017-04-26 17:52:35,232 [28] BntWeb.Task.BackgroundService - (null) - 开始执行后台任务 "BntWeb.Wallet.Services.WalletTask" . [(null)]
2017-04-26 17:52:35,232 [12] BntWeb.Task.BackgroundService - (null) - 开始执行后台任务 "BntWeb.Core.SystemSettings.Services.ClearFilesTask" . [(null)]
2017-04-26 17:52:35,232 [29] BntWeb.Task.BackgroundService - (null) - 开始执行后台任务 "BntWeb.Core.SystemSettings.Services.ClearLogsTask" . [(null)]
2017-04-26 17:52:35,232 [23] BntWeb.Task.BackgroundService - (null) - 开始执行后台任务 "BntWeb.Activity.Services.ActivityOperateTask" . [(null)]
2017-04-26 17:52:35,272 [28] BntWeb.Task.BackgroundService - (null) - 后台任务执行完成 "BntWeb.Wallet.Services.WalletTask" . [(null)]
2017-04-26 17:52:35,273 [29] BntWeb.Task.BackgroundService - (null) - 后台任务执行完成 "BntWeb.Core.SystemSettings.Services.ClearLogsTask" . [(null)]
2017-04-26 17:52:35,292 [12] BntWeb.Task.BackgroundService - (null) - 后台任务执行完成 "BntWeb.Core.SystemSettings.Services.ClearFilesTask" . [(null)]
2017-04-26 17:53:35,246 [12] BntWeb.Task.BackgroundService - (null) - 开始执行后台任务 "BntWeb.Core.SystemSettings.Services.ClearFilesTask" . [(null)]
2017-04-26 17:53:35,246 [23] BntWeb.Task.BackgroundService - (null) - 开始执行后台任务 "BntWeb.Activity.Services.ActivityOperateTask" . [(null)]
2017-04-26 17:53:35,246 [26] BntWeb.Task.BackgroundService - (null) - 开始执行后台任务 "BntWeb.Wallet.Services.WalletTask" . [(null)]
2017-04-26 17:53:35,246 [29] BntWeb.Task.BackgroundService - (null) - 开始执行后台任务 "BntWeb.Core.SystemSettings.Services.ClearLogsTask" . [(null)]
2017-04-26 17:53:35,272 [26] BntWeb.Task.BackgroundService - (null) - 后台任务执行完成 "BntWeb.Wallet.Services.WalletTask" . [(null)]
2017-04-26 17:53:35,274 [29] BntWeb.Task.BackgroundService - (null) - 后台任务执行完成 "BntWeb.Core.SystemSettings.Services.ClearLogsTask" . [(null)]
2017-04-26 17:53:35,293 [12] BntWeb.Task.BackgroundService - (null) - 后台任务执行完成 "BntWeb.Core.SystemSettings.Services.ClearFilesTask" . [(null)]
2017-04-26 17:54:35,247 [12] BntWeb.Task.BackgroundService - (null) - 开始执行后台任务 "BntWeb.Core.SystemSettings.Services.ClearLogsTask" . [(null)]
2017-04-26 17:54:35,248 [23] BntWeb.Task.BackgroundService - (null) - 开始执行后台任务 "BntWeb.Core.SystemSettings.Services.ClearFilesTask" . [(null)]
2017-04-26 17:54:35,247 [29] BntWeb.Task.BackgroundService - (null) - 开始执行后台任务 "BntWeb.Wallet.Services.WalletTask" . [(null)]
2017-04-26 17:54:35,247 [21] BntWeb.Task.BackgroundService - (null) - 开始执行后台任务 "BntWeb.Activity.Services.ActivityOperateTask" . [(null)]
2017-04-26 17:54:35,293 [29] BntWeb.Task.BackgroundService - (null) - 后台任务执行完成 "BntWeb.Wallet.Services.WalletTask" . [(null)]
2017-04-26 17:54:35,295 [12] BntWeb.Task.BackgroundService - (null) - 后台任务执行完成 "BntWeb.Core.SystemSettings.Services.ClearLogsTask" . [(null)]
2017-04-26 17:54:35,307 [23] BntWeb.Task.BackgroundService - (null) - 后台任务执行完成 "BntWeb.Core.SystemSettings.Services.ClearFilesTask" . [(null)]
2017-04-26 17:55:35,253 [5] BntWeb.Task.BackgroundService - (null) - 开始执行后台任务 "BntWeb.Core.SystemSettings.Services.ClearFilesTask" . [(null)]
2017-04-26 17:55:35,254 [21] BntWeb.Task.BackgroundService - (null) - 开始执行后台任务 "BntWeb.Core.SystemSettings.Services.ClearLogsTask" . [(null)]
2017-04-26 17:55:35,255 [13] BntWeb.Task.BackgroundService - (null) - 开始执行后台任务 "BntWeb.Wallet.Services.WalletTask" . [(null)]
2017-04-26 17:55:35,255 [23] BntWeb.Task.BackgroundService - (null) - 开始执行后台任务 "BntWeb.Activity.Services.ActivityOperateTask" . [(null)]
2017-04-26 17:55:35,289 [13] BntWeb.Task.BackgroundService - (null) - 后台任务执行完成 "BntWeb.Wallet.Services.WalletTask" . [(null)]
2017-04-26 17:55:35,290 [21] BntWeb.Task.BackgroundService - (null) - 后台任务执行完成 "BntWeb.Core.SystemSettings.Services.ClearLogsTask" . [(null)]
2017-04-26 17:55:35,319 [5] BntWeb.Task.BackgroundService - (null) - 后台任务执行完成 "BntWeb.Core.SystemSettings.Services.ClearFilesTask" . [(null)]
2017-04-26 17:56:35,266 [23] BntWeb.Task.BackgroundService - (null) - 开始执行后台任务 "BntWeb.Activity.Services.ActivityOperateTask" . [(null)]
2017-04-26 17:56:35,266 [5] BntWeb.Task.BackgroundService - (null) - 开始执行后台任务 "BntWeb.Wallet.Services.WalletTask" . [(null)]
2017-04-26 17:56:35,266 [21] BntWeb.Task.BackgroundService - (null) - 开始执行后台任务 "BntWeb.Core.SystemSettings.Services.ClearFilesTask" . [(null)]
2017-04-26 17:56:35,266 [20] BntWeb.Task.BackgroundService - (null) - 开始执行后台任务 "BntWeb.Core.SystemSettings.Services.ClearLogsTask" . [(null)]
2017-04-26 17:56:35,292 [5] BntWeb.Task.BackgroundService - (null) - 后台任务执行完成 "BntWeb.Wallet.Services.WalletTask" . [(null)]
2017-04-26 17:56:35,295 [20] BntWeb.Task.BackgroundService - (null) - 后台任务执行完成 "BntWeb.Core.SystemSettings.Services.ClearLogsTask" . [(null)]
2017-04-26 17:56:35,312 [21] BntWeb.Task.BackgroundService - (null) - 后台任务执行完成 "BntWeb.Core.SystemSettings.Services.ClearFilesTask" . [(null)]
2017-04-26 17:57:35,266 [20] BntWeb.Task.BackgroundService - (null) - 开始执行后台任务 "BntWeb.Core.SystemSettings.Services.ClearFilesTask" . [(null)]
2017-04-26 17:57:35,266 [12] BntWeb.Task.BackgroundService - (null) - 开始执行后台任务 "BntWeb.Core.SystemSettings.Services.ClearLogsTask" . [(null)]
2017-04-26 17:57:35,266 [19] BntWeb.Task.BackgroundService - (null) - 开始执行后台任务 "BntWeb.Activity.Services.ActivityOperateTask" . [(null)]
2017-04-26 17:57:35,266 [5] BntWeb.Task.BackgroundService - (null) - 开始执行后台任务 "BntWeb.Wallet.Services.WalletTask" . [(null)]
2017-04-26 17:57:35,295 [5] BntWeb.Task.BackgroundService - (null) - 后台任务执行完成 "BntWeb.Wallet.Services.WalletTask" . [(null)]
2017-04-26 17:57:35,299 [12] BntWeb.Task.BackgroundService - (null) - 后台任务执行完成 "BntWeb.Core.SystemSettings.Services.ClearLogsTask" . [(null)]
2017-04-26 17:57:35,316 [20] BntWeb.Task.BackgroundService - (null) - 后台任务执行完成 "BntWeb.Core.SystemSettings.Services.ClearFilesTask" . [(null)]
2017-04-26 17:58:35,279 [21] BntWeb.Task.BackgroundService - (null) - 开始执行后台任务 "BntWeb.Core.SystemSettings.Services.ClearLogsTask" . [(null)]
2017-04-26 17:58:35,279 [30] BntWeb.Task.BackgroundService - (null) - 开始执行后台任务 "BntWeb.Activity.Services.ActivityOperateTask" . [(null)]
2017-04-26 17:58:35,279 [12] BntWeb.Task.BackgroundService - (null) - 开始执行后台任务 "BntWeb.Wallet.Services.WalletTask" . [(null)]
2017-04-26 17:58:35,279 [19] BntWeb.Task.BackgroundService - (null) - 开始执行后台任务 "BntWeb.Core.SystemSettings.Services.ClearFilesTask" . [(null)]
2017-04-26 17:58:35,307 [21] BntWeb.Task.BackgroundService - (null) - 后台任务执行完成 "BntWeb.Core.SystemSettings.Services.ClearLogsTask" . [(null)]
2017-04-26 17:58:35,310 [12] BntWeb.Task.BackgroundService - (null) - 后台任务执行完成 "BntWeb.Wallet.Services.WalletTask" . [(null)]
2017-04-26 17:58:35,328 [19] BntWeb.Task.BackgroundService - (null) - 后台任务执行完成 "BntWeb.Core.SystemSettings.Services.ClearFilesTask" . [(null)]
2017-04-26 17:59:35,280 [21] BntWeb.Task.BackgroundService - (null) - 开始执行后台任务 "BntWeb.Core.SystemSettings.Services.ClearFilesTask" . [(null)]
2017-04-26 17:59:35,280 [20] BntWeb.Task.BackgroundService - (null) - 开始执行后台任务 "BntWeb.Core.SystemSettings.Services.ClearLogsTask" . [(null)]
2017-04-26 17:59:35,280 [30] BntWeb.Task.BackgroundService - (null) - 开始执行后台任务 "BntWeb.Activity.Services.ActivityOperateTask" . [(null)]
2017-04-26 17:59:35,280 [23] BntWeb.Task.BackgroundService - (null) - 开始执行后台任务 "BntWeb.Wallet.Services.WalletTask" . [(null)]
2017-04-26 17:59:35,321 [23] BntWeb.Task.BackgroundService - (null) - 后台任务执行完成 "BntWeb.Wallet.Services.WalletTask" . [(null)]
2017-04-26 17:59:35,327 [20] BntWeb.Task.BackgroundService - (null) - 后台任务执行完成 "BntWeb.Core.SystemSettings.Services.ClearLogsTask" . [(null)]
2017-04-26 17:59:35,346 [21] BntWeb.Task.BackgroundService - (null) - 后台任务执行完成 "BntWeb.Core.SystemSettings.Services.ClearFilesTask" . [(null)]
2017-04-26 18:00:35,280 [20] BntWeb.Task.BackgroundService - (null) - 开始执行后台任务 "BntWeb.Wallet.Services.WalletTask" . [(null)]
2017-04-26 18:00:35,280 [31] BntWeb.Task.BackgroundService - (null) - 开始执行后台任务 "BntWeb.Core.SystemSettings.Services.ClearFilesTask" . [(null)]
2017-04-26 18:00:35,280 [26] BntWeb.Task.BackgroundService - (null) - 开始执行后台任务 "BntWeb.Core.SystemSettings.Services.ClearLogsTask" . [(null)]
2017-04-26 18:00:35,280 [23] BntWeb.Task.BackgroundService - (null) - 开始执行后台任务 "BntWeb.Activity.Services.ActivityOperateTask" . [(null)]
2017-04-26 18:00:35,312 [20] BntWeb.Task.BackgroundService - (null) - 后台任务执行完成 "BntWeb.Wallet.Services.WalletTask" . [(null)]
2017-04-26 18:00:35,313 [26] BntWeb.Task.BackgroundService - (null) - 后台任务执行完成 "BntWeb.Core.SystemSettings.Services.ClearLogsTask" . [(null)]
2017-04-26 18:00:35,331 [31] BntWeb.Task.BackgroundService - (null) - 后台任务执行完成 "BntWeb.Core.SystemSettings.Services.ClearFilesTask" . [(null)]
2017-04-26 18:01:35,281 [18] BntWeb.Task.BackgroundService - (null) - 开始执行后台任务 "BntWeb.Activity.Services.ActivityOperateTask" . [(null)]
2017-04-26 18:01:35,281 [11] BntWeb.Task.BackgroundService - (null) - 开始执行后台任务 "BntWeb.Core.SystemSettings.Services.ClearLogsTask" . [(null)]
2017-04-26 18:01:35,281 [30] BntWeb.Task.BackgroundService - (null) - 开始执行后台任务 "BntWeb.Core.SystemSettings.Services.ClearFilesTask" . [(null)]
2017-04-26 18:01:35,281 [31] BntWeb.Task.BackgroundService - (null) - 开始执行后台任务 "BntWeb.Wallet.Services.WalletTask" . [(null)]
2017-04-26 18:01:35,325 [11] BntWeb.Task.BackgroundService - (null) - 后台任务执行完成 "BntWeb.Core.SystemSettings.Services.ClearLogsTask" . [(null)]
2017-04-26 18:01:35,344 [30] BntWeb.Task.BackgroundService - (null) - 后台任务执行完成 "BntWeb.Core.SystemSettings.Services.ClearFilesTask" . [(null)]
2017-04-26 18:01:35,617 [31] BntWeb.Task.BackgroundService - (null) - 后台任务执行完成 "BntWeb.Wallet.Services.WalletTask" . [(null)]
2017-04-26 18:02:35,288 [27] BntWeb.Task.BackgroundService - (null) - 开始执行后台任务 "BntWeb.Core.SystemSettings.Services.ClearFilesTask" . [(null)]
2017-04-26 18:02:35,289 [22] BntWeb.Task.BackgroundService - (null) - 开始执行后台任务 "BntWeb.Core.SystemSettings.Services.ClearLogsTask" . [(null)]
2017-04-26 18:02:35,290 [30] BntWeb.Task.BackgroundService - (null) - 开始执行后台任务 "BntWeb.Activity.Services.ActivityOperateTask" . [(null)]
2017-04-26 18:02:35,291 [31] BntWeb.Task.BackgroundService - (null) - 开始执行后台任务 "BntWeb.Wallet.Services.WalletTask" . [(null)]
2017-04-26 18:02:35,330 [31] BntWeb.Task.BackgroundService - (null) - 后台任务执行完成 "BntWeb.Wallet.Services.WalletTask" . [(null)]
2017-04-26 18:02:35,331 [22] BntWeb.Task.BackgroundService - (null) - 后台任务执行完成 "BntWeb.Core.SystemSettings.Services.ClearLogsTask" . [(null)]
2017-04-26 18:02:35,343 [27] BntWeb.Task.BackgroundService - (null) - 后台任务执行完成 "BntWeb.Core.SystemSettings.Services.ClearFilesTask" . [(null)]
2017-04-26 18:03:35,297 [22] BntWeb.Task.BackgroundService - (null) - 开始执行后台任务 "BntWeb.Core.SystemSettings.Services.ClearFilesTask" . [(null)]
2017-04-26 18:03:35,297 [31] BntWeb.Task.BackgroundService - (null) - 开始执行后台任务 "BntWeb.Core.SystemSettings.Services.ClearLogsTask" . [(null)]
2017-04-26 18:03:35,297 [25] BntWeb.Task.BackgroundService - (null) - 开始执行后台任务 "BntWeb.Wallet.Services.WalletTask" . [(null)]
2017-04-26 18:03:35,298 [11] BntWeb.Task.BackgroundService - (null) - 开始执行后台任务 "BntWeb.Activity.Services.ActivityOperateTask" . [(null)]
2017-04-26 18:03:35,342 [25] BntWeb.Task.BackgroundService - (null) - 后台任务执行完成 "BntWeb.Wallet.Services.WalletTask" . [(null)]
2017-04-26 18:03:35,343 [31] BntWeb.Task.BackgroundService - (null) - 后台任务执行完成 "BntWeb.Core.SystemSettings.Services.ClearLogsTask" . [(null)]
2017-04-26 18:03:35,360 [22] BntWeb.Task.BackgroundService - (null) - 后台任务执行完成 "BntWeb.Core.SystemSettings.Services.ClearFilesTask" . [(null)]
2017-04-26 18:04:35,298 [27] BntWeb.Task.BackgroundService - (null) - 开始执行后台任务 "BntWeb.Core.SystemSettings.Services.ClearFilesTask" . [(null)]
2017-04-26 18:04:35,298 [11] BntWeb.Task.BackgroundService - (null) - 开始执行后台任务 "BntWeb.Wallet.Services.WalletTask" . [(null)]
2017-04-26 18:04:35,298 [31] BntWeb.Task.BackgroundService - (null) - 开始执行后台任务 "BntWeb.Core.SystemSettings.Services.ClearLogsTask" . [(null)]
2017-04-26 18:04:35,298 [25] BntWeb.Task.BackgroundService - (null) - 开始执行后台任务 "BntWeb.Activity.Services.ActivityOperateTask" . [(null)]
2017-04-26 18:04:35,328 [11] BntWeb.Task.BackgroundService - (null) - 后台任务执行完成 "BntWeb.Wallet.Services.WalletTask" . [(null)]
2017-04-26 18:04:35,330 [31] BntWeb.Task.BackgroundService - (null) - 后台任务执行完成 "BntWeb.Core.SystemSettings.Services.ClearLogsTask" . [(null)]
2017-04-26 18:04:35,349 [27] BntWeb.Task.BackgroundService - (null) - 后台任务执行完成 "BntWeb.Core.SystemSettings.Services.ClearFilesTask" . [(null)]
2017-04-26 18:05:35,310 [25] BntWeb.Task.BackgroundService - (null) - 开始执行后台任务 "BntWeb.Core.SystemSettings.Services.ClearFilesTask" . [(null)]
2017-04-26 18:05:35,310 [32] BntWeb.Task.BackgroundService - (null) - 开始执行后台任务 "BntWeb.Wallet.Services.WalletTask" . [(null)]
2017-04-26 18:05:35,310 [33] BntWeb.Task.BackgroundService - (null) - 开始执行后台任务 "BntWeb.Core.SystemSettings.Services.ClearLogsTask" . [(null)]
2017-04-26 18:05:35,310 [8] BntWeb.Task.BackgroundService - (null) - 开始执行后台任务 "BntWeb.Activity.Services.ActivityOperateTask" . [(null)]
2017-04-26 18:05:35,534 [32] BntWeb.Task.BackgroundService - (null) - 后台任务执行完成 "BntWeb.Wallet.Services.WalletTask" . [(null)]
2017-04-26 18:05:35,539 [33] BntWeb.Task.BackgroundService - (null) - 后台任务执行完成 "BntWeb.Core.SystemSettings.Services.ClearLogsTask" . [(null)]
2017-04-26 18:05:35,601 [25] BntWeb.Task.BackgroundService - (null) - 后台任务执行完成 "BntWeb.Core.SystemSettings.Services.ClearFilesTask" . [(null)]
2017-04-26 18:06:35,326 [33] BntWeb.Task.BackgroundService - (null) - 开始执行后台任务 "BntWeb.Wallet.Services.WalletTask" . [(null)]
2017-04-26 18:06:35,326 [32] BntWeb.Task.BackgroundService - (null) - 开始执行后台任务 "BntWeb.Core.SystemSettings.Services.ClearLogsTask" . [(null)]
2017-04-26 18:06:35,326 [27] BntWeb.Task.BackgroundService - (null) - 开始执行后台任务 "BntWeb.Core.SystemSettings.Services.ClearFilesTask" . [(null)]
2017-04-26 18:06:35,326 [25] BntWeb.Task.BackgroundService - (null) - 开始执行后台任务 "BntWeb.Activity.Services.ActivityOperateTask" . [(null)]
2017-04-26 18:06:35,352 [33] BntWeb.Task.BackgroundService - (null) - 后台任务执行完成 "BntWeb.Wallet.Services.WalletTask" . [(null)]
2017-04-26 18:06:35,352 [32] BntWeb.Task.BackgroundService - (null) - 后台任务执行完成 "BntWeb.Core.SystemSettings.Services.ClearLogsTask" . [(null)]
2017-04-26 18:06:35,373 [27] BntWeb.Task.BackgroundService - (null) - 后台任务执行完成 "BntWeb.Core.SystemSettings.Services.ClearFilesTask" . [(null)]
2017-04-26 18:07:35,326 [27] BntWeb.Task.BackgroundService - (null) - 开始执行后台任务 "BntWeb.Core.SystemSettings.Services.ClearLogsTask" . [(null)]
2017-04-26 18:07:35,326 [8] BntWeb.Task.BackgroundService - (null) - 开始执行后台任务 "BntWeb.Wallet.Services.WalletTask" . [(null)]
2017-04-26 18:07:35,326 [11] BntWeb.Task.BackgroundService - (null) - 开始执行后台任务 "BntWeb.Core.SystemSettings.Services.ClearFilesTask" . [(null)]
2017-04-26 18:07:35,326 [33] BntWeb.Task.BackgroundService - (null) - 开始执行后台任务 "BntWeb.Activity.Services.ActivityOperateTask" . [(null)]
2017-04-26 18:07:35,353 [8] BntWeb.Task.BackgroundService - (null) - 后台任务执行完成 "BntWeb.Wallet.Services.WalletTask" . [(null)]
2017-04-26 18:07:35,354 [27] BntWeb.Task.BackgroundService - (null) - 后台任务执行完成 "BntWeb.Core.SystemSettings.Services.ClearLogsTask" . [(null)]
2017-04-26 18:07:35,369 [11] BntWeb.Task.BackgroundService - (null) - 后台任务执行完成 "BntWeb.Core.SystemSettings.Services.ClearFilesTask" . [(null)]
2017-04-26 18:08:35,326 [34] BntWeb.Task.BackgroundService - (null) - 开始执行后台任务 "BntWeb.Core.SystemSettings.Services.ClearFilesTask" . [(null)]
2017-04-26 18:08:35,326 [35] BntWeb.Task.BackgroundService - (null) - 开始执行后台任务 "BntWeb.Core.SystemSettings.Services.ClearLogsTask" . [(null)]
2017-04-26 18:08:35,327 [33] BntWeb.Task.BackgroundService - (null) - 开始执行后台任务 "BntWeb.Wallet.Services.WalletTask" . [(null)]
2017-04-26 18:08:35,326 [27] BntWeb.Task.BackgroundService - (null) - 开始执行后台任务 "BntWeb.Activity.Services.ActivityOperateTask" . [(null)]
2017-04-26 18:08:35,355 [33] BntWeb.Task.BackgroundService - (null) - 后台任务执行完成 "BntWeb.Wallet.Services.WalletTask" . [(null)]
2017-04-26 18:08:35,360 [35] BntWeb.Task.BackgroundService - (null) - 后台任务执行完成 "BntWeb.Core.SystemSettings.Services.ClearLogsTask" . [(null)]
2017-04-26 18:08:35,380 [34] BntWeb.Task.BackgroundService - (null) - 后台任务执行完成 "BntWeb.Core.SystemSettings.Services.ClearFilesTask" . [(null)]
